#
# There is insufficient memory for the Java Runtime Environment to continue.
# Native memory allocation (mmap) failed to map 500170752 bytes for Failed to commit area from 0x0000000093600000 to 0x00000000b1300000 of length 500170752.
# Possible reasons:
#   The system is out of physical RAM or swap space
#   The process is running with CompressedOops enabled, and the Java Heap may be blocking the growth of the native heap
# Possible solutions:
#   Reduce memory load on the system
#   Increase physical memory or swap space
#   Check if swap backing store is full
#   Decrease Java heap size (-Xmx/-Xms)
#   Decrease number of Java threads
#   Decrease Java thread stack sizes (-Xss)
#   Set larger code cache with -XX:ReservedCodeCacheSize=
#   JVM is running with Unscaled Compressed Oops mode in which the Java heap is
#     placed in the first 4GB address space. The Java Heap base address is the
#     maximum limit for the native heap growth. Please use -XX:HeapBaseMinAddress
#     to set the Java Heap base and to place the Java Heap above 4GB virtual address.
# This output file may be truncated or incomplete.
#
#  Out of Memory Error (./src/hotspot/os/windows/os_windows.cpp:3301), pid=10780, tid=4916
#
# JRE version: OpenJDK Runtime Environment (11.0.10) (build 11.0.10+0-b96-7249189)
# Java VM: OpenJDK 64-Bit Server VM (11.0.10+0-b96-7249189, mixed mode, tiered, compressed oops, g1 gc, windows-amd64)
# No core dump will be written. Minidumps are not enabled by default on client versions of Windows
#

---------------  S U M M A R Y ------------

Command Line: --add-opens=java.base/java.util=ALL-UNNAMED --add-opens=java.base/java.lang=ALL-UNNAMED --add-opens=java.base/java.lang.invoke=ALL-UNNAMED --add-opens=java.base/java.util=ALL-UNNAMED --add-opens=java.prefs/java.util.prefs=ALL-UNNAMED --add-opens=java.prefs/java.util.prefs=ALL-UNNAMED --add-opens=java.base/java.nio.charset=ALL-UNNAMED --add-opens=java.base/java.net=ALL-UNNAMED --add-opens=java.base/java.util.concurrent.atomic=ALL-UNNAMED -Xmx2048m -Dfile.encoding=UTF-8 -Duser.country=US -Duser.language=en -Duser.variant org.gradle.launcher.daemon.bootstrap.GradleDaemon 7.1

Host: Intel(R) Core(TM) i3-2120 CPU @ 3.30GHz, 4 cores, 7G,  Windows 10 , 64 bit Build 18362 (10.0.18362.1500)
Time: Sun Dec 12 19:06:48 2021 Bangladesh Standard Time elapsed time: 47.466399 seconds (0d 0h 0m 47s)

---------------  T H R E A D  ---------------

Current thread (0x000001e071101800):  VMThread "VM Thread" [stack: 0x000000b54fe00000,0x000000b54ff00000] [id=4916]

Stack: [0x000000b54fe00000,0x000000b54ff00000]
[error occurred during error reporting (printing stack bounds), id 0xc0000005, EXCEPTION_ACCESS_VIOLATION (0xc0000005) at pc=0x000001e05b000f2d]

Native frames: (J=compiled Java code, j=interpreted, Vv=VM code, C=native code)
V  [jvm.dll+0x5ecfaa]
V  [jvm.dll+0x722bd5]
V  [jvm.dll+0x72412d]
V  [jvm.dll+0x724745]
V  [jvm.dll+0x7246fb]
V  [jvm.dll+0x5ec348]
V  [jvm.dll+0x5ecad8]
C  [ntdll.dll+0xa1fff]
C  [ntdll.dll+0x6aad9]
C  [ntdll.dll+0xa0c6e]
C  0x000001e05b000f2d

VM_Operation (0x000000b554bfb9c0): G1CollectForAllocation, mode: safepoint, requested by thread 0x000001e0765b9800


---------------  P R O C E S S  ---------------

Threads class SMR info:
_java_thread_list=0x000001e07bd1d100, length=90, elements={
0x000001e05754d800, 0x000001e071106000, 0x000001e071107000, 0x000001e071a83800,
0x000001e071a86800, 0x000001e071a87800, 0x000001e071a8c800, 0x000001e071a90000,
0x000001e071af7800, 0x000001e071be2000, 0x000001e073d70800, 0x000001e0735d7800,
0x000001e0734b2800, 0x000001e073908800, 0x000001e0731fe800, 0x000001e07382e800,
0x000001e07382f800, 0x000001e0728f9000, 0x000001e07386e800, 0x000001e073894800,
0x000001e073890800, 0x000001e073894000, 0x000001e073895800, 0x000001e073893000,
0x000001e073896000, 0x000001e073897000, 0x000001e073891800, 0x000001e073892000,
0x000001e0762ce000, 0x000001e0762cf000, 0x000001e0762cc800, 0x000001e0762d0800,
0x000001e0762cd000, 0x000001e0762d4000, 0x000001e0762d6000, 0x000001e0762d7000,
0x000001e0762d2000, 0x000001e0762d4800, 0x000001e0762d5800, 0x000001e0762d8000,
0x000001e0762d3000, 0x000001e0762d9800, 0x000001e0762d8800, 0x000001e0762da800,
0x000001e073bfe000, 0x000001e073bfa800, 0x000001e073bff000, 0x000001e073bfb800,
0x000001e073bfc800, 0x000001e073bfd000, 0x000001e073bf9000, 0x000001e073bfa000,
0x000001e073c05800, 0x000001e073c01000, 0x000001e073bff800, 0x000001e073c06000,
0x000001e073c04800, 0x000001e073c00800, 0x000001e073c07000, 0x000001e073c08000,
0x000001e073c02000, 0x000001e073c03000, 0x000001e073c03800, 0x000001e075ea7800,
0x000001e075ea8800, 0x000001e075ea6000, 0x000001e075ea2800, 0x000001e075ea9000,
0x000001e075ea5000, 0x000001e075ea6800, 0x000001e075ea3800, 0x000001e075ea4000,
0x000001e0765b9800, 0x000001e0765be000, 0x000001e0765be800, 0x000001e0765bf800,
0x000001e0765bd000, 0x000001e0765bb800, 0x000001e0765ba800, 0x000001e0765c1000,
0x000001e0765c2000, 0x000001e0765bc000, 0x000001e0765c6000, 0x000001e0765c8800,
0x000001e0765c4800, 0x000001e0744ba000, 0x000001e0765c2800, 0x000001e0765c6800,
0x000001e0765c5000, 0x000001e0765c3800
}

Java Threads: ( => current thread )
  0x000001e05754d800 JavaThread "main" [_thread_blocked, id=6792, stack(0x000000b54f700000,0x000000b54f800000)]
  0x000001e071106000 JavaThread "Reference Handler" daemon [_thread_blocked, id=9600, stack(0x000000b54ff00000,0x000000b550000000)]
  0x000001e071107000 JavaThread "Finalizer" daemon [_thread_blocked, id=4684, stack(0x000000b550000000,0x000000b550100000)]
  0x000001e071a83800 JavaThread "Signal Dispatcher" daemon [_thread_blocked, id=7640, stack(0x000000b550100000,0x000000b550200000)]
  0x000001e071a86800 JavaThread "Attach Listener" daemon [_thread_blocked, id=880, stack(0x000000b550200000,0x000000b550300000)]
  0x000001e071a87800 JavaThread "Service Thread" daemon [_thread_blocked, id=12136, stack(0x000000b550300000,0x000000b550400000)]
  0x000001e071a8c800 JavaThread "C2 CompilerThread0" daemon [_thread_in_native, id=7884, stack(0x000000b550400000,0x000000b550500000)]
  0x000001e071a90000 JavaThread "C1 CompilerThread0" daemon [_thread_blocked, id=616, stack(0x000000b550500000,0x000000b550600000)]
  0x000001e071af7800 JavaThread "Sweeper thread" daemon [_thread_blocked, id=6724, stack(0x000000b550600000,0x000000b550700000)]
  0x000001e071be2000 JavaThread "Common-Cleaner" daemon [_thread_blocked, id=4936, stack(0x000000b550700000,0x000000b550800000)]
  0x000001e073d70800 JavaThread "Daemon health stats" [_thread_blocked, id=5032, stack(0x000000b550c00000,0x000000b550d00000)]
  0x000001e0735d7800 JavaThread "Incoming local TCP Connector on port 58211" [_thread_in_native, id=1320, stack(0x000000b550d00000,0x000000b550e00000)]
  0x000001e0734b2800 JavaThread "Daemon periodic checks" [_thread_blocked, id=1772, stack(0x000000b550e00000,0x000000b550f00000)]
  0x000001e073908800 JavaThread "Daemon" [_thread_blocked, id=11028, stack(0x000000b550f00000,0x000000b551000000)]
  0x000001e0731fe800 JavaThread "Handler for socket connection from /127.0.0.1:58211 to /127.0.0.1:58212" [_thread_in_native, id=8176, stack(0x000000b551000000,0x000000b551100000)]
  0x000001e07382e800 JavaThread "Cancel handler" [_thread_blocked, id=1876, stack(0x000000b551100000,0x000000b551200000)]
  0x000001e07382f800 JavaThread "Daemon worker" [_thread_blocked, id=5560, stack(0x000000b551200000,0x000000b551300000)]
  0x000001e0728f9000 JavaThread "Asynchronous log dispatcher for DefaultDaemonConnection: socket connection from /127.0.0.1:58211 to /127.0.0.1:58212" [_thread_blocked, id=11696, stack(0x000000b551300000,0x000000b551400000)]
  0x000001e07386e800 JavaThread "Stdin handler" [_thread_blocked, id=7932, stack(0x000000b551400000,0x000000b551500000)]
  0x000001e073894800 JavaThread "Daemon client event forwarder" [_thread_blocked, id=568, stack(0x000000b551500000,0x000000b551600000)]
  0x000001e073890800 JavaThread "Cache worker for journal cache (C:\Users\AgamiSoft\.gradle\caches\journal-1)" [_thread_blocked, id=7820, stack(0x000000b551600000,0x000000b551700000)]
  0x000001e073894000 JavaThread "File lock request listener" [_thread_in_native, id=3252, stack(0x000000b551700000,0x000000b551800000)]
  0x000001e073895800 JavaThread "Cache worker for file hash cache (C:\Users\AgamiSoft\.gradle\caches\7.1\fileHashes)" [_thread_blocked, id=9948, stack(0x000000b551800000,0x000000b551900000)]
  0x000001e073893000 JavaThread "Cache worker for file hash cache (D:\ERP SND\SALT_ERP-MAIN\.gradle\7.1\fileHashes)" [_thread_blocked, id=10552, stack(0x000000b551a00000,0x000000b551b00000)]
  0x000001e073896000 JavaThread "File watcher server" daemon [_thread_blocked, id=6288, stack(0x000000b551b00000,0x000000b551c00000)]
  0x000001e073897000 JavaThread "File watcher consumer" daemon [_thread_blocked, id=12068, stack(0x000000b551c00000,0x000000b551d00000)]
  0x000001e073891800 JavaThread "Cache worker for checksums cache (D:\ERP SND\SALT_ERP-MAIN\.gradle\checksums)" [_thread_blocked, id=620, stack(0x000000b551d00000,0x000000b551e00000)]
  0x000001e073892000 JavaThread "Cache worker for cache directory md-supplier (C:\Users\AgamiSoft\.gradle\caches\7.1\md-supplier)" [_thread_blocked, id=12156, stack(0x000000b551e00000,0x000000b551f00000)]
  0x000001e0762ce000 JavaThread "Cache worker for cache directory md-rule (C:\Users\AgamiSoft\.gradle\caches\7.1\md-rule)" [_thread_blocked, id=11656, stack(0x000000b551f00000,0x000000b552000000)]
  0x000001e0762cf000 JavaThread "Cache worker for execution history cache (C:\Users\AgamiSoft\.gradle\caches\7.1\executionHistory)" [_thread_blocked, id=3800, stack(0x000000b552000000,0x000000b552100000)]
  0x000001e0762cc800 JavaThread "jar transforms" [_thread_blocked, id=4432, stack(0x000000b552100000,0x000000b552200000)]
  0x000001e0762d0800 JavaThread "jar transforms Thread 2" [_thread_blocked, id=11848, stack(0x000000b552200000,0x000000b552300000)]
  0x000001e0762cd000 JavaThread "Cache worker for file content cache (C:\Users\AgamiSoft\.gradle\caches\7.1\fileContent)" [_thread_blocked, id=5996, stack(0x000000b552300000,0x000000b552400000)]
  0x000001e0762d4000 JavaThread "Cache worker for dependencies-accessors (D:\ERP SND\SALT_ERP-MAIN\.gradle\7.1\dependencies-accessors)" [_thread_blocked, id=8208, stack(0x000000b552400000,0x000000b552500000)]
  0x000001e0762d6000 JavaThread "jar transforms Thread 3" [_thread_blocked, id=7924, stack(0x000000b552500000,0x000000b552600000)]
  0x000001e0762d7000 JavaThread "Cache worker for Build Output Cleanup Cache (D:\ERP SND\SALT_ERP-MAIN\.gradle\buildOutputCleanup)" [_thread_blocked, id=8224, stack(0x000000b552600000,0x000000b552700000)]
  0x000001e0762d2000 JavaThread "Unconstrained build operations" [_thread_blocked, id=11112, stack(0x000000b552700000,0x000000b552800000)]
  0x000001e0762d4800 JavaThread "Unconstrained build operations Thread 2" [_thread_blocked, id=5640, stack(0x000000b552800000,0x000000b552900000)]
  0x000001e0762d5800 JavaThread "Unconstrained build operations Thread 3" [_thread_blocked, id=5876, stack(0x000000b552900000,0x000000b552a00000)]
  0x000001e0762d8000 JavaThread "Unconstrained build operations Thread 4" [_thread_blocked, id=3852, stack(0x000000b552a00000,0x000000b552b00000)]
  0x000001e0762d3000 JavaThread "Unconstrained build operations Thread 5" [_thread_blocked, id=11828, stack(0x000000b552b00000,0x000000b552c00000)]
  0x000001e0762d9800 JavaThread "Unconstrained build operations Thread 6" [_thread_blocked, id=8284, stack(0x000000b552c00000,0x000000b552d00000)]
  0x000001e0762d8800 JavaThread "Unconstrained build operations Thread 7" [_thread_blocked, id=9996, stack(0x000000b552d00000,0x000000b552e00000)]
  0x000001e0762da800 JavaThread "Unconstrained build operations Thread 8" [_thread_blocked, id=5812, stack(0x000000b552e00000,0x000000b552f00000)]
  0x000001e073bfe000 JavaThread "Unconstrained build operations Thread 9" [_thread_blocked, id=10084, stack(0x000000b552f00000,0x000000b553000000)]
  0x000001e073bfa800 JavaThread "Unconstrained build operations Thread 10" [_thread_blocked, id=1244, stack(0x000000b553000000,0x000000b553100000)]
  0x000001e073bff000 JavaThread "Unconstrained build operations Thread 11" [_thread_blocked, id=6260, stack(0x000000b553100000,0x000000b553200000)]
  0x000001e073bfb800 JavaThread "Unconstrained build operations Thread 12" [_thread_blocked, id=9628, stack(0x000000b553200000,0x000000b553300000)]
  0x000001e073bfc800 JavaThread "Unconstrained build operations Thread 13" [_thread_blocked, id=5156, stack(0x000000b553300000,0x000000b553400000)]
  0x000001e073bfd000 JavaThread "Unconstrained build operations Thread 14" [_thread_blocked, id=3008, stack(0x000000b553400000,0x000000b553500000)]
  0x000001e073bf9000 JavaThread "Unconstrained build operations Thread 15" [_thread_blocked, id=6652, stack(0x000000b553500000,0x000000b553600000)]
  0x000001e073bfa000 JavaThread "Unconstrained build operations Thread 16" [_thread_blocked, id=5916, stack(0x000000b553600000,0x000000b553700000)]
  0x000001e073c05800 JavaThread "Unconstrained build operations Thread 17" [_thread_blocked, id=1256, stack(0x000000b553700000,0x000000b553800000)]
  0x000001e073c01000 JavaThread "Unconstrained build operations Thread 18" [_thread_blocked, id=11692, stack(0x000000b553800000,0x000000b553900000)]
  0x000001e073bff800 JavaThread "Unconstrained build operations Thread 19" [_thread_blocked, id=8372, stack(0x000000b553900000,0x000000b553a00000)]
  0x000001e073c06000 JavaThread "Unconstrained build operations Thread 20" [_thread_blocked, id=2688, stack(0x000000b553a00000,0x000000b553b00000)]
  0x000001e073c04800 JavaThread "Unconstrained build operations Thread 21" [_thread_blocked, id=1744, stack(0x000000b553b00000,0x000000b553c00000)]
  0x000001e073c00800 JavaThread "Unconstrained build operations Thread 22" [_thread_blocked, id=8096, stack(0x000000b553c00000,0x000000b553d00000)]
  0x000001e073c07000 JavaThread "Unconstrained build operations Thread 23" [_thread_blocked, id=6700, stack(0x000000b553d00000,0x000000b553e00000)]
  0x000001e073c08000 JavaThread "Unconstrained build operations Thread 24" [_thread_blocked, id=3276, stack(0x000000b553e00000,0x000000b553f00000)]
  0x000001e073c02000 JavaThread "Unconstrained build operations Thread 25" [_thread_blocked, id=6088, stack(0x000000b553f00000,0x000000b554000000)]
  0x000001e073c03000 JavaThread "Unconstrained build operations Thread 26" [_thread_blocked, id=8932, stack(0x000000b554000000,0x000000b554100000)]
  0x000001e073c03800 JavaThread "Unconstrained build operations Thread 27" [_thread_blocked, id=11664, stack(0x000000b554100000,0x000000b554200000)]
  0x000001e075ea7800 JavaThread "Unconstrained build operations Thread 28" [_thread_blocked, id=9536, stack(0x000000b554200000,0x000000b554300000)]
  0x000001e075ea8800 JavaThread "Unconstrained build operations Thread 29" [_thread_blocked, id=372, stack(0x000000b554300000,0x000000b554400000)]
  0x000001e075ea6000 JavaThread "Unconstrained build operations Thread 30" [_thread_blocked, id=4144, stack(0x000000b554400000,0x000000b554500000)]
  0x000001e075ea2800 JavaThread "Unconstrained build operations Thread 31" [_thread_blocked, id=1724, stack(0x000000b554500000,0x000000b554600000)]
  0x000001e075ea9000 JavaThread "Unconstrained build operations Thread 32" [_thread_blocked, id=7340, stack(0x000000b554600000,0x000000b554700000)]
  0x000001e075ea5000 JavaThread "Unconstrained build operations Thread 33" [_thread_blocked, id=7992, stack(0x000000b554700000,0x000000b554800000)]
  0x000001e075ea6800 JavaThread "Unconstrained build operations Thread 34" [_thread_blocked, id=8420, stack(0x000000b554800000,0x000000b554900000)]
  0x000001e075ea3800 JavaThread "Unconstrained build operations Thread 35" [_thread_blocked, id=9232, stack(0x000000b554900000,0x000000b554a00000)]
  0x000001e075ea4000 JavaThread "Unconstrained build operations Thread 36" [_thread_blocked, id=6916, stack(0x000000b554a00000,0x000000b554b00000)]
  0x000001e0765b9800 JavaThread "Unconstrained build operations Thread 37" [_thread_blocked, id=11044, stack(0x000000b554b00000,0x000000b554c00000)]
  0x000001e0765be000 JavaThread "Unconstrained build operations Thread 38" [_thread_blocked, id=6528, stack(0x000000b554c00000,0x000000b554d00000)]
  0x000001e0765be800 JavaThread "Unconstrained build operations Thread 39" [_thread_blocked, id=9592, stack(0x000000b554d00000,0x000000b554e00000)]
  0x000001e0765bf800 JavaThread "Unconstrained build operations Thread 40" [_thread_blocked, id=3820, stack(0x000000b554e00000,0x000000b554f00000)]
  0x000001e0765bd000 JavaThread "jar transforms Thread 4" [_thread_blocked, id=9384, stack(0x000000b551900000,0x000000b551a00000)]
  0x000001e0765bb800 JavaThread "Memory manager" [_thread_blocked, id=4388, stack(0x000000b555000000,0x000000b555100000)]
  0x000001e0765ba800 JavaThread "build event listener" [_thread_blocked, id=4732, stack(0x000000b555100000,0x000000b555200000)]
  0x000001e0765c1000 JavaThread "pool-3-thread-1" [_thread_blocked, id=9152, stack(0x000000b555200000,0x000000b555300000)]
  0x000001e0765c2000 JavaThread "build event listener" [_thread_blocked, id=12172, stack(0x000000b555300000,0x000000b555400000)]
  0x000001e0765bc000 JavaThread "Execution worker for ':'" [_thread_blocked, id=872, stack(0x000000b555400000,0x000000b555500000)]
  0x000001e0765c6000 JavaThread "Execution worker for ':' Thread 2" [_thread_blocked, id=6648, stack(0x000000b555500000,0x000000b555600000)]
  0x000001e0765c8800 JavaThread "Execution worker for ':' Thread 3" [_thread_blocked, id=6464, stack(0x000000b555600000,0x000000b555700000)]
  0x000001e0765c4800 JavaThread "Cache worker for execution history cache (D:\ERP SND\SALT_ERP-MAIN\.gradle\7.1\executionHistory)" [_thread_blocked, id=9008, stack(0x000000b554f00000,0x000000b555000000)]
  0x000001e0744ba000 JavaThread "C2 CompilerThread1" daemon [_thread_blocked, id=3784, stack(0x000000b555700000,0x000000b555800000)]
  0x000001e0765c2800 JavaThread "WorkerExecutor Queue" [_thread_blocked, id=4512, stack(0x000000b555a00000,0x000000b555b00000)]
  0x000001e0765c6800 JavaThread "WorkerExecutor Queue Thread 2" [_thread_blocked, id=9896, stack(0x000000b555b00000,0x000000b555c00000)]
  0x000001e0765c5000 JavaThread "WorkerExecutor Queue Thread 3" [_thread_blocked, id=7504, stack(0x000000b555c00000,0x000000b555d00000)]
  0x000001e0765c3800 JavaThread "WorkerExecutor Queue Thread 4" [_thread_blocked, id=3340, stack(0x000000b555d00000,0x000000b555e00000)]

Other Threads:
=>0x000001e071101800 VMThread "VM Thread" [stack: 0x000000b54fe00000,0x000000b54ff00000] [id=4916]
  0x000001e071bfa800 WatcherThread [stack: 0x000000b550800000,0x000000b550900000] [id=10352]
  0x000001e057566000 GCTaskThread "GC Thread#0" [stack: 0x000000b54f900000,0x000000b54fa00000] [id=6284]
  0x000001e0724d9000 GCTaskThread "GC Thread#1" [stack: 0x000000b550a00000,0x000000b550b00000] [id=5884]
  0x000001e0724da000 GCTaskThread "GC Thread#2" [stack: 0x000000b550b00000,0x000000b550c00000] [id=11084]
  0x000001e073a50800 GCTaskThread "GC Thread#3" [stack: 0x000000b550900000,0x000000b550a00000] [id=11756]
  0x000001e057596000 ConcurrentGCThread "G1 Main Marker" [stack: 0x000000b54fa00000,0x000000b54fb00000] [id=4472]
  0x000001e057597800 ConcurrentGCThread "G1 Conc#0" [stack: 0x000000b54fb00000,0x000000b54fc00000] [id=9936]
  0x000001e070f50800 ConcurrentGCThread "G1 Refine#0" [stack: 0x000000b54fc00000,0x000000b54fd00000] [id=652]
  0x000001e070f51000 ConcurrentGCThread "G1 Young RemSet Sampling" [stack: 0x000000b54fd00000,0x000000b54fe00000] [id=10876]

Threads with active compile tasks:
C2 CompilerThread0  47499 12706       4       org.gradle.internal.snapshot.AbstractListChildMap::store (72 bytes)
C2 CompilerThread1  47500 12712   !   4       java.util.concurrent.ConcurrentHashMap::putVal (432 bytes)

VM state:at safepoint (normal execution)

VM Mutex/Monitor currently owned by a thread:  ([mutex/lock_event])
[0x000001e057549c00] Threads_lock - owner thread: 0x000001e071101800
[0x000001e057548460] Heap_lock - owner thread: 0x000001e0765b9800

Heap address: 0x0000000080000000, size: 2048 MB, Compressed Oops mode: 32-bit
Narrow klass base: 0x0000000000000000, Narrow klass shift: 3
Compressed class space size: 1073741824 Address: 0x0000000100000000

Heap:
 garbage-first heap   total 805888K, used 224256K [0x0000000080000000, 0x0000000100000000)
  region size 1024K, 4 young (4096K), 4 survivors (4096K)
 Metaspace       used 93743K, capacity 96018K, committed 96204K, reserved 1132544K
  class space    used 11957K, capacity 12786K, committed 12800K, reserved 1048576K
Heap Regions: E=young(eden), S=young(survivor), O=old, HS=humongous(starts), HC=humongous(continues), CS=collection set, F=free, A=archive, TAMS=top-at-mark-start (previous, next)
|   0|0x0000000080000000, 0x0000000080100000, 0x0000000080100000|100%| O|  |TAMS 0x0000000080100000, 0x0000000080000000| Updating 
|   1|0x0000000080100000, 0x0000000080200000, 0x0000000080200000|100%| O|  |TAMS 0x0000000080200000, 0x0000000080100000| Updating 
|   2|0x0000000080200000, 0x0000000080300000, 0x0000000080300000|100%| O|  |TAMS 0x0000000080300000, 0x0000000080200000| Updating 
|   3|0x0000000080300000, 0x0000000080400000, 0x0000000080400000|100%|HS|  |TAMS 0x0000000080400000, 0x0000000080300000| Complete 
|   4|0x0000000080400000, 0x0000000080500000, 0x0000000080500000|100%|HC|  |TAMS 0x0000000080500000, 0x0000000080400000| Complete 
|   5|0x0000000080500000, 0x0000000080600000, 0x0000000080600000|100%|HC|  |TAMS 0x0000000080600000, 0x0000000080500000| Complete 
|   6|0x0000000080600000, 0x0000000080700000, 0x0000000080700000|100%| O|  |TAMS 0x0000000080700000, 0x0000000080600000| Updating 
|   7|0x0000000080700000, 0x0000000080800000, 0x0000000080800000|100%| O|  |TAMS 0x0000000080800000, 0x0000000080700000| Updating 
|   8|0x0000000080800000, 0x0000000080900000, 0x0000000080900000|100%| O|  |TAMS 0x0000000080900000, 0x0000000080800000| Updating 
|   9|0x0000000080900000, 0x0000000080a00000, 0x0000000080a00000|100%| O|  |TAMS 0x0000000080a00000, 0x0000000080900000| Updating 
|  10|0x0000000080a00000, 0x0000000080b00000, 0x0000000080b00000|100%| O|  |TAMS 0x0000000080b00000, 0x0000000080a00000| Updating 
|  11|0x0000000080b00000, 0x0000000080c00000, 0x0000000080c00000|100%| O|  |TAMS 0x0000000080c00000, 0x0000000080b00000| Updating 
|  12|0x0000000080c00000, 0x0000000080d00000, 0x0000000080d00000|100%| O|  |TAMS 0x0000000080d00000, 0x0000000080c00000| Updating 
|  13|0x0000000080d00000, 0x0000000080e00000, 0x0000000080e00000|100%| O|  |TAMS 0x0000000080e00000, 0x0000000080d00000| Updating 
|  14|0x0000000080e00000, 0x0000000080f00000, 0x0000000080f00000|100%| O|  |TAMS 0x0000000080f00000, 0x0000000080e00000| Updating 
|  15|0x0000000080f00000, 0x0000000081000000, 0x0000000081000000|100%| O|  |TAMS 0x0000000081000000, 0x0000000080f00000| Updating 
|  16|0x0000000081000000, 0x0000000081100000, 0x0000000081100000|100%| O|  |TAMS 0x0000000081100000, 0x0000000081000000| Updating 
|  17|0x0000000081100000, 0x0000000081200000, 0x0000000081200000|100%| O|  |TAMS 0x0000000081200000, 0x0000000081100000| Updating 
|  18|0x0000000081200000, 0x0000000081300000, 0x0000000081300000|100%| O|  |TAMS 0x0000000081300000, 0x0000000081200000| Updating 
|  19|0x0000000081300000, 0x0000000081400000, 0x0000000081400000|100%|HS|  |TAMS 0x0000000081400000, 0x0000000081300000| Complete 
|  20|0x0000000081400000, 0x0000000081500000, 0x0000000081500000|100%| O|  |TAMS 0x0000000081500000, 0x0000000081400000| Updating 
|  21|0x0000000081500000, 0x0000000081600000, 0x0000000081600000|100%| O|  |TAMS 0x0000000081600000, 0x0000000081500000| Updating 
|  22|0x0000000081600000, 0x0000000081700000, 0x0000000081700000|100%| O|  |TAMS 0x0000000081700000, 0x0000000081600000| Updating 
|  23|0x0000000081700000, 0x0000000081800000, 0x0000000081800000|100%|HS|  |TAMS 0x0000000081800000, 0x0000000081700000| Complete 
|  24|0x0000000081800000, 0x0000000081900000, 0x0000000081900000|100%|HS|  |TAMS 0x0000000081900000, 0x0000000081800000| Complete 
|  25|0x0000000081900000, 0x0000000081a00000, 0x0000000081a00000|100%|HS|  |TAMS 0x0000000081a00000, 0x0000000081900000| Complete 
|  26|0x0000000081a00000, 0x0000000081b00000, 0x0000000081b00000|100%|HC|  |TAMS 0x0000000081b00000, 0x0000000081a00000| Complete 
|  27|0x0000000081b00000, 0x0000000081c00000, 0x0000000081c00000|100%| O|  |TAMS 0x0000000081c00000, 0x0000000081b00000| Updating 
|  28|0x0000000081c00000, 0x0000000081d00000, 0x0000000081d00000|100%| O|  |TAMS 0x0000000081d00000, 0x0000000081c00000| Updating 
|  29|0x0000000081d00000, 0x0000000081e00000, 0x0000000081e00000|100%| O|  |TAMS 0x0000000081e00000, 0x0000000081d00000| Updating 
|  30|0x0000000081e00000, 0x0000000081f00000, 0x0000000081f00000|100%| O|  |TAMS 0x0000000081f00000, 0x0000000081e00000| Updating 
|  31|0x0000000081f00000, 0x0000000082000000, 0x0000000082000000|100%| O|  |TAMS 0x0000000082000000, 0x0000000081f00000| Updating 
|  32|0x0000000082000000, 0x0000000082100000, 0x0000000082100000|100%| O|  |TAMS 0x0000000082100000, 0x0000000082000000| Updating 
|  33|0x0000000082100000, 0x0000000082200000, 0x0000000082200000|100%| O|  |TAMS 0x0000000082200000, 0x0000000082100000| Updating 
|  34|0x0000000082200000, 0x0000000082300000, 0x0000000082300000|100%| O|  |TAMS 0x0000000082300000, 0x0000000082200000| Updating 
|  35|0x0000000082300000, 0x0000000082400000, 0x0000000082400000|100%| O|  |TAMS 0x0000000082400000, 0x0000000082300000| Updating 
|  36|0x0000000082400000, 0x0000000082500000, 0x0000000082500000|100%| O|  |TAMS 0x0000000082500000, 0x0000000082400000| Updating 
|  37|0x0000000082500000, 0x0000000082600000, 0x0000000082600000|100%| O|  |TAMS 0x0000000082600000, 0x0000000082500000| Updating 
|  38|0x0000000082600000, 0x0000000082700000, 0x0000000082700000|100%| O|  |TAMS 0x0000000082700000, 0x0000000082600000| Updating 
|  39|0x0000000082700000, 0x0000000082800000, 0x0000000082800000|100%| O|  |TAMS 0x0000000082800000, 0x0000000082700000| Updating 
|  40|0x0000000082800000, 0x0000000082900000, 0x0000000082900000|100%| O|  |TAMS 0x0000000082900000, 0x0000000082800000| Updating 
|  41|0x0000000082900000, 0x0000000082a00000, 0x0000000082a00000|100%| O|  |TAMS 0x0000000082a00000, 0x0000000082900000| Updating 
|  42|0x0000000082a00000, 0x0000000082b00000, 0x0000000082b00000|100%| O|  |TAMS 0x0000000082b00000, 0x0000000082a00000| Updating 
|  43|0x0000000082b00000, 0x0000000082c00000, 0x0000000082c00000|100%| O|  |TAMS 0x0000000082c00000, 0x0000000082b00000| Updating 
|  44|0x0000000082c00000, 0x0000000082d00000, 0x0000000082d00000|100%| O|  |TAMS 0x0000000082d00000, 0x0000000082c00000| Updating 
|  45|0x0000000082d00000, 0x0000000082e00000, 0x0000000082e00000|100%| O|  |TAMS 0x0000000082e00000, 0x0000000082d00000| Updating 
|  46|0x0000000082e00000, 0x0000000082f00000, 0x0000000082f00000|100%| O|  |TAMS 0x0000000082f00000, 0x0000000082e00000| Updating 
|  47|0x0000000082f00000, 0x0000000083000000, 0x0000000083000000|100%| O|  |TAMS 0x0000000083000000, 0x0000000082f00000| Updating 
|  48|0x0000000083000000, 0x0000000083100000, 0x0000000083100000|100%| O|  |TAMS 0x0000000083100000, 0x0000000083000000| Updating 
|  49|0x0000000083100000, 0x0000000083200000, 0x0000000083200000|100%| O|  |TAMS 0x0000000083200000, 0x0000000083100000| Updating 
|  50|0x0000000083200000, 0x0000000083300000, 0x0000000083300000|100%| O|  |TAMS 0x0000000083300000, 0x0000000083200000| Updating 
|  51|0x0000000083300000, 0x0000000083400000, 0x0000000083400000|100%| O|  |TAMS 0x0000000083400000, 0x0000000083300000| Updating 
|  52|0x0000000083400000, 0x0000000083500000, 0x0000000083500000|100%| O|  |TAMS 0x0000000083500000, 0x0000000083400000| Updating 
|  53|0x0000000083500000, 0x0000000083600000, 0x0000000083600000|100%| O|  |TAMS 0x0000000083600000, 0x0000000083500000| Updating 
|  54|0x0000000083600000, 0x0000000083700000, 0x0000000083700000|100%| O|  |TAMS 0x0000000083700000, 0x0000000083600000| Updating 
|  55|0x0000000083700000, 0x0000000083800000, 0x0000000083800000|100%| O|  |TAMS 0x0000000083800000, 0x0000000083700000| Updating 
|  56|0x0000000083800000, 0x0000000083900000, 0x0000000083900000|100%| O|  |TAMS 0x0000000083900000, 0x0000000083800000| Updating 
|  57|0x0000000083900000, 0x0000000083a00000, 0x0000000083a00000|100%| O|  |TAMS 0x0000000083a00000, 0x0000000083900000| Updating 
|  58|0x0000000083a00000, 0x0000000083b00000, 0x0000000083b00000|100%| O|  |TAMS 0x0000000083b00000, 0x0000000083a00000| Updating 
|  59|0x0000000083b00000, 0x0000000083c00000, 0x0000000083c00000|100%| O|  |TAMS 0x0000000083c00000, 0x0000000083b00000| Updating 
|  60|0x0000000083c00000, 0x0000000083d00000, 0x0000000083d00000|100%| O|  |TAMS 0x0000000083d00000, 0x0000000083c00000| Updating 
|  61|0x0000000083d00000, 0x0000000083e00000, 0x0000000083e00000|100%| O|  |TAMS 0x0000000083e00000, 0x0000000083d00000| Updating 
|  62|0x0000000083e00000, 0x0000000083f00000, 0x0000000083f00000|100%| O|  |TAMS 0x0000000083f00000, 0x0000000083e00000| Updating 
|  63|0x0000000083f00000, 0x0000000084000000, 0x0000000084000000|100%| O|  |TAMS 0x0000000084000000, 0x0000000083f00000| Updating 
|  64|0x0000000084000000, 0x0000000084100000, 0x0000000084100000|100%| O|  |TAMS 0x0000000084100000, 0x0000000084000000| Updating 
|  65|0x0000000084100000, 0x0000000084200000, 0x0000000084200000|100%| O|  |TAMS 0x0000000084200000, 0x0000000084100000| Updating 
|  66|0x0000000084200000, 0x0000000084300000, 0x0000000084300000|100%| O|  |TAMS 0x0000000084300000, 0x0000000084200000| Updating 
|  67|0x0000000084300000, 0x0000000084400000, 0x0000000084400000|100%| O|  |TAMS 0x0000000084400000, 0x0000000084300000| Updating 
|  68|0x0000000084400000, 0x0000000084500000, 0x0000000084500000|100%| O|  |TAMS 0x0000000084500000, 0x0000000084400000| Updating 
|  69|0x0000000084500000, 0x0000000084600000, 0x0000000084600000|100%| O|  |TAMS 0x0000000084600000, 0x0000000084500000| Updating 
|  70|0x0000000084600000, 0x0000000084700000, 0x0000000084700000|100%| O|  |TAMS 0x0000000084700000, 0x0000000084600000| Updating 
|  71|0x0000000084700000, 0x0000000084800000, 0x0000000084800000|100%| O|  |TAMS 0x0000000084800000, 0x0000000084700000| Updating 
|  72|0x0000000084800000, 0x0000000084900000, 0x0000000084900000|100%| O|  |TAMS 0x0000000084900000, 0x0000000084800000| Updating 
|  73|0x0000000084900000, 0x0000000084a00000, 0x0000000084a00000|100%| O|  |TAMS 0x0000000084a00000, 0x0000000084900000| Updating 
|  74|0x0000000084a00000, 0x0000000084b00000, 0x0000000084b00000|100%| O|  |TAMS 0x0000000084b00000, 0x0000000084a00000| Updating 
|  75|0x0000000084b00000, 0x0000000084c00000, 0x0000000084c00000|100%| O|  |TAMS 0x0000000084c00000, 0x0000000084b00000| Updating 
|  76|0x0000000084c00000, 0x0000000084d00000, 0x0000000084d00000|100%| O|  |TAMS 0x0000000084d00000, 0x0000000084c00000| Updating 
|  77|0x0000000084d00000, 0x0000000084e00000, 0x0000000084e00000|100%| O|  |TAMS 0x0000000084e00000, 0x0000000084d00000| Updating 
|  78|0x0000000084e00000, 0x0000000084f00000, 0x0000000084f00000|100%| O|  |TAMS 0x0000000084f00000, 0x0000000084e00000| Updating 
|  79|0x0000000084f00000, 0x0000000085000000, 0x0000000085000000|100%| O|  |TAMS 0x0000000085000000, 0x0000000084f00000| Updating 
|  80|0x0000000085000000, 0x0000000085100000, 0x0000000085100000|100%| O|  |TAMS 0x0000000085100000, 0x0000000085000000| Updating 
|  81|0x0000000085100000, 0x0000000085200000, 0x0000000085200000|100%| O|  |TAMS 0x0000000085200000, 0x0000000085100000| Updating 
|  82|0x0000000085200000, 0x0000000085300000, 0x0000000085300000|100%| O|  |TAMS 0x0000000085300000, 0x0000000085200000| Updating 
|  83|0x0000000085300000, 0x0000000085400000, 0x0000000085400000|100%| O|  |TAMS 0x0000000085400000, 0x0000000085300000| Updating 
|  84|0x0000000085400000, 0x0000000085500000, 0x0000000085500000|100%| O|  |TAMS 0x0000000085500000, 0x0000000085400000| Updating 
|  85|0x0000000085500000, 0x0000000085600000, 0x0000000085600000|100%| O|  |TAMS 0x0000000085600000, 0x0000000085500000| Updating 
|  86|0x0000000085600000, 0x0000000085700000, 0x0000000085700000|100%| O|  |TAMS 0x0000000085700000, 0x0000000085600000| Updating 
|  87|0x0000000085700000, 0x0000000085800000, 0x0000000085800000|100%| O|  |TAMS 0x0000000085800000, 0x0000000085700000| Updating 
|  88|0x0000000085800000, 0x0000000085900000, 0x0000000085900000|100%| O|  |TAMS 0x0000000085900000, 0x0000000085800000| Updating 
|  89|0x0000000085900000, 0x0000000085a00000, 0x0000000085a00000|100%| O|  |TAMS 0x0000000085a00000, 0x0000000085900000| Updating 
|  90|0x0000000085a00000, 0x0000000085b00000, 0x0000000085b00000|100%| O|  |TAMS 0x0000000085b00000, 0x0000000085a00000| Updating 
|  91|0x0000000085b00000, 0x0000000085c00000, 0x0000000085c00000|100%| O|  |TAMS 0x0000000085c00000, 0x0000000085b00000| Updating 
|  92|0x0000000085c00000, 0x0000000085d00000, 0x0000000085d00000|100%| O|  |TAMS 0x0000000085d00000, 0x0000000085c00000| Updating 
|  93|0x0000000085d00000, 0x0000000085e00000, 0x0000000085e00000|100%| O|  |TAMS 0x0000000085e00000, 0x0000000085d00000| Updating 
|  94|0x0000000085e00000, 0x0000000085f00000, 0x0000000085f00000|100%| O|  |TAMS 0x0000000085f00000, 0x0000000085e00000| Updating 
|  95|0x0000000085f00000, 0x0000000086000000, 0x0000000086000000|100%| O|  |TAMS 0x0000000086000000, 0x0000000085f00000| Updating 
|  96|0x0000000086000000, 0x0000000086100000, 0x0000000086100000|100%| O|  |TAMS 0x0000000086100000, 0x0000000086000000| Updating 
|  97|0x0000000086100000, 0x0000000086200000, 0x0000000086200000|100%| O|  |TAMS 0x0000000086200000, 0x0000000086100000| Updating 
|  98|0x0000000086200000, 0x0000000086300000, 0x0000000086300000|100%| O|  |TAMS 0x0000000086300000, 0x0000000086200000| Updating 
|  99|0x0000000086300000, 0x0000000086400000, 0x0000000086400000|100%| O|  |TAMS 0x0000000086400000, 0x0000000086300000| Updating 
| 100|0x0000000086400000, 0x0000000086500000, 0x0000000086500000|100%| O|  |TAMS 0x0000000086500000, 0x0000000086400000| Updating 
| 101|0x0000000086500000, 0x0000000086600000, 0x0000000086600000|100%| O|  |TAMS 0x0000000086600000, 0x0000000086500000| Updating 
| 102|0x0000000086600000, 0x0000000086700000, 0x0000000086700000|100%|HS|  |TAMS 0x0000000086700000, 0x0000000086600000| Complete 
| 103|0x0000000086700000, 0x0000000086800000, 0x0000000086800000|100%|HC|  |TAMS 0x0000000086800000, 0x0000000086700000| Complete 
| 104|0x0000000086800000, 0x0000000086900000, 0x0000000086900000|100%|HS|  |TAMS 0x0000000086900000, 0x0000000086800000| Complete 
| 105|0x0000000086900000, 0x0000000086a00000, 0x0000000086a00000|100%|HC|  |TAMS 0x0000000086a00000, 0x0000000086900000| Complete 
| 106|0x0000000086a00000, 0x0000000086b00000, 0x0000000086b00000|100%|HC|  |TAMS 0x0000000086b00000, 0x0000000086a00000| Complete 
| 107|0x0000000086b00000, 0x0000000086c00000, 0x0000000086c00000|100%|HC|  |TAMS 0x0000000086c00000, 0x0000000086b00000| Complete 
| 108|0x0000000086c00000, 0x0000000086d00000, 0x0000000086d00000|100%|HC|  |TAMS 0x0000000086d00000, 0x0000000086c00000| Complete 
| 109|0x0000000086d00000, 0x0000000086e00000, 0x0000000086e00000|100%|HC|  |TAMS 0x0000000086e00000, 0x0000000086d00000| Complete 
| 110|0x0000000086e00000, 0x0000000086f00000, 0x0000000086f00000|100%|HS|  |TAMS 0x0000000086f00000, 0x0000000086e00000| Complete 
| 111|0x0000000086f00000, 0x0000000087000000, 0x0000000087000000|100%|HC|  |TAMS 0x0000000087000000, 0x0000000086f00000| Complete 
| 112|0x0000000087000000, 0x0000000087100000, 0x0000000087100000|100%|HC|  |TAMS 0x0000000087100000, 0x0000000087000000| Complete 
| 113|0x0000000087100000, 0x0000000087200000, 0x0000000087200000|100%|HS|  |TAMS 0x0000000087200000, 0x0000000087100000| Complete 
| 114|0x0000000087200000, 0x0000000087300000, 0x0000000087300000|100%|HS|  |TAMS 0x0000000087300000, 0x0000000087200000| Complete 
| 115|0x0000000087300000, 0x0000000087400000, 0x0000000087400000|100%|HS|  |TAMS 0x0000000087400000, 0x0000000087300000| Complete 
| 116|0x0000000087400000, 0x0000000087500000, 0x0000000087500000|100%|HS|  |TAMS 0x0000000087500000, 0x0000000087400000| Complete 
| 117|0x0000000087500000, 0x0000000087600000, 0x0000000087600000|100%|HS|  |TAMS 0x0000000087600000, 0x0000000087500000| Complete 
| 118|0x0000000087600000, 0x0000000087700000, 0x0000000087700000|100%|HS|  |TAMS 0x0000000087700000, 0x0000000087600000| Complete 
| 119|0x0000000087700000, 0x0000000087800000, 0x0000000087800000|100%|HC|  |TAMS 0x0000000087800000, 0x0000000087700000| Complete 
| 120|0x0000000087800000, 0x0000000087900000, 0x0000000087900000|100%|HS|  |TAMS 0x0000000087900000, 0x0000000087800000| Complete 
| 121|0x0000000087900000, 0x0000000087a00000, 0x0000000087a00000|100%|HS|  |TAMS 0x0000000087a00000, 0x0000000087900000| Complete 
| 122|0x0000000087a00000, 0x0000000087b00000, 0x0000000087b00000|100%|HC|  |TAMS 0x0000000087b00000, 0x0000000087a00000| Complete 
| 123|0x0000000087b00000, 0x0000000087c00000, 0x0000000087c00000|100%|HS|  |TAMS 0x0000000087c00000, 0x0000000087b00000| Complete 
| 124|0x0000000087c00000, 0x0000000087d00000, 0x0000000087d00000|100%|HC|  |TAMS 0x0000000087d00000, 0x0000000087c00000| Complete 
| 125|0x0000000087d00000, 0x0000000087e00000, 0x0000000087e00000|100%|HS|  |TAMS 0x0000000087e00000, 0x0000000087d00000| Complete 
| 126|0x0000000087e00000, 0x0000000087f00000, 0x0000000087f00000|100%|HC|  |TAMS 0x0000000087f00000, 0x0000000087e00000| Complete 
| 127|0x0000000087f00000, 0x0000000088000000, 0x0000000088000000|100%|HC|  |TAMS 0x0000000088000000, 0x0000000087f00000| Complete 
| 128|0x0000000088000000, 0x0000000088100000, 0x0000000088100000|100%| O|  |TAMS 0x0000000088100000, 0x0000000088000000| Updating 
| 129|0x0000000088100000, 0x0000000088200000, 0x0000000088200000|100%| O|  |TAMS 0x0000000088200000, 0x0000000088100000| Updating 
| 130|0x0000000088200000, 0x0000000088300000, 0x0000000088300000|100%| O|  |TAMS 0x0000000088300000, 0x0000000088200000| Updating 
| 131|0x0000000088300000, 0x0000000088400000, 0x0000000088400000|100%| O|  |TAMS 0x0000000088400000, 0x0000000088300000| Updating 
| 132|0x0000000088400000, 0x0000000088500000, 0x0000000088500000|100%|HS|  |TAMS 0x0000000088500000, 0x0000000088400000| Complete 
| 133|0x0000000088500000, 0x0000000088600000, 0x0000000088600000|100%|HC|  |TAMS 0x0000000088600000, 0x0000000088500000| Complete 
| 134|0x0000000088600000, 0x0000000088700000, 0x0000000088700000|100%| O|  |TAMS 0x0000000088700000, 0x0000000088600000| Updating 
| 135|0x0000000088700000, 0x0000000088800000, 0x0000000088800000|100%|HS|  |TAMS 0x0000000088800000, 0x0000000088700000| Complete 
| 136|0x0000000088800000, 0x0000000088900000, 0x0000000088900000|100%| O|  |TAMS 0x0000000088900000, 0x0000000088800000| Updating 
| 137|0x0000000088900000, 0x0000000088a00000, 0x0000000088a00000|100%| O|  |TAMS 0x0000000088a00000, 0x0000000088900000| Updating 
| 138|0x0000000088a00000, 0x0000000088b00000, 0x0000000088b00000|100%| O|  |TAMS 0x0000000088b00000, 0x0000000088a00000| Updating 
| 139|0x0000000088b00000, 0x0000000088c00000, 0x0000000088c00000|100%| O|  |TAMS 0x0000000088c00000, 0x0000000088b00000| Updating 
| 140|0x0000000088c00000, 0x0000000088d00000, 0x0000000088d00000|100%| O|  |TAMS 0x0000000088d00000, 0x0000000088c00000| Updating 
| 141|0x0000000088d00000, 0x0000000088e00000, 0x0000000088e00000|100%| O|  |TAMS 0x0000000088e00000, 0x0000000088d00000| Updating 
| 142|0x0000000088e00000, 0x0000000088f00000, 0x0000000088f00000|100%| O|  |TAMS 0x0000000088f00000, 0x0000000088e00000| Updating 
| 143|0x0000000088f00000, 0x0000000089000000, 0x0000000089000000|100%| O|  |TAMS 0x0000000089000000, 0x0000000088f00000| Updating 
| 144|0x0000000089000000, 0x0000000089100000, 0x0000000089100000|100%|HS|  |TAMS 0x0000000089100000, 0x0000000089000000| Complete 
| 145|0x0000000089100000, 0x0000000089200000, 0x0000000089200000|100%| O|  |TAMS 0x0000000089200000, 0x0000000089100000| Updating 
| 146|0x0000000089200000, 0x0000000089300000, 0x0000000089300000|100%| O|  |TAMS 0x0000000089300000, 0x0000000089200000| Updating 
| 147|0x0000000089300000, 0x0000000089400000, 0x0000000089400000|100%|HS|  |TAMS 0x0000000089400000, 0x0000000089300000| Complete 
| 148|0x0000000089400000, 0x0000000089500000, 0x0000000089500000|100%|HC|  |TAMS 0x0000000089500000, 0x0000000089400000| Complete 
| 149|0x0000000089500000, 0x0000000089600000, 0x0000000089600000|100%|HS|  |TAMS 0x0000000089600000, 0x0000000089500000| Complete 
| 150|0x0000000089600000, 0x0000000089700000, 0x0000000089700000|100%|HC|  |TAMS 0x0000000089700000, 0x0000000089600000| Complete 
| 151|0x0000000089700000, 0x0000000089800000, 0x0000000089800000|100%|HC|  |TAMS 0x0000000089800000, 0x0000000089700000| Complete 
| 152|0x0000000089800000, 0x0000000089900000, 0x0000000089900000|100%|HC|  |TAMS 0x0000000089900000, 0x0000000089800000| Complete 
| 153|0x0000000089900000, 0x0000000089a00000, 0x0000000089a00000|100%|HC|  |TAMS 0x0000000089a00000, 0x0000000089900000| Complete 
| 154|0x0000000089a00000, 0x0000000089b00000, 0x0000000089b00000|100%|HC|  |TAMS 0x0000000089b00000, 0x0000000089a00000| Complete 
| 155|0x0000000089b00000, 0x0000000089c00000, 0x0000000089c00000|100%| O|  |TAMS 0x0000000089c00000, 0x0000000089b00000| Updating 
| 156|0x0000000089c00000, 0x0000000089d00000, 0x0000000089d00000|100%| O|  |TAMS 0x0000000089d00000, 0x0000000089c00000| Updating 
| 157|0x0000000089d00000, 0x0000000089e00000, 0x0000000089e00000|100%| O|  |TAMS 0x0000000089e00000, 0x0000000089d00000| Updating 
| 158|0x0000000089e00000, 0x0000000089f00000, 0x0000000089f00000|100%|HS|  |TAMS 0x0000000089f00000, 0x0000000089e00000| Complete 
| 159|0x0000000089f00000, 0x000000008a000000, 0x000000008a000000|100%|HC|  |TAMS 0x000000008a000000, 0x0000000089f00000| Complete 
| 160|0x000000008a000000, 0x000000008a100000, 0x000000008a100000|100%|HC|  |TAMS 0x000000008a100000, 0x000000008a000000| Complete 
| 161|0x000000008a100000, 0x000000008a200000, 0x000000008a200000|100%| O|  |TAMS 0x000000008a200000, 0x000000008a100000| Updating 
| 162|0x000000008a200000, 0x000000008a300000, 0x000000008a300000|100%|HS|  |TAMS 0x000000008a300000, 0x000000008a200000| Complete 
| 163|0x000000008a300000, 0x000000008a400000, 0x000000008a400000|100%| O|  |TAMS 0x000000008a400000, 0x000000008a300000| Updating 
| 164|0x000000008a400000, 0x000000008a500000, 0x000000008a500000|100%|HS|  |TAMS 0x000000008a500000, 0x000000008a400000| Complete 
| 165|0x000000008a500000, 0x000000008a600000, 0x000000008a600000|100%| O|  |TAMS 0x000000008a600000, 0x000000008a500000| Updating 
| 166|0x000000008a600000, 0x000000008a700000, 0x000000008a700000|100%|HS|  |TAMS 0x000000008a700000, 0x000000008a600000| Complete 
| 167|0x000000008a700000, 0x000000008a800000, 0x000000008a800000|100%| O|  |TAMS 0x000000008a800000, 0x000000008a700000| Updating 
| 168|0x000000008a800000, 0x000000008a900000, 0x000000008a900000|100%|HS|  |TAMS 0x000000008a900000, 0x000000008a800000| Complete 
| 169|0x000000008a900000, 0x000000008aa00000, 0x000000008aa00000|100%|HS|  |TAMS 0x000000008aa00000, 0x000000008a900000| Complete 
| 170|0x000000008aa00000, 0x000000008ab00000, 0x000000008ab00000|100%|HC|  |TAMS 0x000000008ab00000, 0x000000008aa00000| Complete 
| 171|0x000000008ab00000, 0x000000008ac00000, 0x000000008ac00000|100%|HS|  |TAMS 0x000000008ac00000, 0x000000008ab00000| Complete 
| 172|0x000000008ac00000, 0x000000008ad00000, 0x000000008ad00000|100%|HC|  |TAMS 0x000000008ad00000, 0x000000008ac00000| Complete 
| 173|0x000000008ad00000, 0x000000008ae00000, 0x000000008ae00000|100%| O|  |TAMS 0x000000008ae00000, 0x000000008ad00000| Updating 
| 174|0x000000008ae00000, 0x000000008af00000, 0x000000008af00000|100%| O|  |TAMS 0x000000008af00000, 0x000000008ae00000| Updating 
| 175|0x000000008af00000, 0x000000008b000000, 0x000000008b000000|100%| O|  |TAMS 0x000000008af00000, 0x000000008af00000| Untracked 
| 176|0x000000008b000000, 0x000000008b100000, 0x000000008b100000|100%|HS|  |TAMS 0x000000008b100000, 0x000000008b000000| Complete 
| 177|0x000000008b100000, 0x000000008b200000, 0x000000008b200000|100%|HC|  |TAMS 0x000000008b200000, 0x000000008b100000| Complete 
| 178|0x000000008b200000, 0x000000008b300000, 0x000000008b300000|100%| O|  |TAMS 0x000000008b300000, 0x000000008b200000| Updating 
| 179|0x000000008b300000, 0x000000008b400000, 0x000000008b400000|100%| O|  |TAMS 0x000000008b400000, 0x000000008b300000| Updating 
| 180|0x000000008b400000, 0x000000008b500000, 0x000000008b500000|100%|HS|  |TAMS 0x000000008b500000, 0x000000008b400000| Complete 
| 181|0x000000008b500000, 0x000000008b600000, 0x000000008b600000|100%|HC|  |TAMS 0x000000008b600000, 0x000000008b500000| Complete 
| 182|0x000000008b600000, 0x000000008b700000, 0x000000008b700000|100%|HC|  |TAMS 0x000000008b700000, 0x000000008b600000| Complete 
| 183|0x000000008b700000, 0x000000008b800000, 0x000000008b800000|100%| O|  |TAMS 0x000000008b800000, 0x000000008b700000| Updating 
| 184|0x000000008b800000, 0x000000008b900000, 0x000000008b900000|100%| O|  |TAMS 0x000000008b900000, 0x000000008b800000| Updating 
| 185|0x000000008b900000, 0x000000008ba00000, 0x000000008ba00000|100%| O|  |TAMS 0x000000008ba00000, 0x000000008b900000| Updating 
| 186|0x000000008ba00000, 0x000000008bb00000, 0x000000008bb00000|100%| O|  |TAMS 0x000000008bb00000, 0x000000008ba00000| Updating 
| 187|0x000000008bb00000, 0x000000008bc00000, 0x000000008bc00000|100%| O|  |TAMS 0x000000008bc00000, 0x000000008bb00000| Updating 
| 188|0x000000008bc00000, 0x000000008bd00000, 0x000000008bd00000|100%| O|  |TAMS 0x000000008bd00000, 0x000000008bc00000| Updating 
| 189|0x000000008bd00000, 0x000000008be00000, 0x000000008be00000|100%| O|  |TAMS 0x000000008be00000, 0x000000008bd00000| Updating 
| 190|0x000000008be00000, 0x000000008bf00000, 0x000000008bf00000|100%| O|  |TAMS 0x000000008bf00000, 0x000000008be00000| Updating 
| 191|0x000000008bf00000, 0x000000008c000000, 0x000000008c000000|100%| O|  |TAMS 0x000000008c000000, 0x000000008bf00000| Updating 
| 192|0x000000008c000000, 0x000000008c100000, 0x000000008c100000|100%| O|  |TAMS 0x000000008c100000, 0x000000008c000000| Updating 
| 193|0x000000008c100000, 0x000000008c200000, 0x000000008c200000|100%| O|  |TAMS 0x000000008c200000, 0x000000008c100000| Updating 
| 194|0x000000008c200000, 0x000000008c300000, 0x000000008c300000|100%| O|  |TAMS 0x000000008c300000, 0x000000008c200000| Updating 
| 195|0x000000008c300000, 0x000000008c400000, 0x000000008c400000|100%| O|  |TAMS 0x000000008c400000, 0x000000008c300000| Updating 
| 196|0x000000008c400000, 0x000000008c500000, 0x000000008c500000|100%| O|  |TAMS 0x000000008c500000, 0x000000008c400000| Updating 
| 197|0x000000008c500000, 0x000000008c600000, 0x000000008c600000|100%| O|  |TAMS 0x000000008c600000, 0x000000008c500000| Updating 
| 198|0x000000008c600000, 0x000000008c700000, 0x000000008c700000|100%| O|  |TAMS 0x000000008c700000, 0x000000008c600000| Updating 
| 199|0x000000008c700000, 0x000000008c800000, 0x000000008c800000|100%| O|  |TAMS 0x000000008c800000, 0x000000008c700000| Updating 
| 200|0x000000008c800000, 0x000000008c900000, 0x000000008c900000|100%| O|  |TAMS 0x000000008c900000, 0x000000008c800000| Updating 
| 201|0x000000008c900000, 0x000000008ca00000, 0x000000008ca00000|100%| O|  |TAMS 0x000000008ca00000, 0x000000008c900000| Updating 
| 202|0x000000008ca00000, 0x000000008cb00000, 0x000000008cb00000|100%| O|  |TAMS 0x000000008cb00000, 0x000000008ca00000| Updating 
| 203|0x000000008cb00000, 0x000000008cc00000, 0x000000008cc00000|100%| O|  |TAMS 0x000000008cc00000, 0x000000008cb00000| Updating 
| 204|0x000000008cc00000, 0x000000008cd00000, 0x000000008cd00000|100%| O|  |TAMS 0x000000008cd00000, 0x000000008cc00000| Updating 
| 205|0x000000008cd00000, 0x000000008ce00000, 0x000000008ce00000|100%| O|  |TAMS 0x000000008ce00000, 0x000000008cd00000| Updating 
| 206|0x000000008ce00000, 0x000000008cf00000, 0x000000008cf00000|100%| O|  |TAMS 0x000000008cf00000, 0x000000008ce00000| Updating 
| 207|0x000000008cf00000, 0x000000008d000000, 0x000000008d000000|100%| O|  |TAMS 0x000000008d000000, 0x000000008cf00000| Updating 
| 208|0x000000008d000000, 0x000000008d100000, 0x000000008d100000|100%|HS|  |TAMS 0x000000008d000000, 0x000000008d000000| Complete 
| 209|0x000000008d100000, 0x000000008d200000, 0x000000008d200000|100%| O|  |TAMS 0x000000008d100000, 0x000000008d100000| Untracked 
| 210|0x000000008d200000, 0x000000008d300000, 0x000000008d300000|100%| O|  |TAMS 0x000000008d200000, 0x000000008d200000| Untracked 
| 211|0x000000008d300000, 0x000000008d400000, 0x000000008d400000|100%| O|  |TAMS 0x000000008d300000, 0x000000008d300000| Updating 
| 212|0x000000008d400000, 0x000000008d500000, 0x000000008d500000|100%| O|  |TAMS 0x000000008d400000, 0x000000008d400000| Untracked 
| 213|0x000000008d500000, 0x000000008d600000, 0x000000008d600000|100%| O|  |TAMS 0x000000008d500000, 0x000000008d500000| Untracked 
| 214|0x000000008d600000, 0x000000008d700000, 0x000000008d700000|100%| O|  |TAMS 0x000000008d600000, 0x000000008d600000| Untracked 
| 215|0x000000008d700000, 0x000000008d700000, 0x000000008d800000|  0%| F|  |TAMS 0x000000008d700000, 0x000000008d700000| Untracked 
| 216|0x000000008d800000, 0x000000008d800000, 0x000000008d900000|  0%| F|  |TAMS 0x000000008d800000, 0x000000008d800000| Untracked 
| 217|0x000000008d900000, 0x000000008d900000, 0x000000008da00000|  0%| F|  |TAMS 0x000000008d900000, 0x000000008d900000| Untracked 
| 218|0x000000008da00000, 0x000000008da00000, 0x000000008db00000|  0%| F|  |TAMS 0x000000008da00000, 0x000000008da00000| Untracked 
| 219|0x000000008db00000, 0x000000008db00000, 0x000000008dc00000|  0%| F|  |TAMS 0x000000008db00000, 0x000000008db00000| Untracked 
| 220|0x000000008dc00000, 0x000000008dc00000, 0x000000008dd00000|  0%| F|  |TAMS 0x000000008dc00000, 0x000000008dc00000| Untracked 
| 221|0x000000008dd00000, 0x000000008dd00000, 0x000000008de00000|  0%| F|  |TAMS 0x000000008dd00000, 0x000000008dd00000| Untracked 
| 222|0x000000008de00000, 0x000000008de00000, 0x000000008df00000|  0%| F|  |TAMS 0x000000008de00000, 0x000000008de00000| Untracked 
| 223|0x000000008df00000, 0x000000008df00000, 0x000000008e000000|  0%| F|  |TAMS 0x000000008df00000, 0x000000008df00000| Untracked 
| 224|0x000000008e000000, 0x000000008e000000, 0x000000008e100000|  0%| F|  |TAMS 0x000000008e000000, 0x000000008e000000| Untracked 
| 225|0x000000008e100000, 0x000000008e100000, 0x000000008e200000|  0%| F|  |TAMS 0x000000008e100000, 0x000000008e100000| Untracked 
| 226|0x000000008e200000, 0x000000008e200000, 0x000000008e300000|  0%| F|  |TAMS 0x000000008e200000, 0x000000008e200000| Untracked 
| 227|0x000000008e300000, 0x000000008e300000, 0x000000008e400000|  0%| F|  |TAMS 0x000000008e300000, 0x000000008e300000| Untracked 
| 228|0x000000008e400000, 0x000000008e400000, 0x000000008e500000|  0%| F|  |TAMS 0x000000008e400000, 0x000000008e400000| Untracked 
| 229|0x000000008e500000, 0x000000008e500000, 0x000000008e600000|  0%| F|  |TAMS 0x000000008e500000, 0x000000008e500000| Untracked 
| 230|0x000000008e600000, 0x000000008e600000, 0x000000008e700000|  0%| F|  |TAMS 0x000000008e600000, 0x000000008e600000| Untracked 
| 231|0x000000008e700000, 0x000000008e700000, 0x000000008e800000|  0%| F|  |TAMS 0x000000008e700000, 0x000000008e700000| Untracked 
| 232|0x000000008e800000, 0x000000008e800000, 0x000000008e900000|  0%| F|  |TAMS 0x000000008e800000, 0x000000008e800000| Untracked 
| 233|0x000000008e900000, 0x000000008e900000, 0x000000008ea00000|  0%| F|  |TAMS 0x000000008e900000, 0x000000008e900000| Untracked 
| 234|0x000000008ea00000, 0x000000008ea00000, 0x000000008eb00000|  0%| F|  |TAMS 0x000000008ea00000, 0x000000008ea00000| Untracked 
| 235|0x000000008eb00000, 0x000000008eb00000, 0x000000008ec00000|  0%| F|  |TAMS 0x000000008eb00000, 0x000000008eb00000| Untracked 
| 236|0x000000008ec00000, 0x000000008ec00000, 0x000000008ed00000|  0%| F|  |TAMS 0x000000008ec00000, 0x000000008ec00000| Untracked 
| 237|0x000000008ed00000, 0x000000008ed00000, 0x000000008ee00000|  0%| F|  |TAMS 0x000000008ed00000, 0x000000008ed00000| Untracked 
| 238|0x000000008ee00000, 0x000000008ee00000, 0x000000008ef00000|  0%| F|  |TAMS 0x000000008ee00000, 0x000000008ee00000| Untracked 
| 239|0x000000008ef00000, 0x000000008ef00000, 0x000000008f000000|  0%| F|  |TAMS 0x000000008ef00000, 0x000000008ef00000| Untracked 
| 240|0x000000008f000000, 0x000000008f000000, 0x000000008f100000|  0%| F|  |TAMS 0x000000008f000000, 0x000000008f000000| Untracked 
| 241|0x000000008f100000, 0x000000008f100000, 0x000000008f200000|  0%| F|  |TAMS 0x000000008f100000, 0x000000008f100000| Untracked 
| 242|0x000000008f200000, 0x000000008f200000, 0x000000008f300000|  0%| F|  |TAMS 0x000000008f200000, 0x000000008f200000| Untracked 
| 243|0x000000008f300000, 0x000000008f300000, 0x000000008f400000|  0%| F|  |TAMS 0x000000008f300000, 0x000000008f300000| Untracked 
| 244|0x000000008f400000, 0x000000008f400000, 0x000000008f500000|  0%| F|  |TAMS 0x000000008f400000, 0x000000008f400000| Untracked 
| 245|0x000000008f500000, 0x000000008f500000, 0x000000008f600000|  0%| F|  |TAMS 0x000000008f500000, 0x000000008f500000| Untracked 
| 246|0x000000008f600000, 0x000000008f600000, 0x000000008f700000|  0%| F|  |TAMS 0x000000008f600000, 0x000000008f600000| Untracked 
| 247|0x000000008f700000, 0x000000008f700000, 0x000000008f800000|  0%| F|  |TAMS 0x000000008f700000, 0x000000008f700000| Untracked 
| 248|0x000000008f800000, 0x000000008f800000, 0x000000008f900000|  0%| F|  |TAMS 0x000000008f800000, 0x000000008f800000| Untracked 
| 249|0x000000008f900000, 0x000000008f900000, 0x000000008fa00000|  0%| F|  |TAMS 0x000000008f900000, 0x000000008f900000| Untracked 
| 250|0x000000008fa00000, 0x000000008fa00000, 0x000000008fb00000|  0%| F|  |TAMS 0x000000008fa00000, 0x000000008fa00000| Untracked 
| 251|0x000000008fb00000, 0x000000008fb00000, 0x000000008fc00000|  0%| F|  |TAMS 0x000000008fb00000, 0x000000008fb00000| Untracked 
| 252|0x000000008fc00000, 0x000000008fc00000, 0x000000008fd00000|  0%| F|  |TAMS 0x000000008fc00000, 0x000000008fc00000| Untracked 
| 253|0x000000008fd00000, 0x000000008fd00000, 0x000000008fe00000|  0%| F|  |TAMS 0x000000008fd00000, 0x000000008fd00000| Untracked 
| 254|0x000000008fe00000, 0x000000008fe00000, 0x000000008ff00000|  0%| F|  |TAMS 0x000000008fe00000, 0x000000008fe00000| Untracked 
| 255|0x000000008ff00000, 0x000000008ff00000, 0x0000000090000000|  0%| F|  |TAMS 0x000000008ff00000, 0x000000008ff00000| Untracked 
| 256|0x0000000090000000, 0x0000000090000000, 0x0000000090100000|  0%| F|  |TAMS 0x0000000090000000, 0x0000000090000000| Untracked 
| 257|0x0000000090100000, 0x0000000090100000, 0x0000000090200000|  0%| F|  |TAMS 0x0000000090100000, 0x0000000090100000| Untracked 
| 258|0x0000000090200000, 0x0000000090200000, 0x0000000090300000|  0%| F|  |TAMS 0x0000000090200000, 0x0000000090200000| Untracked 
| 259|0x0000000090300000, 0x0000000090300000, 0x0000000090400000|  0%| F|  |TAMS 0x0000000090300000, 0x0000000090300000| Untracked 
| 260|0x0000000090400000, 0x0000000090400000, 0x0000000090500000|  0%| F|  |TAMS 0x0000000090400000, 0x0000000090400000| Untracked 
| 261|0x0000000090500000, 0x0000000090500000, 0x0000000090600000|  0%| F|  |TAMS 0x0000000090500000, 0x0000000090500000| Untracked 
| 262|0x0000000090600000, 0x0000000090600000, 0x0000000090700000|  0%| F|  |TAMS 0x0000000090600000, 0x0000000090600000| Untracked 
| 263|0x0000000090700000, 0x0000000090700000, 0x0000000090800000|  0%| F|  |TAMS 0x0000000090700000, 0x0000000090700000| Untracked 
| 264|0x0000000090800000, 0x0000000090800000, 0x0000000090900000|  0%| F|  |TAMS 0x0000000090800000, 0x0000000090800000| Untracked 
| 265|0x0000000090900000, 0x0000000090900000, 0x0000000090a00000|  0%| F|  |TAMS 0x0000000090900000, 0x0000000090900000| Untracked 
| 266|0x0000000090a00000, 0x0000000090a00000, 0x0000000090b00000|  0%| F|  |TAMS 0x0000000090a00000, 0x0000000090a00000| Untracked 
| 267|0x0000000090b00000, 0x0000000090b00000, 0x0000000090c00000|  0%| F|  |TAMS 0x0000000090b00000, 0x0000000090b00000| Untracked 
| 268|0x0000000090c00000, 0x0000000090c00000, 0x0000000090d00000|  0%| F|  |TAMS 0x0000000090c00000, 0x0000000090c00000| Untracked 
| 269|0x0000000090d00000, 0x0000000090d00000, 0x0000000090e00000|  0%| F|  |TAMS 0x0000000090d00000, 0x0000000090d00000| Untracked 
| 270|0x0000000090e00000, 0x0000000090e00000, 0x0000000090f00000|  0%| F|  |TAMS 0x0000000090e00000, 0x0000000090e00000| Untracked 
| 271|0x0000000090f00000, 0x0000000090f00000, 0x0000000091000000|  0%| F|  |TAMS 0x0000000090f00000, 0x0000000090f00000| Untracked 
| 272|0x0000000091000000, 0x0000000091000000, 0x0000000091100000|  0%| F|  |TAMS 0x0000000091000000, 0x0000000091000000| Untracked 
| 273|0x0000000091100000, 0x0000000091100000, 0x0000000091200000|  0%| F|  |TAMS 0x0000000091100000, 0x0000000091100000| Untracked 
| 274|0x0000000091200000, 0x0000000091200000, 0x0000000091300000|  0%| F|  |TAMS 0x0000000091200000, 0x0000000091200000| Untracked 
| 275|0x0000000091300000, 0x0000000091400000, 0x0000000091400000|100%| S|CS|TAMS 0x0000000091300000, 0x0000000091300000| Complete 
| 276|0x0000000091400000, 0x0000000091500000, 0x0000000091500000|100%| S|CS|TAMS 0x0000000091400000, 0x0000000091400000| Complete 
| 277|0x0000000091500000, 0x0000000091500000, 0x0000000091600000|  0%| F|  |TAMS 0x0000000091500000, 0x0000000091500000| Untracked 
| 278|0x0000000091600000, 0x0000000091600000, 0x0000000091700000|  0%| F|  |TAMS 0x0000000091600000, 0x0000000091600000| Untracked 
| 279|0x0000000091700000, 0x0000000091700000, 0x0000000091800000|  0%| F|  |TAMS 0x0000000091700000, 0x0000000091700000| Untracked 
| 280|0x0000000091800000, 0x0000000091800000, 0x0000000091900000|  0%| F|  |TAMS 0x0000000091800000, 0x0000000091800000| Untracked 
| 281|0x0000000091900000, 0x0000000091a00000, 0x0000000091a00000|100%| S|CS|TAMS 0x0000000091900000, 0x0000000091900000| Complete 
| 282|0x0000000091a00000, 0x0000000091b00000, 0x0000000091b00000|100%| S|CS|TAMS 0x0000000091a00000, 0x0000000091a00000| Complete 
| 283|0x0000000091b00000, 0x0000000091b00000, 0x0000000091c00000|  0%| F|  |TAMS 0x0000000091b00000, 0x0000000091b00000| Untracked 
| 284|0x0000000091c00000, 0x0000000091c00000, 0x0000000091d00000|  0%| F|  |TAMS 0x0000000091c00000, 0x0000000091c00000| Untracked 
| 285|0x0000000091d00000, 0x0000000091d00000, 0x0000000091e00000|  0%| F|  |TAMS 0x0000000091d00000, 0x0000000091d00000| Untracked 
| 286|0x0000000091e00000, 0x0000000091e00000, 0x0000000091f00000|  0%| F|  |TAMS 0x0000000091e00000, 0x0000000091e00000| Untracked 
| 287|0x0000000091f00000, 0x0000000091f00000, 0x0000000092000000|  0%| F|  |TAMS 0x0000000091f00000, 0x0000000091f00000| Untracked 
| 288|0x0000000092000000, 0x0000000092000000, 0x0000000092100000|  0%| F|  |TAMS 0x0000000092000000, 0x0000000092000000| Untracked 
| 289|0x0000000092100000, 0x0000000092100000, 0x0000000092200000|  0%| F|  |TAMS 0x0000000092100000, 0x0000000092100000| Untracked 
| 290|0x0000000092200000, 0x0000000092200000, 0x0000000092300000|  0%| F|  |TAMS 0x0000000092200000, 0x0000000092200000| Untracked 
| 291|0x0000000092300000, 0x0000000092300000, 0x0000000092400000|  0%| F|  |TAMS 0x0000000092300000, 0x0000000092300000| Untracked 
| 292|0x0000000092400000, 0x0000000092400000, 0x0000000092500000|  0%| F|  |TAMS 0x0000000092400000, 0x0000000092400000| Untracked 
| 293|0x0000000092500000, 0x0000000092500000, 0x0000000092600000|  0%| F|  |TAMS 0x0000000092500000, 0x0000000092500000| Untracked 
| 294|0x0000000092600000, 0x0000000092600000, 0x0000000092700000|  0%| F|  |TAMS 0x0000000092600000, 0x0000000092600000| Untracked 
| 295|0x0000000092700000, 0x0000000092700000, 0x0000000092800000|  0%| F|  |TAMS 0x0000000092700000, 0x0000000092700000| Untracked 
| 296|0x0000000092800000, 0x0000000092800000, 0x0000000092900000|  0%| F|  |TAMS 0x0000000092800000, 0x0000000092800000| Untracked 
| 297|0x0000000092900000, 0x0000000092900000, 0x0000000092a00000|  0%| F|  |TAMS 0x0000000092900000, 0x0000000092900000| Untracked 
| 298|0x0000000092a00000, 0x0000000092a00000, 0x0000000092b00000|  0%| F|  |TAMS 0x0000000092a00000, 0x0000000092a00000| Untracked 
| 299|0x0000000092b00000, 0x0000000092b00000, 0x0000000092c00000|  0%| F|  |TAMS 0x0000000092b00000, 0x0000000092b00000| Untracked 
| 300|0x0000000092c00000, 0x0000000092c00000, 0x0000000092d00000|  0%| F|  |TAMS 0x0000000092c00000, 0x0000000092c00000| Untracked 
| 301|0x0000000092d00000, 0x0000000092d00000, 0x0000000092e00000|  0%| F|  |TAMS 0x0000000092d00000, 0x0000000092d00000| Untracked 
| 302|0x0000000092e00000, 0x0000000092e00000, 0x0000000092f00000|  0%| F|  |TAMS 0x0000000092e00000, 0x0000000092e00000| Untracked 
| 303|0x0000000092f00000, 0x0000000092f00000, 0x0000000093000000|  0%| F|  |TAMS 0x0000000092f00000, 0x0000000092f00000| Untracked 
| 304|0x0000000093000000, 0x0000000093000000, 0x0000000093100000|  0%| F|  |TAMS 0x0000000093000000, 0x0000000093000000| Untracked 
| 305|0x0000000093100000, 0x0000000093100000, 0x0000000093200000|  0%| F|  |TAMS 0x0000000093100000, 0x0000000093100000| Untracked 
| 306|0x0000000093200000, 0x0000000093200000, 0x0000000093300000|  0%| F|  |TAMS 0x0000000093200000, 0x0000000093200000| Untracked 
| 307|0x0000000093300000, 0x0000000093300000, 0x0000000093400000|  0%| F|  |TAMS 0x0000000093300000, 0x0000000093300000| Untracked 
| 308|0x0000000093400000, 0x0000000093400000, 0x0000000093500000|  0%| F|  |TAMS 0x0000000093400000, 0x0000000093400000| Untracked 
| 309|0x0000000093500000, 0x0000000093500000, 0x0000000093600000|  0%| F|  |TAMS 0x0000000093500000, 0x0000000093500000| Untracked 

Card table byte_map: [0x000001e06a400000,0x000001e06a800000] _byte_map_base: 0x000001e06a000000

Marking Bits (Prev, Next): (CMBitMap*) 0x000001e05758d558, (CMBitMap*) 0x000001e05758d590
 Prev Bits: [0x000001e06ac00000, 0x000001e06cc00000)
 Next Bits: [0x000001e06cc00000, 0x000001e06ec00000)

Polling page: 0x000001e0552f0000

Metaspace:

Usage:
  Non-class:     81.28 MB capacity,    79.87 MB ( 98%) used,     1.16 MB (  1%) free+waste,   255.00 KB ( <1%) overhead. 
      Class:     12.49 MB capacity,    11.68 MB ( 94%) used,   716.16 KB (  6%) free+waste,   112.50 KB ( <1%) overhead. 
       Both:     93.77 MB capacity,    91.55 MB ( 98%) used,     1.86 MB (  2%) free+waste,   367.50 KB ( <1%) overhead. 

Virtual space:
  Non-class space:       82.00 MB reserved,      81.45 MB (>99%) committed 
      Class space:        1.00 GB reserved,      12.50 MB (  1%) committed 
             Both:        1.08 GB reserved,      93.95 MB (  8%) committed 

Chunk freelists:
   Non-Class:  44.00 KB
       Class:  14.00 KB
        Both:  58.00 KB

MaxMetaspaceSize: 17179869184.00 GB
CompressedClassSpaceSize: 1.00 GB

CodeHeap 'non-profiled nmethods': size=120064Kb used=9248Kb max_used=9248Kb free=110815Kb
 bounds [0x000001e062ac0000, 0x000001e0633d0000, 0x000001e06a000000]
CodeHeap 'profiled nmethods': size=120000Kb used=27935Kb max_used=27935Kb free=92064Kb
 bounds [0x000001e05b590000, 0x000001e05d0e0000, 0x000001e062ac0000]
CodeHeap 'non-nmethods': size=5696Kb used=2302Kb max_used=2367Kb free=3393Kb
 bounds [0x000001e05b000000, 0x000001e05b270000, 0x000001e05b590000]
 total_blobs=13547 nmethods=12642 adapters=816
 compilation: enabled
              stopped_count=0, restarted_count=0
 full_count=0

Compilation events (20 events):
Event: 47.096 Thread 0x000001e071a8c800 nmethod 12684 0x000001e0633bc590 code [0x000001e0633bc720, 0x000001e0633bc898]
Event: 47.135 Thread 0x000001e071a8c800 12700       4       com.google.common.cache.LocalCache$LocalManualCache$1::load (10 bytes)
Event: 47.145 Thread 0x000001e071a8c800 nmethod 12700 0x000001e0633bc990 code [0x000001e0633bcba0, 0x000001e0633bd0f0]
Event: 47.176 Thread 0x000001e071a90000 12701       3       com.android.tools.r8.internal.lU0::d (188 bytes)
Event: 47.177 Thread 0x000001e071a90000 nmethod 12701 0x000001e05d0d2c10 code [0x000001e05d0d2ea0, 0x000001e05d0d3b68]
Event: 47.202 Thread 0x000001e071a8c800 12702       4       com.android.tools.r8.graph.Q0::g (62 bytes)
Event: 47.222 Thread 0x000001e071a8c800 nmethod 12702 0x000001e0633bd510 code [0x000001e0633bd700, 0x000001e0633bde18]
Event: 47.223 Thread 0x000001e071a8c800 12703       4       com.android.tools.r8.internal.vb1::a (34 bytes)
Event: 47.225 Thread 0x000001e071a8c800 nmethod 12703 0x000001e0633be390 code [0x000001e0633be520, 0x000001e0633be698]
Event: 47.225 Thread 0x000001e071a8c800 12704       4       com.android.tools.r8.dex.r::h (23 bytes)
Event: 47.228 Thread 0x000001e071a8c800 nmethod 12704 0x000001e0633be790 code [0x000001e0633be940, 0x000001e0633beae8]
Event: 47.228 Thread 0x000001e071a8c800 12705       4       com.android.tools.r8.internal.vb1::a (34 bytes)
Event: 47.230 Thread 0x000001e071a8c800 nmethod 12705 0x000001e0633bec90 code [0x000001e0633bee20, 0x000001e0633bef98]
Event: 47.230 Thread 0x000001e071a8c800 12706       4       org.gradle.internal.snapshot.AbstractListChildMap::store (72 bytes)
Event: 47.235 Thread 0x000001e071a90000 12711   !   3       java.util.concurrent.ConcurrentHashMap::putVal (432 bytes)
Event: 47.238 Thread 0x000001e071a90000 nmethod 12711 0x000001e05d0d4010 code [0x000001e05d0d43a0, 0x000001e05d0d6458]
Event: 47.385 Thread 0x000001e071a90000 12713       3       java.math.BigInteger::<init> (93 bytes)
Event: 47.386 Thread 0x000001e071a90000 nmethod 12713 0x000001e05d0d6e90 code [0x000001e05d0d7100, 0x000001e05d0d7a08]
Event: 47.407 Thread 0x000001e0744ba000 nmethod 12696 0x000001e0633bf090 code [0x000001e0633bf660, 0x000001e0633c4778]
Event: 47.408 Thread 0x000001e0744ba000 12712   !   4       java.util.concurrent.ConcurrentHashMap::putVal (432 bytes)

GC Heap History (20 events):
Event: 45.536 GC heap after
{Heap after GC invocations=39 (full 0):
 garbage-first heap   total 201728K, used 180845K [0x0000000080000000, 0x0000000100000000)
  region size 1024K, 2 young (2048K), 2 survivors (2048K)
 Metaspace       used 93487K, capacity 95719K, committed 95948K, reserved 1132544K
  class space    used 11929K, capacity 12751K, committed 12800K, reserved 1048576K
}
Event: 45.807 GC heap before
{Heap before GC invocations=39 (full 0):
 garbage-first heap   total 201728K, used 197229K [0x0000000080000000, 0x0000000100000000)
  region size 1024K, 9 young (9216K), 2 survivors (2048K)
 Metaspace       used 93716K, capacity 95953K, committed 96204K, reserved 1132544K
  class space    used 11956K, capacity 12786K, committed 12800K, reserved 1048576K
}
Event: 45.814 GC heap after
{Heap after GC invocations=40 (full 0):
 garbage-first heap   total 203776K, used 189393K [0x0000000080000000, 0x0000000100000000)
  region size 1024K, 2 young (2048K), 2 survivors (2048K)
 Metaspace       used 93716K, capacity 95953K, committed 96204K, reserved 1132544K
  class space    used 11956K, capacity 12786K, committed 12800K, reserved 1048576K
}
Event: 45.881 GC heap before
{Heap before GC invocations=40 (full 0):
 garbage-first heap   total 203776K, used 196561K [0x0000000080000000, 0x0000000100000000)
  region size 1024K, 9 young (9216K), 2 survivors (2048K)
 Metaspace       used 93719K, capacity 95954K, committed 96204K, reserved 1132544K
  class space    used 11956K, capacity 12786K, committed 12800K, reserved 1048576K
}
Event: 45.889 GC heap after
{Heap after GC invocations=41 (full 0):
 garbage-first heap   total 203776K, used 190824K [0x0000000080000000, 0x0000000100000000)
  region size 1024K, 2 young (2048K), 2 survivors (2048K)
 Metaspace       used 93719K, capacity 95954K, committed 96204K, reserved 1132544K
  class space    used 11956K, capacity 12786K, committed 12800K, reserved 1048576K
}
Event: 45.931 GC heap before
{Heap before GC invocations=42 (full 0):
 garbage-first heap   total 203776K, used 196968K [0x0000000080000000, 0x0000000100000000)
  region size 1024K, 9 young (9216K), 2 survivors (2048K)
 Metaspace       used 93719K, capacity 95954K, committed 96204K, reserved 1132544K
  class space    used 11956K, capacity 12786K, committed 12800K, reserved 1048576K
}
Event: 45.939 GC heap after
{Heap after GC invocations=43 (full 0):
 garbage-first heap   total 203776K, used 192029K [0x0000000080000000, 0x0000000100000000)
  region size 1024K, 2 young (2048K), 2 survivors (2048K)
 Metaspace       used 93719K, capacity 95954K, committed 96204K, reserved 1132544K
  class space    used 11956K, capacity 12786K, committed 12800K, reserved 1048576K
}
Event: 45.964 GC heap before
{Heap before GC invocations=43 (full 0):
 garbage-first heap   total 203776K, used 198173K [0x0000000080000000, 0x0000000100000000)
  region size 1024K, 9 young (9216K), 2 survivors (2048K)
 Metaspace       used 93719K, capacity 95954K, committed 96204K, reserved 1132544K
  class space    used 11956K, capacity 12786K, committed 12800K, reserved 1048576K
}
Event: 45.979 GC heap after
{Heap after GC invocations=44 (full 0):
 garbage-first heap   total 203776K, used 193650K [0x0000000080000000, 0x0000000100000000)
  region size 1024K, 2 young (2048K), 2 survivors (2048K)
 Metaspace       used 93719K, capacity 95954K, committed 96204K, reserved 1132544K
  class space    used 11956K, capacity 12786K, committed 12800K, reserved 1048576K
}
Event: 46.060 GC heap before
{Heap before GC invocations=44 (full 0):
 garbage-first heap   total 203776K, used 200818K [0x0000000080000000, 0x0000000100000000)
  region size 1024K, 9 young (9216K), 2 survivors (2048K)
 Metaspace       used 93722K, capacity 95954K, committed 96204K, reserved 1132544K
  class space    used 11956K, capacity 12786K, committed 12800K, reserved 1048576K
}
Event: 46.075 GC heap after
{Heap after GC invocations=45 (full 0):
 garbage-first heap   total 205824K, used 196155K [0x0000000080000000, 0x0000000100000000)
  region size 1024K, 2 young (2048K), 2 survivors (2048K)
 Metaspace       used 93722K, capacity 95954K, committed 96204K, reserved 1132544K
  class space    used 11956K, capacity 12786K, committed 12800K, reserved 1048576K
}
Event: 46.167 GC heap before
{Heap before GC invocations=45 (full 0):
 garbage-first heap   total 205824K, used 205371K [0x0000000080000000, 0x0000000100000000)
  region size 1024K, 10 young (10240K), 2 survivors (2048K)
 Metaspace       used 93722K, capacity 95954K, committed 96204K, reserved 1132544K
  class space    used 11956K, capacity 12786K, committed 12800K, reserved 1048576K
}
Event: 46.186 GC heap after
{Heap after GC invocations=46 (full 0):
 garbage-first heap   total 317440K, used 199889K [0x0000000080000000, 0x0000000100000000)
  region size 1024K, 2 young (2048K), 2 survivors (2048K)
 Metaspace       used 93722K, capacity 95954K, committed 96204K, reserved 1132544K
  class space    used 11956K, capacity 12786K, committed 12800K, reserved 1048576K
}
Event: 46.625 GC heap before
{Heap before GC invocations=47 (full 0):
 garbage-first heap   total 317440K, used 237777K [0x0000000080000000, 0x0000000100000000)
  region size 1024K, 38 young (38912K), 2 survivors (2048K)
 Metaspace       used 93722K, capacity 95954K, committed 96204K, reserved 1132544K
  class space    used 11956K, capacity 12786K, committed 12800K, reserved 1048576K
}
Event: 46.665 GC heap after
{Heap after GC invocations=48 (full 0):
 garbage-first heap   total 317440K, used 212505K [0x0000000080000000, 0x0000000100000000)
  region size 1024K, 5 young (5120K), 5 survivors (5120K)
 Metaspace       used 93722K, capacity 95954K, committed 96204K, reserved 1132544K
  class space    used 11956K, capacity 12786K, committed 12800K, reserved 1048576K
}
Event: 46.684 GC heap before
{Heap before GC invocations=48 (full 0):
 garbage-first heap   total 317440K, used 215577K [0x0000000080000000, 0x0000000100000000)
  region size 1024K, 9 young (9216K), 5 survivors (5120K)
 Metaspace       used 93722K, capacity 95954K, committed 96204K, reserved 1132544K
  class space    used 11956K, capacity 12786K, committed 12800K, reserved 1048576K
}
Event: 46.715 GC heap after
{Heap after GC invocations=49 (full 0):
 garbage-first heap   total 317440K, used 214768K [0x0000000080000000, 0x0000000100000000)
  region size 1024K, 2 young (2048K), 2 survivors (2048K)
 Metaspace       used 93722K, capacity 95954K, committed 96204K, reserved 1132544K
  class space    used 11956K, capacity 12786K, committed 12800K, reserved 1048576K
}
Event: 46.997 GC heap before
{Heap before GC invocations=49 (full 0):
 garbage-first heap   total 317440K, used 242416K [0x0000000080000000, 0x0000000100000000)
  region size 1024K, 29 young (29696K), 2 survivors (2048K)
 Metaspace       used 93741K, capacity 96018K, committed 96204K, reserved 1132544K
  class space    used 11957K, capacity 12786K, committed 12800K, reserved 1048576K
}
Event: 47.017 GC heap after
{Heap after GC invocations=50 (full 0):
 garbage-first heap   total 317440K, used 220647K [0x0000000080000000, 0x0000000100000000)
  region size 1024K, 4 young (4096K), 4 survivors (4096K)
 Metaspace       used 93741K, capacity 96018K, committed 96204K, reserved 1132544K
  class space    used 11957K, capacity 12786K, committed 12800K, reserved 1048576K
}
Event: 47.428 GC heap before
{Heap before GC invocations=50 (full 0):
 garbage-first heap   total 317440K, used 246247K [0x0000000080000000, 0x0000000100000000)
  region size 1024K, 31 young (31744K), 4 survivors (4096K)
 Metaspace       used 93743K, capacity 96018K, committed 96204K, reserved 1132544K
  class space    used 11957K, capacity 12786K, committed 12800K, reserved 1048576K
}

Deoptimization events (20 events):
Event: 47.226 Thread 0x000001e0765c3800 DEOPT PACKING pc=0x000001e05d0a4b56 sp=0x000000b555dfd3b0
Event: 47.226 Thread 0x000001e0765c3800 DEOPT UNPACKING pc=0x000001e05b02764e sp=0x000000b555dfca70 mode 0
Event: 47.227 Thread 0x000001e0765c3800 DEOPT PACKING pc=0x000001e05d0a4b56 sp=0x000000b555dfd3b0
Event: 47.227 Thread 0x000001e0765c3800 DEOPT UNPACKING pc=0x000001e05b02764e sp=0x000000b555dfca70 mode 0
Event: 47.229 Thread 0x000001e0765c3800 DEOPT PACKING pc=0x000001e05d0a4b56 sp=0x000000b555dfd3b0
Event: 47.229 Thread 0x000001e0765c3800 DEOPT UNPACKING pc=0x000001e05b02764e sp=0x000000b555dfca70 mode 0
Event: 47.234 Thread 0x000001e0765c3800 Uncommon trap: trap_request=0xffffffc6 fr.pc=0x000001e06339b3e0 relative=0x00000000000007e0
Event: 47.234 Thread 0x000001e0765c3800 Uncommon trap: reason=bimorphic_or_optimized_type_check action=maybe_recompile pc=0x000001e06339b3e0 method=java.util.concurrent.ConcurrentHashMap.get(Ljava/lang/Object;)Ljava/lang/Object; @ 93 c2
Event: 47.234 Thread 0x000001e0765c3800 DEOPT PACKING pc=0x000001e06339b3e0 sp=0x000000b555dfd530
Event: 47.234 Thread 0x000001e0765c3800 DEOPT UNPACKING pc=0x000001e05b02782f sp=0x000000b555dfd450 mode 2
Event: 47.234 Thread 0x000001e0765c3800 Uncommon trap: trap_request=0xffffff4d fr.pc=0x000001e0633b9554 relative=0x0000000000001214
Event: 47.235 Thread 0x000001e0765c3800 Uncommon trap: reason=unstable_if action=reinterpret pc=0x000001e0633b9554 method=java.util.concurrent.ConcurrentHashMap.putVal(Ljava/lang/Object;Ljava/lang/Object;Z)Ljava/lang/Object; @ 202 c2
Event: 47.235 Thread 0x000001e0765c3800 DEOPT PACKING pc=0x000001e0633b9554 sp=0x000000b555dfd420
Event: 47.235 Thread 0x000001e0765c3800 DEOPT UNPACKING pc=0x000001e05b02782f sp=0x000000b555dfd3b8 mode 2
Event: 47.244 Thread 0x000001e0765c3800 DEOPT PACKING pc=0x000001e05d0a4b56 sp=0x000000b555dfd3b0
Event: 47.244 Thread 0x000001e0765c3800 DEOPT UNPACKING pc=0x000001e05b02764e sp=0x000000b555dfca70 mode 0
Event: 47.310 Thread 0x000001e073890800 Uncommon trap: trap_request=0xffffff4d fr.pc=0x000001e0631065b4 relative=0x0000000000000eb4
Event: 47.310 Thread 0x000001e073890800 Uncommon trap: reason=unstable_if action=reinterpret pc=0x000001e0631065b4 method=java.math.BigInteger.makePositive([BII)[I @ 40 c2
Event: 47.310 Thread 0x000001e073890800 DEOPT PACKING pc=0x000001e0631065b4 sp=0x000000b5516fe730
Event: 47.310 Thread 0x000001e073890800 DEOPT UNPACKING pc=0x000001e05b02782f sp=0x000000b5516fe648 mode 2

Classes redefined (0 events):
No events

Internal exceptions (20 events):
Event: 28.900 Thread 0x000001e07382f800 Exception <a 'java/lang/IncompatibleClassChangeError'{0x000000008a6b0aa8}: Found class java.lang.Object, but interface was expected> (0x000000008a6b0aa8) thrown at [./src/hotspot/share/interpreter/linkResolver.cpp, line 839]
Event: 28.938 Thread 0x000001e073894800 Exception <a 'java/lang/NoSuchMethodError'{0x000000008a489bd8}: <clinit>> (0x000000008a489bd8) thrown at [./src/hotspot/share/prims/jni.cpp, line 1362]
Event: 28.981 Thread 0x000001e07382f800 Exception <a 'java/lang/IncompatibleClassChangeError'{0x000000008a37c540}: Found class java.lang.Object, but interface was expected> (0x000000008a37c540) thrown at [./src/hotspot/share/interpreter/linkResolver.cpp, line 839]
Event: 28.987 Thread 0x000001e07382f800 Exception <a 'java/lang/IncompatibleClassChangeError'{0x000000008a3bd988}: Found class java.lang.Object, but interface was expected> (0x000000008a3bd988) thrown at [./src/hotspot/share/interpreter/linkResolver.cpp, line 839]
Event: 30.028 Thread 0x000001e07382f800 Exception <a 'java/lang/NoSuchMethodError'{0x0000000088ef0b08}: 'void java.lang.invoke.DirectMethodHandle$Holder.invokeStatic(java.lang.Object, java.lang.Object, java.lang.Object, java.lang.Object, int, java.lang.Object, java.lang.Object)'> (0x0000000088ef0b08) thrown at [./src/hotspot/share/interpreter/linkResolver.cpp, line 773]
Event: 30.266 Thread 0x000001e0762d5800 Exception <a 'java/lang/NoSuchMethodError'{0x00000000889ef2e8}: 'java.lang.Object java.lang.invoke.DirectMethodHandle$Holder.invokeSpecialIFC(java.lang.Object, java.lang.Object, java.lang.Object)'> (0x00000000889ef2e8) thrown at [./src/hotspot/share/interpreter/linkResolver.cpp, line 773]
Event: 30.401 Thread 0x000001e0762d3000 Exception <a 'java/lang/NoSuchMethodError'{0x0000000088620658}: 'int java.lang.invoke.DirectMethodHandle$Holder.invokeStaticInit(java.lang.Object, java.lang.Object, java.lang.Object, java.lang.Object, java.lang.Object)'> (0x0000000088620658) thrown at [./src/hotspot/share/interpreter/linkResolver.cpp, line 773]
Event: 30.860 Thread 0x000001e0762d4800 Exception <a 'java/lang/NoSuchMethodError'{0x0000000088096980}: 'void java.lang.invoke.DirectMethodHandle$Holder.invokeVirtual(java.lang.Object, java.lang.Object)'> (0x0000000088096980) thrown at [./src/hotspot/share/interpreter/linkResolver.cpp, line 773]
Event: 34.293 Thread 0x000001e0762d9800 Implicit null exception at 0x000001e0630d5152 to 0x000001e0630d5560
Event: 35.458 Thread 0x000001e075ea8800 Implicit null exception at 0x000001e063115988 to 0x000001e063116204
Event: 39.756 Thread 0x000001e0765c8800 Implicit null exception at 0x000001e062e93094 to 0x000001e062e9368c
Event: 40.076 Thread 0x000001e0765c8800 Exception <a 'java/lang/NoSuchMethodError'{0x000000008ad036f8}: 'void java.lang.invoke.DirectMethodHandle$Holder.invokeStatic(java.lang.Object, java.lang.Object, java.lang.Object, java.lang.Object, java.lang.Object, java.lang.Object, java.lang.Object)'> (0x000000008ad036f8) thrown at [./src/hotspot/share/interpreter/linkResolver.cpp, line 773]
Event: 40.090 Thread 0x000001e073894800 Exception <a 'java/lang/NoSuchMethodError'{0x000000008adef008}: <clinit>> (0x000000008adef008) thrown at [./src/hotspot/share/prims/jni.cpp, line 1362]
Event: 44.929 Thread 0x000001e0765c3800 Exception <a 'sun/nio/fs/WindowsException'{0x00000000897d14c0}> (0x00000000897d14c0) thrown at [./src/hotspot/share/prims/jni.cpp, line 615]
Event: 45.370 Thread 0x000001e0765bc000 Exception <a 'java/lang/NoSuchMethodError'{0x000000008b44a138}: <clinit>> (0x000000008b44a138) thrown at [./src/hotspot/share/prims/jni.cpp, line 1362]
Event: 45.371 Thread 0x000001e0765bc000 Exception <a 'java/lang/NoSuchMethodError'{0x000000008b44b900}: <clinit>> (0x000000008b44b900) thrown at [./src/hotspot/share/prims/jni.cpp, line 1362]
Event: 45.371 Thread 0x000001e0765bc000 Exception <a 'java/lang/NoSuchMethodError'{0x000000008b44e780}: <clinit>> (0x000000008b44e780) thrown at [./src/hotspot/share/prims/jni.cpp, line 1362]
Event: 45.373 Thread 0x000001e0765bc000 Exception <a 'java/lang/NoSuchMethodError'{0x000000008b46b2a0}: <clinit>> (0x000000008b46b2a0) thrown at [./src/hotspot/share/prims/jni.cpp, line 1362]
Event: 45.373 Thread 0x000001e0765bc000 Exception <a 'java/lang/NoSuchMethodError'{0x000000008b46cc48}: <clinit>> (0x000000008b46cc48) thrown at [./src/hotspot/share/prims/jni.cpp, line 1362]
Event: 45.412 Thread 0x000001e0765c3800 Exception <a 'java/lang/NoSuchMethodError'{0x000000008b3d8c90}: 'java.lang.Object java.lang.invoke.DirectMethodHandle$Holder.invokeStaticInit(java.lang.Object, java.lang.Object, java.lang.Object, java.lang.Object, java.lang.Object, java.lang.Object, java.lang.Object, java.lang.Object, java.lang.Object, java.lang.Object, java.lang.Object, java.lang.Object, java.lang.Object, java.lang.Object, java.lang.Object, java.lang.Object, java.lang.Object, java.lang.Object, int, java.lang.Object, java.lang.Object)'> (0

Events (20 events):
Event: 46.610 Executing VM operation: CGC_Operation
Event: 46.611 Executing VM operation: CGC_Operation done
Event: 46.624 Executing VM operation: G1CollectForAllocation
Event: 46.665 Executing VM operation: G1CollectForAllocation done
Event: 46.684 Executing VM operation: G1CollectForAllocation
Event: 46.715 Executing VM operation: G1CollectForAllocation done
Event: 46.970 loading class java/util/concurrent/ConcurrentHashMap$TreeNode
Event: 46.971 loading class java/util/concurrent/ConcurrentHashMap$TreeNode done
Event: 46.971 loading class java/util/concurrent/ConcurrentHashMap$TreeBin
Event: 46.972 loading class java/util/concurrent/ConcurrentHashMap$TreeBin done
Event: 46.996 Executing VM operation: G1CollectForAllocation
Event: 47.017 Executing VM operation: G1CollectForAllocation done
Event: 47.205 Executing VM operation: CGC_Operation
Event: 47.221 Executing VM operation: CGC_Operation done
Event: 47.221 Executing VM operation: RevokeBias
Event: 47.222 Executing VM operation: RevokeBias done
Event: 47.230 Thread 0x000001e0765c7800 Thread exited: 0x000001e0765c7800
Event: 47.234 Executing VM operation: RevokeBias
Event: 47.235 Executing VM operation: RevokeBias done
Event: 47.428 Executing VM operation: G1CollectForAllocation


Dynamic libraries:
0x00007ff6bb0a0000 - 0x00007ff6bb0aa000 	D:\temp\android-studio\jre\bin\java.exe
0x00007ffcbad40000 - 0x00007ffcbaf30000 	C:\WINDOWS\SYSTEM32\ntdll.dll
0x00007ffcb9210000 - 0x00007ffcb92c2000 	C:\WINDOWS\System32\KERNEL32.DLL
0x00007ffcb8b40000 - 0x00007ffcb8de5000 	C:\WINDOWS\System32\KERNELBASE.dll
0x00007ffcb8640000 - 0x00007ffcb873a000 	C:\WINDOWS\System32\ucrtbase.dll
0x00007ffcb1240000 - 0x00007ffcb1259000 	D:\temp\android-studio\jre\bin\jli.dll
0x00007ffcb9b50000 - 0x00007ffcb9ce4000 	C:\WINDOWS\System32\USER32.dll
0x00007ffcb8b10000 - 0x00007ffcb8b31000 	C:\WINDOWS\System32\win32u.dll
0x00007ffcba8f0000 - 0x00007ffcba916000 	C:\WINDOWS\System32\GDI32.dll
0x00007ffcb88b0000 - 0x00007ffcb8a48000 	C:\WINDOWS\System32\gdi32full.dll
0x00007ffcb87f0000 - 0x00007ffcb888e000 	C:\WINDOWS\System32\msvcp_win.dll
0x00007ffcb11d0000 - 0x00007ffcb11e7000 	D:\temp\android-studio\jre\bin\VCRUNTIME140.dll
0x00007ffcaa6a0000 - 0x00007ffcaa924000 	C:\WINDOWS\WinSxS\amd64_microsoft.windows.common-controls_6595b64144ccf1df_6.0.18362.1556_none_9e7e372fe45e41d5\COMCTL32.dll
0x00007ffcba920000 - 0x00007ffcba9be000 	C:\WINDOWS\System32\msvcrt.dll
0x00007ffcba9c0000 - 0x00007ffcbacf6000 	C:\WINDOWS\System32\combase.dll
0x00007ffcb90f0000 - 0x00007ffcb920f000 	C:\WINDOWS\System32\RPCRT4.dll
0x00007ffcb8a80000 - 0x00007ffcb8b01000 	C:\WINDOWS\System32\bcryptPrimitives.dll
0x00007ffcb9b20000 - 0x00007ffcb9b4e000 	C:\WINDOWS\System32\IMM32.DLL
0x00007ffca3bd0000 - 0x00007ffca3c6d000 	D:\temp\android-studio\jre\bin\msvcp140.dll
0x00007ffc891f0000 - 0x00007ffc89cbf000 	D:\temp\android-studio\jre\bin\server\jvm.dll
0x00007ffcba750000 - 0x00007ffcba7f3000 	C:\WINDOWS\System32\ADVAPI32.dll
0x00007ffcba3e0000 - 0x00007ffcba477000 	C:\WINDOWS\System32\sechost.dll
0x00007ffcb8e00000 - 0x00007ffcb8e08000 	C:\WINDOWS\System32\PSAPI.DLL
0x00007ffcb11f0000 - 0x00007ffcb11f9000 	C:\WINDOWS\SYSTEM32\WSOCK32.dll
0x00007ffcb9080000 - 0x00007ffcb90ef000 	C:\WINDOWS\System32\WS2_32.dll
0x00007ffcb4890000 - 0x00007ffcb48b4000 	C:\WINDOWS\SYSTEM32\WINMM.dll
0x00007ffcac3f0000 - 0x00007ffcac3fa000 	C:\WINDOWS\SYSTEM32\VERSION.dll
0x00007ffcb4860000 - 0x00007ffcb488d000 	C:\WINDOWS\SYSTEM32\WINMMBASE.dll
0x00007ffcb87a0000 - 0x00007ffcb87ea000 	C:\WINDOWS\System32\cfgmgr32.dll
0x00007ffcb7c00000 - 0x00007ffcb7c11000 	C:\WINDOWS\System32\kernel.appcore.dll
0x00007ffcae8e0000 - 0x00007ffcae8f1000 	D:\temp\android-studio\jre\bin\verify.dll
0x00007ffcaa0d0000 - 0x00007ffcaa2c4000 	C:\WINDOWS\SYSTEM32\DBGHELP.DLL
0x00007ffca9f90000 - 0x00007ffca9fba000 	C:\WINDOWS\SYSTEM32\dbgcore.DLL
0x00007ffcae8b0000 - 0x00007ffcae8d9000 	D:\temp\android-studio\jre\bin\java.dll
0x00007ffcae8a0000 - 0x00007ffcae8ab000 	D:\temp\android-studio\jre\bin\jimage.dll
0x00007ffcae880000 - 0x00007ffcae898000 	D:\temp\android-studio\jre\bin\zip.dll
0x00007ffcb9430000 - 0x00007ffcb9b17000 	C:\WINDOWS\System32\SHELL32.dll
0x00007ffcba480000 - 0x00007ffcba528000 	C:\WINDOWS\System32\shcore.dll
0x00007ffcb7cb0000 - 0x00007ffcb842b000 	C:\WINDOWS\System32\windows.storage.dll
0x00007ffcb7c90000 - 0x00007ffcb7cae000 	C:\WINDOWS\System32\profapi.dll
0x00007ffcb7c20000 - 0x00007ffcb7c6a000 	C:\WINDOWS\System32\powrprof.dll
0x00007ffcb7bf0000 - 0x00007ffcb7c00000 	C:\WINDOWS\System32\UMPDC.dll
0x00007ffcb8fa0000 - 0x00007ffcb8ff2000 	C:\WINDOWS\System32\shlwapi.dll
0x00007ffcb8890000 - 0x00007ffcb88a7000 	C:\WINDOWS\System32\cryptsp.dll
0x00007ffcae860000 - 0x00007ffcae87a000 	D:\temp\android-studio\jre\bin\net.dll
0x00007ffcaef40000 - 0x00007ffcaf03a000 	C:\WINDOWS\SYSTEM32\WINHTTP.dll
0x00007ffcb73d0000 - 0x00007ffcb7437000 	C:\WINDOWS\system32\mswsock.dll
0x00007ffcae840000 - 0x00007ffcae854000 	D:\temp\android-studio\jre\bin\nio.dll
0x00007ffcafdc0000 - 0x00007ffcafde7000 	C:\Users\AgamiSoft\.gradle\native\8bec1ad78214c89d9ad589b4d07fe93259594b29d510b10fafb7a158f7737e5d\windows-amd64\native-platform.dll
0x00007ffca5ee0000 - 0x00007ffca601d000 	C:\Users\AgamiSoft\.gradle\native\53dbd7edfb1c66fb8903c78663c9afc45aea4f116125fa6feffd364cf09443e8\windows-amd64\native-platform-file-events.dll
0x00007ffcae830000 - 0x00007ffcae83a000 	D:\temp\android-studio\jre\bin\management.dll
0x00007ffcae820000 - 0x00007ffcae82c000 	D:\temp\android-studio\jre\bin\management_ext.dll
0x00007ffcb6f50000 - 0x00007ffcb6f83000 	C:\WINDOWS\system32\rsaenh.dll
0x00007ffcb8a50000 - 0x00007ffcb8a76000 	C:\WINDOWS\System32\bcrypt.dll
0x00007ffcb7ae0000 - 0x00007ffcb7b05000 	C:\WINDOWS\SYSTEM32\USERENV.dll
0x00007ffcb75a0000 - 0x00007ffcb75ac000 	C:\WINDOWS\SYSTEM32\CRYPTBASE.dll
0x00007ffcb70e0000 - 0x00007ffcb711a000 	C:\WINDOWS\SYSTEM32\IPHLPAPI.DLL
0x00007ffcba600000 - 0x00007ffcba608000 	C:\WINDOWS\System32\NSI.dll
0x00007ffcb0ea0000 - 0x00007ffcb0eb6000 	C:\WINDOWS\SYSTEM32\dhcpcsvc6.DLL
0x00007ffcb0e40000 - 0x00007ffcb0e5c000 	C:\WINDOWS\SYSTEM32\dhcpcsvc.DLL
0x00007ffcb7120000 - 0x00007ffcb71eb000 	C:\WINDOWS\SYSTEM32\DNSAPI.dll

dbghelp: loaded successfully - version: 4.0.5 - missing functions: none
symbol engine: initialized successfully - sym options: 0x614 - pdb path: .;D:\temp\android-studio\jre\bin;C:\WINDOWS\SYSTEM32;C:\WINDOWS\WinSxS\amd64_microsoft.windows.common-controls_6595b64144ccf1df_6.0.18362.1556_none_9e7e372fe45e41d5;D:\temp\android-studio\jre\bin\server;C:\Users\AgamiSoft\.gradle\native\8bec1ad78214c89d9ad589b4d07fe93259594b29d510b10fafb7a158f7737e5d\windows-amd64;C:\Users\AgamiSoft\.gradle\native\53dbd7edfb1c66fb8903c78663c9afc45aea4f116125fa6feffd364cf09443e8\windows-amd64

VM Arguments:
jvm_args: --add-opens=java.base/java.util=ALL-UNNAMED --add-opens=java.base/java.lang=ALL-UNNAMED --add-opens=java.base/java.lang.invoke=ALL-UNNAMED --add-opens=java.base/java.util=ALL-UNNAMED --add-opens=java.prefs/java.util.prefs=ALL-UNNAMED --add-opens=java.prefs/java.util.prefs=ALL-UNNAMED --add-opens=java.base/java.nio.charset=ALL-UNNAMED --add-opens=java.base/java.net=ALL-UNNAMED --add-opens=java.base/java.util.concurrent.atomic=ALL-UNNAMED -Xmx2048m -Dfile.encoding=UTF-8 -Duser.country=US -Duser.language=en -Duser.variant 
java_command: org.gradle.launcher.daemon.bootstrap.GradleDaemon 7.1
java_class_path (initial): C:\Users\AgamiSoft\.gradle\wrapper\dists\gradle-7.1-all\9ccjyfn4kvk7v1w1wbmf8rhqp\gradle-7.1\lib\gradle-launcher-7.1.jar
Launcher Type: SUN_STANDARD

[Global flags]
     intx CICompilerCount                          = 3                                         {product} {ergonomic}
     uint ConcGCThreads                            = 1                                         {product} {ergonomic}
     uint G1ConcRefinementThreads                  = 4                                         {product} {ergonomic}
   size_t G1HeapRegionSize                         = 1048576                                   {product} {ergonomic}
    uintx GCDrainStackTargetSize                   = 64                                        {product} {ergonomic}
   size_t InitialHeapSize                          = 134217728                                 {product} {ergonomic}
   size_t MarkStackSize                            = 4194304                                   {product} {ergonomic}
   size_t MaxHeapSize                              = 2147483648                                {product} {command line}
   size_t MaxNewSize                               = 1287651328                                {product} {ergonomic}
   size_t MinHeapDeltaBytes                        = 1048576                                   {product} {ergonomic}
    uintx NonNMethodCodeHeapSize                   = 5830732                                {pd product} {ergonomic}
    uintx NonProfiledCodeHeapSize                  = 122913754                              {pd product} {ergonomic}
    uintx ProfiledCodeHeapSize                     = 122913754                              {pd product} {ergonomic}
    uintx ReservedCodeCacheSize                    = 251658240                              {pd product} {ergonomic}
     bool SegmentedCodeCache                       = true                                      {product} {ergonomic}
     bool UseCompressedClassPointers               = true                                 {lp64_product} {ergonomic}
     bool UseCompressedOops                        = true                                 {lp64_product} {ergonomic}
     bool UseG1GC                                  = true                                      {product} {ergonomic}
     bool UseLargePagesIndividualAllocation        = false                                  {pd product} {ergonomic}

Logging:
Log output configuration:
 #0: stdout all=warning uptime,level,tags
 #1: stderr all=off uptime,level,tags

Environment Variables:
JAVA_HOME=C:\Program Files\Java\jdk1.8.0_211
CLASSPATH=.;
PATH=C:\WINDOWS\system32;C:\WINDOWS;C:\WINDOWS\System32\Wbem;C:\WINDOWS\System32\WindowsPowerShell\v1.0\;C:\WINDOWS\System32\OpenSSH\;C:\src\dart-sdk\bin;C:\src\flutter\bin;C:\Program Files\Git\cmd;C:\ProgramData\chocolatey\bin;C:\Program Files\Java\jdk1.8.0_211\bin;D:\flutter\src\flutter\bin;C:\Program Files\JetBrains\PhpStorm 2020.3.1\bin;;D:\VS code\bin
USERNAME=AgamiSoft
OS=Windows_NT
PROCESSOR_IDENTIFIER=Intel64 Family 6 Model 42 Stepping 7, GenuineIntel



---------------  S Y S T E M  ---------------

OS: Windows 10 , 64 bit Build 18362 (10.0.18362.1500)
OS uptime: 2 days 21:29 hours

CPU:total 4 (initial active 4) (2 cores per cpu, 2 threads per core) family 6 model 42 stepping 7 microcode 0x2f, cmov, cx8, fxsr, mmx, sse, sse2, sse3, ssse3, sse4.1, sse4.2, popcnt, avx, clmul, ht, tsc, tscinvbit

Memory: 4k page, system-wide physical 8092M (690M free)
TotalPageFile size 10588M (AvailPageFile size 279M)
current process WorkingSet (physical memory assigned to process): 535M, peak: 535M
current process commit charge ("private bytes"): 623M, peak: 1098M

vm_info: OpenJDK 64-Bit Server VM (11.0.10+0-b96-7249189) for windows-amd64 JRE (11.0.10+0-b96-7249189), built on Mar 31 2021 21:44:00 by "builder" with MS VC++ 14.0 (VS2015)

END.
