#
# There is insufficient memory for the Java Runtime Environment to continue.
# Native memory allocation (malloc) failed to allocate 1048176 bytes for Chunk::new
# Possible reasons:
#   The system is out of physical RAM or swap space
#   The process is running with CompressedOops enabled, and the Java Heap may be blocking the growth of the native heap
# Possible solutions:
#   Reduce memory load on the system
#   Increase physical memory or swap space
#   Check if swap backing store is full
#   Decrease Java heap size (-Xmx/-Xms)
#   Decrease number of Java threads
#   Decrease Java thread stack sizes (-Xss)
#   Set larger code cache with -XX:ReservedCodeCacheSize=
#   JVM is running with Unscaled Compressed Oops mode in which the Java heap is
#     placed in the first 4GB address space. The Java Heap base address is the
#     maximum limit for the native heap growth. Please use -XX:HeapBaseMinAddress
#     to set the Java Heap base and to place the Java Heap above 4GB virtual address.
# This output file may be truncated or incomplete.
#
#  Out of Memory Error (./src/hotspot/share/memory/arena.cpp:197), pid=3088, tid=5876
#
# JRE version: OpenJDK Runtime Environment (11.0.10) (build 11.0.10+0-b96-7249189)
# Java VM: OpenJDK 64-Bit Server VM (11.0.10+0-b96-7249189, mixed mode, tiered, compressed oops, g1 gc, windows-amd64)
# No core dump will be written. Minidumps are not enabled by default on client versions of Windows
#

---------------  S U M M A R Y ------------

Command Line: --add-opens=java.base/java.util=ALL-UNNAMED --add-opens=java.base/java.lang=ALL-UNNAMED --add-opens=java.base/java.lang.invoke=ALL-UNNAMED --add-opens=java.base/java.util=ALL-UNNAMED --add-opens=java.prefs/java.util.prefs=ALL-UNNAMED --add-opens=java.prefs/java.util.prefs=ALL-UNNAMED --add-opens=java.base/java.nio.charset=ALL-UNNAMED --add-opens=java.base/java.net=ALL-UNNAMED --add-opens=java.base/java.util.concurrent.atomic=ALL-UNNAMED -Xmx2048m -Dfile.encoding=UTF-8 -Duser.country=US -Duser.language=en -Duser.variant org.gradle.launcher.daemon.bootstrap.GradleDaemon 7.1

Host: Intel(R) Core(TM) i3-2120 CPU @ 3.30GHz, 4 cores, 7G,  Windows 10 , 64 bit Build 18362 (10.0.18362.1500)
Time: Wed Dec  8 16:48:04 2021 Bangladesh Standard Time elapsed time: 22.801381 seconds (0d 0h 0m 22s)

---------------  T H R E A D  ---------------

Current thread (0x000001b9b4063000):  JavaThread "C2 CompilerThread0" daemon [_thread_in_native, id=5876, stack(0x0000003c72f00000,0x0000003c73000000)]


Current CompileTask:
C2:  22801 6174   !   4       jdk.internal.loader.Resource::getBytes (242 bytes)

Stack: [0x0000003c72f00000,0x0000003c73000000]
Native frames: (J=compiled Java code, j=interpreted, Vv=VM code, C=native code)
V  [jvm.dll+0x5ecfaa]
V  [jvm.dll+0x722bd5]
V  [jvm.dll+0x72412d]
V  [jvm.dll+0x7247e3]
V  [jvm.dll+0x242928]
V  [jvm.dll+0xbc4fc]
V  [jvm.dll+0xbca0c]
V  [jvm.dll+0x352d3b]
V  [jvm.dll+0x320ad3]
V  [jvm.dll+0x31ffca]
V  [jvm.dll+0x1fb602]
V  [jvm.dll+0x1fa7f4]
V  [jvm.dll+0x18354c]
V  [jvm.dll+0x208ee7]
V  [jvm.dll+0x207731]
V  [jvm.dll+0x6eb1cf]
V  [jvm.dll+0x6e3d45]
V  [jvm.dll+0x5ebe96]
C  [ucrtbase.dll+0x210b2]
C  [KERNEL32.DLL+0x17c24]
C  [ntdll.dll+0x6d721]


---------------  P R O C E S S  ---------------

Threads class SMR info:
_java_thread_list=0x000001b9b68bc280, length=79, elements={
0x000001b99852c800, 0x000001b9b4042000, 0x000001b9b4043000, 0x000001b9b49c3800,
0x000001b9b4058800, 0x000001b9b405d800, 0x000001b9b4063000, 0x000001b9b406d800,
0x000001b9b406e800, 0x000001b9b4b29000, 0x000001b9b6014000, 0x000001b9b7337800,
0x000001b9b5f05000, 0x000001b9b68e3000, 0x000001b9b68e8000, 0x000001b9b64fc800,
0x000001b9b634f000, 0x000001b9b7167000, 0x000001b9b68e9000, 0x000001b9b6329000,
0x000001b9b6326800, 0x000001b9b6328000, 0x000001b9b6323000, 0x000001b9b6327000,
0x000001b9b6324000, 0x000001b9b6329800, 0x000001b9b6324800, 0x000001b9b6325800,
0x000001b9b8a78800, 0x000001b9b8a7c000, 0x000001b9b8a7a000, 0x000001b9b8a7c800,
0x000001b9b8a78000, 0x000001b9b8a7e800, 0x000001b9b8a80000, 0x000001b9b8a80800,
0x000001b9b8a7b000, 0x000001b9b8a81800, 0x000001b9b8a85800, 0x000001b9b8a82800,
0x000001b9b8a83000, 0x000001b9b8a84000, 0x000001b9b8a85000, 0x000001b9b8a86800,
0x000001b9ba07e800, 0x000001b9ba085000, 0x000001b9ba082800, 0x000001b9ba081800,
0x000001b9ba07f000, 0x000001b9ba085800, 0x000001b9ba083800, 0x000001b9ba080000,
0x000001b9ba086800, 0x000001b9ba081000, 0x000001b9ba088000, 0x000001b9ba08a000,
0x000001b9ba087800, 0x000001b9ba089000, 0x000001b9ba084000, 0x000001b9ba08a800,
0x000001b9ba08b800, 0x000001b9ba08c800, 0x000001b9ba08d000, 0x000001b9b5a16800,
0x000001b9b5a17000, 0x000001b9b5a18000, 0x000001b9b5a15800, 0x000001b9b5a14000,
0x000001b9b5a13000, 0x000001b9b5a12800, 0x000001b9b5a19000, 0x000001b9b5a19800,
0x000001b9b5a1a800, 0x000001b9b5a15000, 0x000001b9b5a20000, 0x000001b9b5a21000,
0x000001b9b5a1f800, 0x000001b9b5a1b800, 0x000001b9b5a1c000
}

Java Threads: ( => current thread )
  0x000001b99852c800 JavaThread "main" [_thread_blocked, id=3176, stack(0x0000003c72300000,0x0000003c72400000)]
  0x000001b9b4042000 JavaThread "Reference Handler" daemon [_thread_blocked, id=2280, stack(0x0000003c72a00000,0x0000003c72b00000)]
  0x000001b9b4043000 JavaThread "Finalizer" daemon [_thread_blocked, id=8472, stack(0x0000003c72b00000,0x0000003c72c00000)]
  0x000001b9b49c3800 JavaThread "Signal Dispatcher" daemon [_thread_blocked, id=8304, stack(0x0000003c72c00000,0x0000003c72d00000)]
  0x000001b9b4058800 JavaThread "Attach Listener" daemon [_thread_blocked, id=10504, stack(0x0000003c72d00000,0x0000003c72e00000)]
  0x000001b9b405d800 JavaThread "Service Thread" daemon [_thread_blocked, id=10296, stack(0x0000003c72e00000,0x0000003c72f00000)]
=>0x000001b9b4063000 JavaThread "C2 CompilerThread0" daemon [_thread_in_native, id=5876, stack(0x0000003c72f00000,0x0000003c73000000)]
  0x000001b9b406d800 JavaThread "C1 CompilerThread0" daemon [_thread_blocked, id=9424, stack(0x0000003c73000000,0x0000003c73100000)]
  0x000001b9b406e800 JavaThread "Sweeper thread" daemon [_thread_blocked, id=8276, stack(0x0000003c73100000,0x0000003c73200000)]
  0x000001b9b4b29000 JavaThread "Common-Cleaner" daemon [_thread_blocked, id=11728, stack(0x0000003c73200000,0x0000003c73300000)]
  0x000001b9b6014000 JavaThread "Daemon health stats" [_thread_blocked, id=11092, stack(0x0000003c73700000,0x0000003c73800000)]
  0x000001b9b7337800 JavaThread "Incoming local TCP Connector on port 59516" [_thread_in_native, id=11884, stack(0x0000003c73800000,0x0000003c73900000)]
  0x000001b9b5f05000 JavaThread "Daemon periodic checks" [_thread_blocked, id=3536, stack(0x0000003c73900000,0x0000003c73a00000)]
  0x000001b9b68e3000 JavaThread "Daemon" [_thread_blocked, id=820, stack(0x0000003c73a00000,0x0000003c73b00000)]
  0x000001b9b68e8000 JavaThread "Handler for socket connection from /127.0.0.1:59516 to /127.0.0.1:59517" [_thread_in_native, id=10464, stack(0x0000003c73b00000,0x0000003c73c00000)]
  0x000001b9b64fc800 JavaThread "Cancel handler" [_thread_blocked, id=8964, stack(0x0000003c73c00000,0x0000003c73d00000)]
  0x000001b9b634f000 JavaThread "Daemon worker" [_thread_in_Java, id=5384, stack(0x0000003c73d00000,0x0000003c73e00000)]
  0x000001b9b7167000 JavaThread "Asynchronous log dispatcher for DefaultDaemonConnection: socket connection from /127.0.0.1:59516 to /127.0.0.1:59517" [_thread_blocked, id=5184, stack(0x0000003c73e00000,0x0000003c73f00000)]
  0x000001b9b68e9000 JavaThread "Stdin handler" [_thread_blocked, id=5324, stack(0x0000003c73f00000,0x0000003c74000000)]
  0x000001b9b6329000 JavaThread "Daemon client event forwarder" [_thread_blocked, id=10668, stack(0x0000003c74000000,0x0000003c74100000)]
  0x000001b9b6326800 JavaThread "Cache worker for journal cache (C:\Users\AgamiSoft\.gradle\caches\journal-1)" [_thread_blocked, id=8940, stack(0x0000003c73600000,0x0000003c73700000)]
  0x000001b9b6328000 JavaThread "File lock request listener" [_thread_in_native, id=9300, stack(0x0000003c74100000,0x0000003c74200000)]
  0x000001b9b6323000 JavaThread "Cache worker for file hash cache (C:\Users\AgamiSoft\.gradle\caches\7.1\fileHashes)" [_thread_blocked, id=3976, stack(0x0000003c74200000,0x0000003c74300000)]
  0x000001b9b6327000 JavaThread "Cache worker for file hash cache (D:\ERP SND\SALT_ERP-MAIN\.gradle\7.1\fileHashes)" [_thread_blocked, id=5740, stack(0x0000003c74500000,0x0000003c74600000)]
  0x000001b9b6324000 JavaThread "File watcher server" daemon [_thread_in_native, id=7416, stack(0x0000003c74600000,0x0000003c74700000)]
  0x000001b9b6329800 JavaThread "File watcher consumer" daemon [_thread_blocked, id=9120, stack(0x0000003c74700000,0x0000003c74800000)]
  0x000001b9b6324800 JavaThread "Cache worker for checksums cache (D:\ERP SND\SALT_ERP-MAIN\.gradle\checksums)" [_thread_blocked, id=11984, stack(0x0000003c74400000,0x0000003c74500000)]
  0x000001b9b6325800 JavaThread "Cache worker for cache directory md-supplier (C:\Users\AgamiSoft\.gradle\caches\7.1\md-supplier)" [_thread_blocked, id=10912, stack(0x0000003c74800000,0x0000003c74900000)]
  0x000001b9b8a78800 JavaThread "Cache worker for cache directory md-rule (C:\Users\AgamiSoft\.gradle\caches\7.1\md-rule)" [_thread_blocked, id=7580, stack(0x0000003c74900000,0x0000003c74a00000)]
  0x000001b9b8a7c000 JavaThread "Cache worker for execution history cache (C:\Users\AgamiSoft\.gradle\caches\7.1\executionHistory)" [_thread_blocked, id=4948, stack(0x0000003c74b00000,0x0000003c74c00000)]
  0x000001b9b8a7a000 JavaThread "jar transforms" [_thread_blocked, id=7356, stack(0x0000003c74c00000,0x0000003c74d00000)]
  0x000001b9b8a7c800 JavaThread "jar transforms Thread 2" [_thread_blocked, id=8888, stack(0x0000003c74d00000,0x0000003c74e00000)]
  0x000001b9b8a78000 JavaThread "Cache worker for file content cache (C:\Users\AgamiSoft\.gradle\caches\7.1\fileContent)" [_thread_blocked, id=10088, stack(0x0000003c74e00000,0x0000003c74f00000)]
  0x000001b9b8a7e800 JavaThread "Cache worker for dependencies-accessors (D:\ERP SND\SALT_ERP-MAIN\.gradle\7.1\dependencies-accessors)" [_thread_blocked, id=7268, stack(0x0000003c74f00000,0x0000003c75000000)]
  0x000001b9b8a80000 JavaThread "jar transforms Thread 3" [_thread_blocked, id=9204, stack(0x0000003c75000000,0x0000003c75100000)]
  0x000001b9b8a80800 JavaThread "Cache worker for Build Output Cleanup Cache (D:\ERP SND\SALT_ERP-MAIN\.gradle\buildOutputCleanup)" [_thread_blocked, id=6884, stack(0x0000003c75100000,0x0000003c75200000)]
  0x000001b9b8a7b000 JavaThread "Unconstrained build operations" [_thread_blocked, id=2672, stack(0x0000003c75200000,0x0000003c75300000)]
  0x000001b9b8a81800 JavaThread "Unconstrained build operations Thread 2" [_thread_blocked, id=10640, stack(0x0000003c75300000,0x0000003c75400000)]
  0x000001b9b8a85800 JavaThread "Unconstrained build operations Thread 3" [_thread_blocked, id=4028, stack(0x0000003c75400000,0x0000003c75500000)]
  0x000001b9b8a82800 JavaThread "Unconstrained build operations Thread 4" [_thread_blocked, id=6148, stack(0x0000003c75500000,0x0000003c75600000)]
  0x000001b9b8a83000 JavaThread "Unconstrained build operations Thread 5" [_thread_blocked, id=11616, stack(0x0000003c75600000,0x0000003c75700000)]
  0x000001b9b8a84000 JavaThread "Unconstrained build operations Thread 6" [_thread_blocked, id=10856, stack(0x0000003c75700000,0x0000003c75800000)]
  0x000001b9b8a85000 JavaThread "Unconstrained build operations Thread 7" [_thread_blocked, id=10948, stack(0x0000003c75800000,0x0000003c75900000)]
  0x000001b9b8a86800 JavaThread "Unconstrained build operations Thread 8" [_thread_blocked, id=7856, stack(0x0000003c75900000,0x0000003c75a00000)]
  0x000001b9ba07e800 JavaThread "Unconstrained build operations Thread 9" [_thread_blocked, id=12248, stack(0x0000003c75a00000,0x0000003c75b00000)]
  0x000001b9ba085000 JavaThread "Unconstrained build operations Thread 10" [_thread_blocked, id=9520, stack(0x0000003c75b00000,0x0000003c75c00000)]
  0x000001b9ba082800 JavaThread "Unconstrained build operations Thread 11" [_thread_blocked, id=11740, stack(0x0000003c75c00000,0x0000003c75d00000)]
  0x000001b9ba081800 JavaThread "Unconstrained build operations Thread 12" [_thread_blocked, id=7244, stack(0x0000003c75d00000,0x0000003c75e00000)]
  0x000001b9ba07f000 JavaThread "Unconstrained build operations Thread 13" [_thread_blocked, id=10924, stack(0x0000003c75e00000,0x0000003c75f00000)]
  0x000001b9ba085800 JavaThread "Unconstrained build operations Thread 14" [_thread_blocked, id=9444, stack(0x0000003c75f00000,0x0000003c76000000)]
  0x000001b9ba083800 JavaThread "Unconstrained build operations Thread 15" [_thread_blocked, id=2688, stack(0x0000003c76000000,0x0000003c76100000)]
  0x000001b9ba080000 JavaThread "Unconstrained build operations Thread 16" [_thread_blocked, id=5376, stack(0x0000003c76100000,0x0000003c76200000)]
  0x000001b9ba086800 JavaThread "Unconstrained build operations Thread 17" [_thread_blocked, id=828, stack(0x0000003c76200000,0x0000003c76300000)]
  0x000001b9ba081000 JavaThread "Unconstrained build operations Thread 18" [_thread_blocked, id=9428, stack(0x0000003c76300000,0x0000003c76400000)]
  0x000001b9ba088000 JavaThread "Unconstrained build operations Thread 19" [_thread_blocked, id=9896, stack(0x0000003c76400000,0x0000003c76500000)]
  0x000001b9ba08a000 JavaThread "Unconstrained build operations Thread 20" [_thread_blocked, id=12220, stack(0x0000003c76500000,0x0000003c76600000)]
  0x000001b9ba087800 JavaThread "Unconstrained build operations Thread 21" [_thread_blocked, id=10096, stack(0x0000003c76600000,0x0000003c76700000)]
  0x000001b9ba089000 JavaThread "Unconstrained build operations Thread 22" [_thread_blocked, id=10364, stack(0x0000003c76700000,0x0000003c76800000)]
  0x000001b9ba084000 JavaThread "Unconstrained build operations Thread 23" [_thread_blocked, id=4724, stack(0x0000003c76800000,0x0000003c76900000)]
  0x000001b9ba08a800 JavaThread "Unconstrained build operations Thread 24" [_thread_blocked, id=876, stack(0x0000003c76900000,0x0000003c76a00000)]
  0x000001b9ba08b800 JavaThread "Unconstrained build operations Thread 25" [_thread_blocked, id=1676, stack(0x0000003c76a00000,0x0000003c76b00000)]
  0x000001b9ba08c800 JavaThread "Unconstrained build operations Thread 26" [_thread_blocked, id=7912, stack(0x0000003c76b00000,0x0000003c76c00000)]
  0x000001b9ba08d000 JavaThread "Unconstrained build operations Thread 27" [_thread_blocked, id=9176, stack(0x0000003c76c00000,0x0000003c76d00000)]
  0x000001b9b5a16800 JavaThread "Unconstrained build operations Thread 28" [_thread_blocked, id=460, stack(0x0000003c76d00000,0x0000003c76e00000)]
  0x000001b9b5a17000 JavaThread "Unconstrained build operations Thread 29" [_thread_blocked, id=7516, stack(0x0000003c76e00000,0x0000003c76f00000)]
  0x000001b9b5a18000 JavaThread "Unconstrained build operations Thread 30" [_thread_blocked, id=5116, stack(0x0000003c76f00000,0x0000003c77000000)]
  0x000001b9b5a15800 JavaThread "Unconstrained build operations Thread 31" [_thread_blocked, id=11956, stack(0x0000003c77000000,0x0000003c77100000)]
  0x000001b9b5a14000 JavaThread "Unconstrained build operations Thread 32" [_thread_blocked, id=11044, stack(0x0000003c77100000,0x0000003c77200000)]
  0x000001b9b5a13000 JavaThread "Unconstrained build operations Thread 33" [_thread_blocked, id=12064, stack(0x0000003c77200000,0x0000003c77300000)]
  0x000001b9b5a12800 JavaThread "Unconstrained build operations Thread 34" [_thread_blocked, id=11040, stack(0x0000003c77300000,0x0000003c77400000)]
  0x000001b9b5a19000 JavaThread "Unconstrained build operations Thread 35" [_thread_blocked, id=2624, stack(0x0000003c77400000,0x0000003c77500000)]
  0x000001b9b5a19800 JavaThread "Unconstrained build operations Thread 36" [_thread_blocked, id=8608, stack(0x0000003c77500000,0x0000003c77600000)]
  0x000001b9b5a1a800 JavaThread "Unconstrained build operations Thread 37" [_thread_blocked, id=11096, stack(0x0000003c77600000,0x0000003c77700000)]
  0x000001b9b5a15000 JavaThread "Unconstrained build operations Thread 38" [_thread_blocked, id=232, stack(0x0000003c77700000,0x0000003c77800000)]
  0x000001b9b5a20000 JavaThread "Unconstrained build operations Thread 39" [_thread_blocked, id=3312, stack(0x0000003c77800000,0x0000003c77900000)]
  0x000001b9b5a21000 JavaThread "Unconstrained build operations Thread 40" [_thread_blocked, id=11988, stack(0x0000003c77900000,0x0000003c77a00000)]
  0x000001b9b5a1f800 JavaThread "File lock release action executor" [_thread_blocked, id=4684, stack(0x0000003c74a00000,0x0000003c74b00000)]
  0x000001b9b5a1b800 JavaThread "jar transforms Thread 4" [_thread_blocked, id=11668, stack(0x0000003c77a00000,0x0000003c77b00000)]
  0x000001b9b5a1c000 JavaThread "Memory manager" [_thread_blocked, id=5916, stack(0x0000003c77c00000,0x0000003c77d00000)]

Other Threads:
  0x000001b9b403e000 VMThread "VM Thread" [stack: 0x0000003c72900000,0x0000003c72a00000] [id=3116]
  0x000001b9b4b57800 WatcherThread [stack: 0x0000003c73300000,0x0000003c73400000] [id=4320]
  0x000001b998547000 GCTaskThread "GC Thread#0" [stack: 0x0000003c72400000,0x0000003c72500000] [id=1832]
  0x000001b9b4e43000 GCTaskThread "GC Thread#1" [stack: 0x0000003c73400000,0x0000003c73500000] [id=10660]
  0x000001b9b4e44000 GCTaskThread "GC Thread#2" [stack: 0x0000003c73500000,0x0000003c73600000] [id=10348]
  0x000001b9b5cd1000 GCTaskThread "GC Thread#3" [stack: 0x0000003c74300000,0x0000003c74400000] [id=7704]
  0x000001b998577000 ConcurrentGCThread "G1 Main Marker" [stack: 0x0000003c72500000,0x0000003c72600000] [id=9432]
  0x000001b998578800 ConcurrentGCThread "G1 Conc#0" [stack: 0x0000003c72600000,0x0000003c72700000] [id=1492]
  0x000001b9b3e90800 ConcurrentGCThread "G1 Refine#0" [stack: 0x0000003c72700000,0x0000003c72800000] [id=7692]
  0x000001b9b3e91800 ConcurrentGCThread "G1 Young RemSet Sampling" [stack: 0x0000003c72800000,0x0000003c72900000] [id=6444]

Threads with active compile tasks:
C2 CompilerThread0  22838 6174   !   4       jdk.internal.loader.Resource::getBytes (242 bytes)

VM state:not at safepoint (normal execution)

VM Mutex/Monitor currently owned by a thread: None

Heap address: 0x0000000080000000, size: 2048 MB, Compressed Oops mode: 32-bit
Narrow klass base: 0x0000000000000000, Narrow klass shift: 3
Compressed class space size: 1073741824 Address: 0x0000000100000000

Heap:
 garbage-first heap   total 157696K, used 75466K [0x0000000080000000, 0x0000000100000000)
  region size 1024K, 34 young (34816K), 4 survivors (4096K)
 Metaspace       used 61895K, capacity 63452K, committed 63692K, reserved 1103872K
  class space    used 7802K, capacity 8372K, committed 8448K, reserved 1048576K
Heap Regions: E=young(eden), S=young(survivor), O=old, HS=humongous(starts), HC=humongous(continues), CS=collection set, F=free, A=archive, TAMS=top-at-mark-start (previous, next)
|   0|0x0000000080000000, 0x0000000080100000, 0x0000000080100000|100%| O|  |TAMS 0x0000000080100000, 0x0000000080000000| Untracked 
|   1|0x0000000080100000, 0x0000000080200000, 0x0000000080200000|100%| O|  |TAMS 0x0000000080200000, 0x0000000080100000| Untracked 
|   2|0x0000000080200000, 0x0000000080300000, 0x0000000080300000|100%| O|  |TAMS 0x0000000080300000, 0x0000000080200000| Untracked 
|   3|0x0000000080300000, 0x0000000080400000, 0x0000000080400000|100%|HS|  |TAMS 0x0000000080400000, 0x0000000080300000| Complete 
|   4|0x0000000080400000, 0x0000000080500000, 0x0000000080500000|100%|HC|  |TAMS 0x0000000080500000, 0x0000000080400000| Complete 
|   5|0x0000000080500000, 0x0000000080600000, 0x0000000080600000|100%|HC|  |TAMS 0x0000000080600000, 0x0000000080500000| Complete 
|   6|0x0000000080600000, 0x0000000080700000, 0x0000000080700000|100%| O|  |TAMS 0x0000000080700000, 0x0000000080600000| Untracked 
|   7|0x0000000080700000, 0x0000000080800000, 0x0000000080800000|100%| O|  |TAMS 0x0000000080800000, 0x0000000080700000| Untracked 
|   8|0x0000000080800000, 0x0000000080900000, 0x0000000080900000|100%| O|  |TAMS 0x0000000080900000, 0x0000000080800000| Untracked 
|   9|0x0000000080900000, 0x0000000080a00000, 0x0000000080a00000|100%| O|  |TAMS 0x0000000080a00000, 0x0000000080900000| Untracked 
|  10|0x0000000080a00000, 0x0000000080b00000, 0x0000000080b00000|100%| O|  |TAMS 0x0000000080b00000, 0x0000000080a00000| Untracked 
|  11|0x0000000080b00000, 0x0000000080c00000, 0x0000000080c00000|100%| O|  |TAMS 0x0000000080c00000, 0x0000000080b00000| Untracked 
|  12|0x0000000080c00000, 0x0000000080d00000, 0x0000000080d00000|100%| O|  |TAMS 0x0000000080d00000, 0x0000000080c00000| Untracked 
|  13|0x0000000080d00000, 0x0000000080e00000, 0x0000000080e00000|100%| O|  |TAMS 0x0000000080e00000, 0x0000000080d00000| Untracked 
|  14|0x0000000080e00000, 0x0000000080f00000, 0x0000000080f00000|100%| O|  |TAMS 0x0000000080f00000, 0x0000000080e00000| Untracked 
|  15|0x0000000080f00000, 0x0000000081000000, 0x0000000081000000|100%| O|  |TAMS 0x0000000081000000, 0x0000000080f00000| Untracked 
|  16|0x0000000081000000, 0x0000000081100000, 0x0000000081100000|100%| O|  |TAMS 0x0000000081100000, 0x0000000081000000| Untracked 
|  17|0x0000000081100000, 0x0000000081200000, 0x0000000081200000|100%|HS|  |TAMS 0x0000000081200000, 0x0000000081100000| Complete 
|  18|0x0000000081200000, 0x0000000081300000, 0x0000000081300000|100%| O|  |TAMS 0x0000000081300000, 0x0000000081200000| Untracked 
|  19|0x0000000081300000, 0x0000000081400000, 0x0000000081400000|100%| O|  |TAMS 0x0000000081400000, 0x0000000081300000| Untracked 
|  20|0x0000000081400000, 0x0000000081500000, 0x0000000081500000|100%| O|  |TAMS 0x0000000081500000, 0x0000000081400000| Untracked 
|  21|0x0000000081500000, 0x0000000081600000, 0x0000000081600000|100%| O|  |TAMS 0x0000000081600000, 0x0000000081500000| Untracked 
|  22|0x0000000081600000, 0x0000000081700000, 0x0000000081700000|100%| O|  |TAMS 0x0000000081700000, 0x0000000081600000| Untracked 
|  23|0x0000000081700000, 0x0000000081800000, 0x0000000081800000|100%|HS|  |TAMS 0x0000000081800000, 0x0000000081700000| Complete 
|  24|0x0000000081800000, 0x0000000081900000, 0x0000000081900000|100%|HS|  |TAMS 0x0000000081900000, 0x0000000081800000| Complete 
|  25|0x0000000081900000, 0x0000000081a00000, 0x0000000081a00000|100%|HS|  |TAMS 0x0000000081a00000, 0x0000000081900000| Complete 
|  26|0x0000000081a00000, 0x0000000081b00000, 0x0000000081b00000|100%|HC|  |TAMS 0x0000000081b00000, 0x0000000081a00000| Complete 
|  27|0x0000000081b00000, 0x0000000081c00000, 0x0000000081c00000|100%| O|  |TAMS 0x0000000081c00000, 0x0000000081b00000| Untracked 
|  28|0x0000000081c00000, 0x0000000081d00000, 0x0000000081d00000|100%| O|  |TAMS 0x0000000081d00000, 0x0000000081c00000| Untracked 
|  29|0x0000000081d00000, 0x0000000081e00000, 0x0000000081e00000|100%| O|  |TAMS 0x0000000081e00000, 0x0000000081d00000| Untracked 
|  30|0x0000000081e00000, 0x0000000081f00000, 0x0000000081f00000|100%| O|  |TAMS 0x0000000081f00000, 0x0000000081e00000| Untracked 
|  31|0x0000000081f00000, 0x0000000082000000, 0x0000000082000000|100%| O|  |TAMS 0x0000000082000000, 0x0000000081f00000| Untracked 
|  32|0x0000000082000000, 0x0000000082100000, 0x0000000082100000|100%| O|  |TAMS 0x0000000082100000, 0x0000000082000000| Untracked 
|  33|0x0000000082100000, 0x0000000082200000, 0x0000000082200000|100%| O|  |TAMS 0x0000000082200000, 0x0000000082100000| Untracked 
|  34|0x0000000082200000, 0x0000000082300000, 0x0000000082300000|100%| O|  |TAMS 0x0000000082300000, 0x0000000082200000| Untracked 
|  35|0x0000000082300000, 0x0000000082400000, 0x0000000082400000|100%| O|  |TAMS 0x0000000082400000, 0x0000000082300000| Untracked 
|  36|0x0000000082400000, 0x0000000082500000, 0x0000000082500000|100%| O|  |TAMS 0x0000000082500000, 0x0000000082400000| Untracked 
|  37|0x0000000082500000, 0x0000000082600000, 0x0000000082600000|100%| O|  |TAMS 0x0000000082600000, 0x0000000082500000| Untracked 
|  38|0x0000000082600000, 0x0000000082700000, 0x0000000082700000|100%| O|  |TAMS 0x0000000082700000, 0x0000000082600000| Untracked 
|  39|0x0000000082700000, 0x0000000082800000, 0x0000000082800000|100%| O|  |TAMS 0x0000000082800000, 0x0000000082700000| Untracked 
|  40|0x0000000082800000, 0x0000000082900000, 0x0000000082900000|100%| O|  |TAMS 0x0000000082900000, 0x0000000082800000| Untracked 
|  41|0x0000000082900000, 0x0000000082a00000, 0x0000000082a00000|100%| O|  |TAMS 0x0000000082a00000, 0x0000000082900000| Untracked 
|  42|0x0000000082a00000, 0x0000000082a00000, 0x0000000082b00000|  0%| F|  |TAMS 0x0000000082a00000, 0x0000000082a00000| Untracked 
|  43|0x0000000082b00000, 0x0000000082b00000, 0x0000000082c00000|  0%| F|  |TAMS 0x0000000082b00000, 0x0000000082b00000| Untracked 
|  44|0x0000000082c00000, 0x0000000082c00000, 0x0000000082d00000|  0%| F|  |TAMS 0x0000000082c00000, 0x0000000082c00000| Untracked 
|  45|0x0000000082d00000, 0x0000000082d00000, 0x0000000082e00000|  0%| F|  |TAMS 0x0000000082d00000, 0x0000000082d00000| Untracked 
|  46|0x0000000082e00000, 0x0000000082e00000, 0x0000000082f00000|  0%| F|  |TAMS 0x0000000082e00000, 0x0000000082e00000| Untracked 
|  47|0x0000000082f00000, 0x0000000082f00000, 0x0000000083000000|  0%| F|  |TAMS 0x0000000082f00000, 0x0000000082f00000| Untracked 
|  48|0x0000000083000000, 0x0000000083000000, 0x0000000083100000|  0%| F|  |TAMS 0x0000000083000000, 0x0000000083000000| Untracked 
|  49|0x0000000083100000, 0x0000000083100000, 0x0000000083200000|  0%| F|  |TAMS 0x0000000083100000, 0x0000000083100000| Untracked 
|  50|0x0000000083200000, 0x0000000083200000, 0x0000000083300000|  0%| F|  |TAMS 0x0000000083200000, 0x0000000083200000| Untracked 
|  51|0x0000000083300000, 0x0000000083300000, 0x0000000083400000|  0%| F|  |TAMS 0x0000000083300000, 0x0000000083300000| Untracked 
|  52|0x0000000083400000, 0x0000000083400000, 0x0000000083500000|  0%| F|  |TAMS 0x0000000083400000, 0x0000000083400000| Untracked 
|  53|0x0000000083500000, 0x0000000083500000, 0x0000000083600000|  0%| F|  |TAMS 0x0000000083500000, 0x0000000083500000| Untracked 
|  54|0x0000000083600000, 0x0000000083600000, 0x0000000083700000|  0%| F|  |TAMS 0x0000000083600000, 0x0000000083600000| Untracked 
|  55|0x0000000083700000, 0x0000000083700000, 0x0000000083800000|  0%| F|  |TAMS 0x0000000083700000, 0x0000000083700000| Untracked 
|  56|0x0000000083800000, 0x0000000083800000, 0x0000000083900000|  0%| F|  |TAMS 0x0000000083800000, 0x0000000083800000| Untracked 
|  57|0x0000000083900000, 0x0000000083900000, 0x0000000083a00000|  0%| F|  |TAMS 0x0000000083900000, 0x0000000083900000| Untracked 
|  58|0x0000000083a00000, 0x0000000083a00000, 0x0000000083b00000|  0%| F|  |TAMS 0x0000000083a00000, 0x0000000083a00000| Untracked 
|  59|0x0000000083b00000, 0x0000000083b00000, 0x0000000083c00000|  0%| F|  |TAMS 0x0000000083b00000, 0x0000000083b00000| Untracked 
|  60|0x0000000083c00000, 0x0000000083c00000, 0x0000000083d00000|  0%| F|  |TAMS 0x0000000083c00000, 0x0000000083c00000| Untracked 
|  61|0x0000000083d00000, 0x0000000083d00000, 0x0000000083e00000|  0%| F|  |TAMS 0x0000000083d00000, 0x0000000083d00000| Untracked 
|  62|0x0000000083e00000, 0x0000000083e00000, 0x0000000083f00000|  0%| F|  |TAMS 0x0000000083e00000, 0x0000000083e00000| Untracked 
|  63|0x0000000083f00000, 0x0000000083f00000, 0x0000000084000000|  0%| F|  |TAMS 0x0000000083f00000, 0x0000000083f00000| Untracked 
|  64|0x0000000084000000, 0x0000000084000000, 0x0000000084100000|  0%| F|  |TAMS 0x0000000084000000, 0x0000000084000000| Untracked 
|  65|0x0000000084100000, 0x0000000084100000, 0x0000000084200000|  0%| F|  |TAMS 0x0000000084100000, 0x0000000084100000| Untracked 
|  66|0x0000000084200000, 0x0000000084200000, 0x0000000084300000|  0%| F|  |TAMS 0x0000000084200000, 0x0000000084200000| Untracked 
|  67|0x0000000084300000, 0x0000000084300000, 0x0000000084400000|  0%| F|  |TAMS 0x0000000084300000, 0x0000000084300000| Untracked 
|  68|0x0000000084400000, 0x0000000084400000, 0x0000000084500000|  0%| F|  |TAMS 0x0000000084400000, 0x0000000084400000| Untracked 
|  69|0x0000000084500000, 0x0000000084500000, 0x0000000084600000|  0%| F|  |TAMS 0x0000000084500000, 0x0000000084500000| Untracked 
|  70|0x0000000084600000, 0x0000000084600000, 0x0000000084700000|  0%| F|  |TAMS 0x0000000084600000, 0x0000000084600000| Untracked 
|  71|0x0000000084700000, 0x0000000084700000, 0x0000000084800000|  0%| F|  |TAMS 0x0000000084700000, 0x0000000084700000| Untracked 
|  72|0x0000000084800000, 0x0000000084800000, 0x0000000084900000|  0%| F|  |TAMS 0x0000000084800000, 0x0000000084800000| Untracked 
|  73|0x0000000084900000, 0x0000000084900000, 0x0000000084a00000|  0%| F|  |TAMS 0x0000000084900000, 0x0000000084900000| Untracked 
|  74|0x0000000084a00000, 0x0000000084a00000, 0x0000000084b00000|  0%| F|  |TAMS 0x0000000084a00000, 0x0000000084a00000| Untracked 
|  75|0x0000000084b00000, 0x0000000084b00000, 0x0000000084c00000|  0%| F|  |TAMS 0x0000000084b00000, 0x0000000084b00000| Untracked 
|  76|0x0000000084c00000, 0x0000000084c00000, 0x0000000084d00000|  0%| F|  |TAMS 0x0000000084c00000, 0x0000000084c00000| Untracked 
|  77|0x0000000084d00000, 0x0000000084d00000, 0x0000000084e00000|  0%| F|  |TAMS 0x0000000084d00000, 0x0000000084d00000| Untracked 
|  78|0x0000000084e00000, 0x0000000084e00000, 0x0000000084f00000|  0%| F|  |TAMS 0x0000000084e00000, 0x0000000084e00000| Untracked 
|  79|0x0000000084f00000, 0x0000000084f00000, 0x0000000085000000|  0%| F|  |TAMS 0x0000000084f00000, 0x0000000084f00000| Untracked 
|  80|0x0000000085000000, 0x0000000085000000, 0x0000000085100000|  0%| F|  |TAMS 0x0000000085000000, 0x0000000085000000| Untracked 
|  81|0x0000000085100000, 0x0000000085100000, 0x0000000085200000|  0%| F|  |TAMS 0x0000000085100000, 0x0000000085100000| Untracked 
|  82|0x0000000085200000, 0x0000000085200000, 0x0000000085300000|  0%| F|  |TAMS 0x0000000085200000, 0x0000000085200000| Untracked 
|  83|0x0000000085300000, 0x0000000085300000, 0x0000000085400000|  0%| F|  |TAMS 0x0000000085300000, 0x0000000085300000| Untracked 
|  84|0x0000000085400000, 0x0000000085400000, 0x0000000085500000|  0%| F|  |TAMS 0x0000000085400000, 0x0000000085400000| Untracked 
|  85|0x0000000085500000, 0x0000000085500000, 0x0000000085600000|  0%| F|  |TAMS 0x0000000085500000, 0x0000000085500000| Untracked 
|  86|0x0000000085600000, 0x0000000085600000, 0x0000000085700000|  0%| F|  |TAMS 0x0000000085600000, 0x0000000085600000| Untracked 
|  87|0x0000000085700000, 0x0000000085700000, 0x0000000085800000|  0%| F|  |TAMS 0x0000000085700000, 0x0000000085700000| Untracked 
|  88|0x0000000085800000, 0x0000000085800000, 0x0000000085900000|  0%| F|  |TAMS 0x0000000085800000, 0x0000000085800000| Untracked 
|  89|0x0000000085900000, 0x0000000085900000, 0x0000000085a00000|  0%| F|  |TAMS 0x0000000085900000, 0x0000000085900000| Untracked 
|  90|0x0000000085a00000, 0x0000000085a00000, 0x0000000085b00000|  0%| F|  |TAMS 0x0000000085a00000, 0x0000000085a00000| Untracked 
|  91|0x0000000085b00000, 0x0000000085b00000, 0x0000000085c00000|  0%| F|  |TAMS 0x0000000085b00000, 0x0000000085b00000| Untracked 
|  92|0x0000000085c00000, 0x0000000085c00000, 0x0000000085d00000|  0%| F|  |TAMS 0x0000000085c00000, 0x0000000085c00000| Untracked 
|  93|0x0000000085d00000, 0x0000000085d00000, 0x0000000085e00000|  0%| F|  |TAMS 0x0000000085d00000, 0x0000000085d00000| Untracked 
|  94|0x0000000085e00000, 0x0000000085e00000, 0x0000000085f00000|  0%| F|  |TAMS 0x0000000085e00000, 0x0000000085e00000| Untracked 
|  95|0x0000000085f00000, 0x0000000085f00000, 0x0000000086000000|  0%| F|  |TAMS 0x0000000085f00000, 0x0000000085f00000| Untracked 
|  96|0x0000000086000000, 0x0000000086000000, 0x0000000086100000|  0%| F|  |TAMS 0x0000000086000000, 0x0000000086000000| Untracked 
|  97|0x0000000086100000, 0x0000000086100000, 0x0000000086200000|  0%| F|  |TAMS 0x0000000086100000, 0x0000000086100000| Untracked 
|  98|0x0000000086200000, 0x0000000086200000, 0x0000000086300000|  0%| F|  |TAMS 0x0000000086200000, 0x0000000086200000| Untracked 
|  99|0x0000000086300000, 0x0000000086300000, 0x0000000086400000|  0%| F|  |TAMS 0x0000000086300000, 0x0000000086300000| Untracked 
| 100|0x0000000086400000, 0x0000000086400000, 0x0000000086500000|  0%| F|  |TAMS 0x0000000086400000, 0x0000000086400000| Untracked 
| 101|0x0000000086500000, 0x0000000086500000, 0x0000000086600000|  0%| F|  |TAMS 0x0000000086500000, 0x0000000086500000| Untracked 
| 102|0x0000000086600000, 0x0000000086600000, 0x0000000086700000|  0%| F|  |TAMS 0x0000000086600000, 0x0000000086600000| Untracked 
| 103|0x0000000086700000, 0x0000000086700000, 0x0000000086800000|  0%| F|  |TAMS 0x0000000086700000, 0x0000000086700000| Untracked 
| 104|0x0000000086800000, 0x0000000086800000, 0x0000000086900000|  0%| F|  |TAMS 0x0000000086800000, 0x0000000086800000| Untracked 
| 105|0x0000000086900000, 0x0000000086900000, 0x0000000086a00000|  0%| F|  |TAMS 0x0000000086900000, 0x0000000086900000| Untracked 
| 106|0x0000000086a00000, 0x0000000086a00000, 0x0000000086b00000|  0%| F|  |TAMS 0x0000000086a00000, 0x0000000086a00000| Untracked 
| 107|0x0000000086b00000, 0x0000000086b00000, 0x0000000086c00000|  0%| F|  |TAMS 0x0000000086b00000, 0x0000000086b00000| Untracked 
| 108|0x0000000086c00000, 0x0000000086c00000, 0x0000000086d00000|  0%| F|  |TAMS 0x0000000086c00000, 0x0000000086c00000| Untracked 
| 109|0x0000000086d00000, 0x0000000086d00000, 0x0000000086e00000|  0%| F|  |TAMS 0x0000000086d00000, 0x0000000086d00000| Untracked 
| 110|0x0000000086e00000, 0x0000000086e00000, 0x0000000086f00000|  0%| F|  |TAMS 0x0000000086e00000, 0x0000000086e00000| Untracked 
| 111|0x0000000086f00000, 0x0000000086f00000, 0x0000000087000000|  0%| F|  |TAMS 0x0000000086f00000, 0x0000000086f00000| Untracked 
| 112|0x0000000087000000, 0x0000000087000000, 0x0000000087100000|  0%| F|  |TAMS 0x0000000087000000, 0x0000000087000000| Untracked 
| 113|0x0000000087100000, 0x0000000087100000, 0x0000000087200000|  0%| F|  |TAMS 0x0000000087100000, 0x0000000087100000| Untracked 
| 114|0x0000000087200000, 0x0000000087200000, 0x0000000087300000|  0%| F|  |TAMS 0x0000000087200000, 0x0000000087200000| Untracked 
| 115|0x0000000087300000, 0x0000000087300000, 0x0000000087400000|  0%| F|  |TAMS 0x0000000087300000, 0x0000000087300000| Untracked 
| 116|0x0000000087400000, 0x0000000087400000, 0x0000000087500000|  0%| F|  |TAMS 0x0000000087400000, 0x0000000087400000| Untracked 
| 117|0x0000000087500000, 0x0000000087500000, 0x0000000087600000|  0%| F|  |TAMS 0x0000000087500000, 0x0000000087500000| Untracked 
| 118|0x0000000087600000, 0x0000000087600000, 0x0000000087700000|  0%| F|  |TAMS 0x0000000087600000, 0x0000000087600000| Untracked 
| 119|0x0000000087700000, 0x00000000877b2ba0, 0x0000000087800000| 69%| S|CS|TAMS 0x0000000087700000, 0x0000000087700000| Complete 
| 120|0x0000000087800000, 0x0000000087900000, 0x0000000087900000|100%| S|CS|TAMS 0x0000000087800000, 0x0000000087800000| Complete 
| 121|0x0000000087900000, 0x0000000087a00000, 0x0000000087a00000|100%| S|CS|TAMS 0x0000000087900000, 0x0000000087900000| Complete 
| 122|0x0000000087a00000, 0x0000000087b00000, 0x0000000087b00000|100%| S|CS|TAMS 0x0000000087a00000, 0x0000000087a00000| Complete 
| 123|0x0000000087b00000, 0x0000000087b00000, 0x0000000087c00000|  0%| F|  |TAMS 0x0000000087b00000, 0x0000000087b00000| Untracked 
| 124|0x0000000087c00000, 0x0000000087d00000, 0x0000000087d00000|100%| E|  |TAMS 0x0000000087c00000, 0x0000000087c00000| Complete 
| 125|0x0000000087d00000, 0x0000000087e00000, 0x0000000087e00000|100%| E|CS|TAMS 0x0000000087d00000, 0x0000000087d00000| Complete 
| 126|0x0000000087e00000, 0x0000000087f00000, 0x0000000087f00000|100%| E|CS|TAMS 0x0000000087e00000, 0x0000000087e00000| Complete 
| 127|0x0000000087f00000, 0x0000000088000000, 0x0000000088000000|100%| E|CS|TAMS 0x0000000087f00000, 0x0000000087f00000| Complete 
| 128|0x0000000088000000, 0x0000000088100000, 0x0000000088100000|100%| E|CS|TAMS 0x0000000088000000, 0x0000000088000000| Complete 
| 129|0x0000000088100000, 0x0000000088200000, 0x0000000088200000|100%| E|CS|TAMS 0x0000000088100000, 0x0000000088100000| Complete 
| 130|0x0000000088200000, 0x0000000088300000, 0x0000000088300000|100%| E|CS|TAMS 0x0000000088200000, 0x0000000088200000| Complete 
| 131|0x0000000088300000, 0x0000000088400000, 0x0000000088400000|100%| E|CS|TAMS 0x0000000088300000, 0x0000000088300000| Complete 
| 132|0x0000000088400000, 0x0000000088500000, 0x0000000088500000|100%| E|CS|TAMS 0x0000000088400000, 0x0000000088400000| Complete 
| 133|0x0000000088500000, 0x0000000088600000, 0x0000000088600000|100%| E|CS|TAMS 0x0000000088500000, 0x0000000088500000| Complete 
| 134|0x0000000088600000, 0x0000000088700000, 0x0000000088700000|100%| E|CS|TAMS 0x0000000088600000, 0x0000000088600000| Complete 
| 135|0x0000000088700000, 0x0000000088800000, 0x0000000088800000|100%| E|CS|TAMS 0x0000000088700000, 0x0000000088700000| Complete 
| 136|0x0000000088800000, 0x0000000088900000, 0x0000000088900000|100%| E|  |TAMS 0x0000000088800000, 0x0000000088800000| Complete 
| 137|0x0000000088900000, 0x0000000088a00000, 0x0000000088a00000|100%| E|CS|TAMS 0x0000000088900000, 0x0000000088900000| Complete 
| 138|0x0000000088a00000, 0x0000000088b00000, 0x0000000088b00000|100%| E|CS|TAMS 0x0000000088a00000, 0x0000000088a00000| Complete 
| 139|0x0000000088b00000, 0x0000000088c00000, 0x0000000088c00000|100%| E|CS|TAMS 0x0000000088b00000, 0x0000000088b00000| Complete 
| 140|0x0000000088c00000, 0x0000000088d00000, 0x0000000088d00000|100%| E|CS|TAMS 0x0000000088c00000, 0x0000000088c00000| Complete 
| 141|0x0000000088d00000, 0x0000000088e00000, 0x0000000088e00000|100%| E|CS|TAMS 0x0000000088d00000, 0x0000000088d00000| Complete 
| 142|0x0000000088e00000, 0x0000000088f00000, 0x0000000088f00000|100%| E|CS|TAMS 0x0000000088e00000, 0x0000000088e00000| Complete 
| 143|0x0000000088f00000, 0x0000000089000000, 0x0000000089000000|100%| E|CS|TAMS 0x0000000088f00000, 0x0000000088f00000| Complete 
| 144|0x0000000089000000, 0x0000000089100000, 0x0000000089100000|100%| E|CS|TAMS 0x0000000089000000, 0x0000000089000000| Complete 
| 145|0x0000000089100000, 0x0000000089200000, 0x0000000089200000|100%| E|CS|TAMS 0x0000000089100000, 0x0000000089100000| Complete 
| 146|0x0000000089200000, 0x0000000089300000, 0x0000000089300000|100%| E|CS|TAMS 0x0000000089200000, 0x0000000089200000| Complete 
| 147|0x0000000089300000, 0x0000000089400000, 0x0000000089400000|100%| E|CS|TAMS 0x0000000089300000, 0x0000000089300000| Complete 
| 148|0x0000000089400000, 0x0000000089500000, 0x0000000089500000|100%| E|CS|TAMS 0x0000000089400000, 0x0000000089400000| Complete 
| 149|0x0000000089500000, 0x0000000089600000, 0x0000000089600000|100%| E|CS|TAMS 0x0000000089500000, 0x0000000089500000| Complete 
| 150|0x0000000089600000, 0x0000000089700000, 0x0000000089700000|100%| E|CS|TAMS 0x0000000089600000, 0x0000000089600000| Complete 
| 151|0x0000000089700000, 0x0000000089800000, 0x0000000089800000|100%| E|CS|TAMS 0x0000000089700000, 0x0000000089700000| Complete 
| 152|0x0000000089800000, 0x0000000089900000, 0x0000000089900000|100%| E|CS|TAMS 0x0000000089800000, 0x0000000089800000| Complete 
| 153|0x0000000089900000, 0x0000000089a00000, 0x0000000089a00000|100%| E|CS|TAMS 0x0000000089900000, 0x0000000089900000| Complete 

Card table byte_map: [0x000001b9ad230000,0x000001b9ad630000] _byte_map_base: 0x000001b9ace30000

Marking Bits (Prev, Next): (CMBitMap*) 0x000001b99856e340, (CMBitMap*) 0x000001b99856e308
 Prev Bits: [0x000001b9afa30000, 0x000001b9b1a30000)
 Next Bits: [0x000001b9ada30000, 0x000001b9afa30000)

Polling page: 0x000001b9983c0000

Metaspace:

Usage:
  Non-class:     53.79 MB capacity,    52.85 MB ( 98%) used,   803.48 KB (  1%) free+waste,   154.69 KB ( <1%) overhead. 
      Class:      8.18 MB capacity,     7.62 MB ( 93%) used,   495.51 KB (  6%) free+waste,    72.38 KB ( <1%) overhead. 
       Both:     61.96 MB capacity,    60.47 MB ( 98%) used,     1.27 MB (  2%) free+waste,   227.06 KB ( <1%) overhead. 

Virtual space:
  Non-class space:       54.00 MB reserved,      53.95 MB (>99%) committed 
      Class space:        1.00 GB reserved,       8.25 MB ( <1%) committed 
             Both:        1.05 GB reserved,      62.20 MB (  6%) committed 

Chunk freelists:
   Non-Class:  36.00 KB
       Class:  12.00 KB
        Both:  48.00 KB

MaxMetaspaceSize: 17179869184.00 GB
CompressedClassSpaceSize: 1.00 GB

CodeHeap 'non-profiled nmethods': size=120064Kb used=3516Kb max_used=3516Kb free=116547Kb
 bounds [0x000001b9a52d0000, 0x000001b9a5640000, 0x000001b9ac810000]
CodeHeap 'profiled nmethods': size=120000Kb used=12989Kb max_used=12989Kb free=107011Kb
 bounds [0x000001b99dda0000, 0x000001b99ea50000, 0x000001b9a52d0000]
CodeHeap 'non-nmethods': size=5696Kb used=2252Kb max_used=2285Kb free=3443Kb
 bounds [0x000001b99d810000, 0x000001b99da80000, 0x000001b99dda0000]
 total_blobs=6996 nmethods=6152 adapters=755
 compilation: disabled (not enough contiguous free space left)
              stopped_count=1, restarted_count=0
 full_count=1

Compilation events (20 events):
Event: 22.663 Thread 0x000001b9b406d800 6167       3       org.gradle.internal.isolated.IsolationScheme::parameterTypeFor (115 bytes)
Event: 22.664 Thread 0x000001b9b406d800 nmethod 6167 0x000001b99ea4aa10 code [0x000001b99ea4ac80, 0x000001b99ea4b648]
Event: 22.664 Thread 0x000001b9b406d800 6169       3       org.gradle.internal.instantiation.generator.DefaultInstantiationScheme::<init> (59 bytes)
Event: 22.664 Thread 0x000001b9b406d800 nmethod 6169 0x000001b99ea4b890 code [0x000001b99ea4baa0, 0x000001b99ea4c298]
Event: 22.667 Thread 0x000001b9b406d800 6170       3       org.gradle.internal.instantiation.generator.AbstractClassGenerator$GeneratedClassImpl::getGeneratedClass (11 bytes)
Event: 22.667 Thread 0x000001b9b406d800 nmethod 6170 0x000001b99ea4c490 code [0x000001b99ea4c640, 0x000001b99ea4c798]
Event: 22.668 Thread 0x000001b9b406d800 6171       3       org.gradle.internal.instantiation.generator.DefaultInstantiationScheme::withServices (25 bytes)
Event: 22.668 Thread 0x000001b9b406d800 nmethod 6171 0x000001b99ea4c890 code [0x000001b99ea4ca40, 0x000001b99ea4cbe8]
Event: 22.674 Thread 0x000001b9b406d800 6172       3       org.gradle.internal.ImmutableActionSet::empty (10 bytes)
Event: 22.674 Thread 0x000001b9b406d800 nmethod 6172 0x000001b99ea4cc90 code [0x000001b99ea4ce40, 0x000001b99ea4cf78]
Event: 22.705 Thread 0x000001b9b406d800 6173  s    3       java.util.jar.JarFile::getInputStream (72 bytes)
Event: 22.706 Thread 0x000001b9b406d800 nmethod 6173 0x000001b99ea4d010 code [0x000001b99ea4d240, 0x000001b99ea4d858]
Event: 22.710 Thread 0x000001b9b4063000 nmethod 6163 0x000001b9a563aa10 code [0x000001b9a563ace0, 0x000001b9a563d8c0]
Event: 22.714 Thread 0x000001b9b4063000 6174   !   4       jdk.internal.loader.Resource::getBytes (242 bytes)
Event: 22.715 Thread 0x000001b9b406d800 6175       3       java.security.CodeSource::getCertificates (98 bytes)
Event: 22.716 Thread 0x000001b9b406d800 nmethod 6175 0x000001b99ea4da10 code [0x000001b99ea4dc80, 0x000001b99ea4e7c8]
Event: 22.758 Thread 0x000001b9b406d800 6177       3       jdk.internal.loader.URLClassPath$JarLoader$2::getManifest (26 bytes)
Event: 22.758 Thread 0x000001b9b406d800 nmethod 6177 0x000001b99ea4eb10 code [0x000001b99ea4ed20, 0x000001b99ea4f1c8]
Event: 22.772 Thread 0x000001b9b406d800 6178  s!   3       java.util.jar.JarFile::ensureInitialization (74 bytes)
Event: 22.773 Thread 0x000001b9b406d800 


GC Heap History (20 events):
Event: 5.954 GC heap before
{Heap before GC invocations=2 (full 0):
 garbage-first heap   total 131072K, used 47967K [0x0000000080000000, 0x0000000100000000)
  region size 1024K, 40 young (40960K), 2 survivors (2048K)
 Metaspace       used 10898K, capacity 11139K, committed 11264K, reserved 1058816K
  class space    used 1134K, capacity 1206K, committed 1280K, reserved 1048576K
}
Event: 5.960 GC heap after
{Heap after GC invocations=3 (full 0):
 garbage-first heap   total 131072K, used 13591K [0x0000000080000000, 0x0000000100000000)
  region size 1024K, 5 young (5120K), 5 survivors (5120K)
 Metaspace       used 10898K, capacity 11139K, committed 11264K, reserved 1058816K
  class space    used 1134K, capacity 1206K, committed 1280K, reserved 1048576K
}
Event: 7.614 GC heap before
{Heap before GC invocations=3 (full 0):
 garbage-first heap   total 131072K, used 68887K [0x0000000080000000, 0x0000000100000000)
  region size 1024K, 59 young (60416K), 5 survivors (5120K)
 Metaspace       used 20073K, capacity 20426K, committed 20608K, reserved 1067008K
  class space    used 2462K, capacity 2623K, committed 2688K, reserved 1048576K
}
Event: 7.628 GC heap after
{Heap after GC invocations=4 (full 0):
 garbage-first heap   total 131072K, used 16675K [0x0000000080000000, 0x0000000100000000)
  region size 1024K, 7 young (7168K), 7 survivors (7168K)
 Metaspace       used 20073K, capacity 20426K, committed 20608K, reserved 1067008K
  class space    used 2462K, capacity 2623K, committed 2688K, reserved 1048576K
}
Event: 7.735 GC heap before
{Heap before GC invocations=4 (full 0):
 garbage-first heap   total 131072K, used 19747K [0x0000000080000000, 0x0000000100000000)
  region size 1024K, 11 young (11264K), 7 survivors (7168K)
 Metaspace       used 20698K, capacity 21112K, committed 21248K, reserved 1067008K
  class space    used 2547K, capacity 2707K, committed 2816K, reserved 1048576K
}
Event: 7.743 GC heap after
{Heap after GC invocations=5 (full 0):
 garbage-first heap   total 131072K, used 16906K [0x0000000080000000, 0x0000000100000000)
  region size 1024K, 4 young (4096K), 4 survivors (4096K)
 Metaspace       used 20698K, capacity 21112K, committed 21248K, reserved 1067008K
  class space    used 2547K, capacity 2707K, committed 2816K, reserved 1048576K
}
Event: 8.746 GC heap before
{Heap before GC invocations=6 (full 0):
 garbage-first heap   total 131072K, used 70154K [0x0000000080000000, 0x0000000100000000)
  region size 1024K, 56 young (57344K), 4 survivors (4096K)
 Metaspace       used 25984K, capacity 26579K, committed 26752K, reserved 1073152K
  class space    used 3407K, capacity 3618K, committed 3712K, reserved 1048576K
}
Event: 8.754 GC heap after
{Heap after GC invocations=7 (full 0):
 garbage-first heap   total 131072K, used 18947K [0x0000000080000000, 0x0000000100000000)
  region size 1024K, 6 young (6144K), 6 survivors (6144K)
 Metaspace       used 25984K, capacity 26579K, committed 26752K, reserved 1073152K
  class space    used 3407K, capacity 3618K, committed 3712K, reserved 1048576K
}
Event: 10.328 GC heap before
{Heap before GC invocations=7 (full 0):
 garbage-first heap   total 131072K, used 72195K [0x0000000080000000, 0x0000000100000000)
  region size 1024K, 60 young (61440K), 6 survivors (6144K)
 Metaspace       used 35046K, capacity 35769K, committed 35840K, reserved 1081344K
  class space    used 4538K, capacity 4812K, committed 4864K, reserved 1048576K
}
Event: 10.342 GC heap after
{Heap after GC invocations=8 (full 0):
 garbage-first heap   total 131072K, used 22515K [0x0000000080000000, 0x0000000100000000)
  region size 1024K, 6 young (6144K), 6 survivors (6144K)
 Metaspace       used 35046K, capacity 35769K, committed 35840K, reserved 1081344K
  class space    used 4538K, capacity 4812K, committed 4864K, reserved 1048576K
}
Event: 11.807 GC heap before
{Heap before GC invocations=9 (full 0):
 garbage-first heap   total 131072K, used 82931K [0x0000000080000000, 0x0000000100000000)
  region size 1024K, 63 young (64512K), 6 survivors (6144K)
 Metaspace       used 40187K, capacity 41107K, committed 41216K, reserved 1085440K
  class space    used 5182K, capacity 5533K, committed 5632K, reserved 1048576K
}
Event: 11.825 GC heap after
{Heap after GC invocations=10 (full 0):
 garbage-first heap   total 131072K, used 26687K [0x0000000080000000, 0x0000000100000000)
  region size 1024K, 8 young (8192K), 8 survivors (8192K)
 Metaspace       used 40187K, capacity 41107K, committed 41216K, reserved 1085440K
  class space    used 5182K, capacity 5533K, committed 5632K, reserved 1048576K
}
Event: 12.993 GC heap before
{Heap before GC invocations=10 (full 0):
 garbage-first heap   total 131072K, used 87103K [0x0000000080000000, 0x0000000100000000)
  region size 1024K, 66 young (67584K), 8 survivors (8192K)
 Metaspace       used 45038K, capacity 46160K, committed 46464K, reserved 1089536K
  class space    used 5785K, capacity 6197K, committed 6272K, reserved 1048576K
}
Event: 13.008 GC heap after
{Heap after GC invocations=11 (full 0):
 garbage-first heap   total 131072K, used 29171K [0x0000000080000000, 0x0000000100000000)
  region size 1024K, 7 young (7168K), 7 survivors (7168K)
 Metaspace       used 45038K, capacity 46160K, committed 46464K, reserved 1089536K
  class space    used 5785K, capacity 6197K, committed 6272K, reserved 1048576K
}
Event: 19.645 GC heap before
{Heap before GC invocations=11 (full 0):
 garbage-first heap   total 131072K, used 95731K [0x0000000080000000, 0x0000000100000000)
  region size 1024K, 67 young (68608K), 7 survivors (7168K)
 Metaspace       used 47307K, capacity 48584K, committed 48768K, reserved 1091584K
  class space    used 6029K, capacity 6444K, committed 6528K, reserved 1048576K
}
Event: 19.670 GC heap after
{Heap after GC invocations=12 (full 0):
 garbage-first heap   total 131072K, used 42913K [0x0000000080000000, 0x0000000100000000)
  region size 1024K, 9 young (9216K), 9 survivors (9216K)
 Metaspace       used 47307K, capacity 48584K, committed 48768K, reserved 1091584K
  class space    used 6029K, capacity 6444K, committed 6528K, reserved 1048576K
}
Event: 21.155 GC heap before
{Heap before GC invocations=12 (full 0):
 garbage-first heap   total 131072K, used 95137K [0x0000000080000000, 0x0000000100000000)
  region size 1024K, 60 young (61440K), 9 survivors (9216K)
 Metaspace       used 53469K, capacity 54938K, committed 55040K, reserved 1097728K
  class space    used 6831K, capacity 7353K, committed 7424K, reserved 1048576K
}
Event: 21.172 GC heap after
{Heap after GC invocations=13 (full 0):
 garbage-first heap   total 157696K, used 46760K [0x0000000080000000, 0x0000000100000000)
  region size 1024K, 4 young (4096K), 4 survivors (4096K)
 Metaspace       used 53469K, capacity 54938K, committed 55040K, reserved 1097728K
  class space    used 6831K, capacity 7353K, committed 7424K, reserved 1048576K
}
Event: 22.004 GC heap before
{Heap before GC invocations=13 (full 0):
 garbage-first heap   total 157696K, used 77480K [0x0000000080000000, 0x0000000100000000)
  region size 1024K, 35 young (35840K), 4 survivors (4096K)
 Metaspace       used 58415K, capacity 59961K, committed 60160K, reserved 1101824K
  class space    used 7370K, capacity 7914K, committed 7936K, reserved 1048576K
}
Event: 22.014 GC heap after
{Heap after GC invocations=14 (full 0):
 garbage-first heap   total 157696K, used 46794K [0x0000000080000000, 0x0000000100000000)
  region size 1024K, 4 young (4096K), 4 survivors (4096K)
 Metaspace       used 58415K, capacity 59961K, committed 60160K, reserved 1101824K
  class space    used 7370K, capacity 7914K, committed 7936K, reserved 1048576K
}

Deoptimization events (20 events):
Event: 22.530 Thread 0x000001b9b634f000 DEOPT PACKING pc=0x000001b99ea30b28 sp=0x0000003c73df3cc0
Event: 22.530 Thread 0x000001b9b634f000 DEOPT UNPACKING pc=0x000001b99d83764e sp=0x0000003c73df3178 mode 0
Event: 22.530 Thread 0x000001b9b634f000 DEOPT PACKING pc=0x000001b99ea30b28 sp=0x0000003c73df3cc0
Event: 22.530 Thread 0x000001b9b634f000 DEOPT UNPACKING pc=0x000001b99d83764e sp=0x0000003c73df3178 mode 0
Event: 22.530 Thread 0x000001b9b634f000 DEOPT PACKING pc=0x000001b99ea30b28 sp=0x0000003c73df3cc0
Event: 22.530 Thread 0x000001b9b634f000 DEOPT UNPACKING pc=0x000001b99d83764e sp=0x0000003c73df3178 mode 0
Event: 22.533 Thread 0x000001b9b634f000 DEOPT PACKING pc=0x000001b99ea30b28 sp=0x0000003c73df3cc0
Event: 22.533 Thread 0x000001b9b634f000 DEOPT UNPACKING pc=0x000001b99d83764e sp=0x0000003c73df3178 mode 0
Event: 22.533 Thread 0x000001b9b634f000 DEOPT PACKING pc=0x000001b99ea30b28 sp=0x0000003c73df3cc0
Event: 22.533 Thread 0x000001b9b634f000 DEOPT UNPACKING pc=0x000001b99d83764e sp=0x0000003c73df3178 mode 0
Event: 22.533 Thread 0x000001b9b634f000 DEOPT PACKING pc=0x000001b99ea30b28 sp=0x0000003c73df3cc0
Event: 22.534 Thread 0x000001b9b634f000 DEOPT UNPACKING pc=0x000001b99d83764e sp=0x0000003c73df3178 mode 0
Event: 22.544 Thread 0x000001b9b634f000 Uncommon trap: trap_request=0xffffff4d fr.pc=0x000001b9a55e893c relative=0x000000000000009c
Event: 22.544 Thread 0x000001b9b634f000 Uncommon trap: reason=unstable_if action=reinterpret pc=0x000001b9a55e893c method=java.security.CodeSource.matchCerts(Ljava/security/CodeSource;Z)Z @ 11 c2
Event: 22.544 Thread 0x000001b9b634f000 DEOPT PACKING pc=0x000001b9a55e893c sp=0x0000003c73df0fa0
Event: 22.544 Thread 0x000001b9b634f000 DEOPT UNPACKING pc=0x000001b99d83782f sp=0x0000003c73df0f38 mode 2
Event: 22.789 Thread 0x000001b9b634f000 Uncommon trap: trap_request=0xffffff4d fr.pc=0x000001b9a5596b10 relative=0x0000000000002ed0
Event: 22.789 Thread 0x000001b9b634f000 Uncommon trap: reason=unstable_if action=reinterpret pc=0x000001b9a5596b10 method=java.util.regex.Pattern.has(I)Z @ 6 c2
Event: 22.789 Thread 0x000001b9b634f000 DEOPT PACKING pc=0x000001b9a5596b10 sp=0x0000003c73df7020
Event: 22.789 Thread 0x000001b9b634f000 DEOPT UNPACKING pc=0x000001b99d83782f sp=0x0000003c73df6fa0 mode 2

Classes redefined (0 events):
No events

Internal exceptions (20 events):
Event: 20.005 Thread 0x000001b9b6329000 Exception <a 'java/lang/NoSuchMethodError'{0x0000000087404208}: <clinit>> (0x0000000087404208) thrown at [./src/hotspot/share/prims/jni.cpp, line 1362]
Event: 20.005 Thread 0x000001b9b6329000 Exception <a 'java/lang/NoSuchMethodError'{0x0000000087405228}: <clinit>> (0x0000000087405228) thrown at [./src/hotspot/share/prims/jni.cpp, line 1362]
Event: 20.008 Thread 0x000001b9b6329000 Exception <a 'java/lang/NoSuchMethodError'{0x0000000087417b70}: <clinit>> (0x0000000087417b70) thrown at [./src/hotspot/share/prims/jni.cpp, line 1362]
Event: 20.009 Thread 0x000001b9b6329000 Exception <a 'java/lang/NoSuchMethodError'{0x00000000874220c0}: <clinit>> (0x00000000874220c0) thrown at [./src/hotspot/share/prims/jni.cpp, line 1362]
Event: 20.012 Thread 0x000001b9b634f000 Exception <a 'java/lang/NoSuchMethodError'{0x00000000875c6950}: 'void java.lang.invoke.DirectMethodHandle$Holder.invokeInterface(java.lang.Object, java.lang.Object)'> (0x00000000875c6950) thrown at [./src/hotspot/share/interpreter/linkResolver.cpp, line 773]
Event: 20.014 Thread 0x000001b9b6329000 Exception <a 'java/lang/NoSuchMethodError'{0x0000000087435f18}: <clinit>> (0x0000000087435f18) thrown at [./src/hotspot/share/prims/jni.cpp, line 1362]
Event: 20.082 Thread 0x000001b9b634f000 Exception <a 'java/lang/ClassNotFoundException'{0x0000000087266210}: org/gradle/api/internal/plugins/DefaultObjectConfigurationActionBeanInfo> (0x0000000087266210) thrown at [./src/hotspot/share/classfile/systemDictionary.cpp, line 231]
Event: 20.083 Thread 0x000001b9b634f000 Exception <a 'java/lang/ClassNotFoundException'{0x000000008729b120}: org/gradle/api/internal/plugins/DefaultObjectConfigurationActionCustomizer> (0x000000008729b120) thrown at [./src/hotspot/share/classfile/systemDictionary.cpp, line 231]
Event: 20.396 Thread 0x000001b9b634f000 Exception <a 'java/lang/NoSuchMethodError'{0x00000000868f9890}: 'java.lang.Object java.lang.invoke.DirectMethodHandle$Holder.invokeStatic(java.lang.Object, java.lang.Object, java.lang.Object, java.lang.Object, int)'> (0x00000000868f9890) thrown at [./src/hotspot/share/interpreter/linkResolver.cpp, line 773]
Event: 20.397 Thread 0x000001b9b634f000 Exception <a 'java/lang/NoSuchMethodError'{0x0000000086704468}: 'java.lang.Object java.lang.invoke.DirectMethodHandle$Holder.invokeSpecial(java.lang.Object, java.lang.Object, java.lang.Object, java.lang.Object, java.lang.Object, int)'> (0x0000000086704468) thrown at [./src/hotspot/share/interpreter/linkResolver.cpp, line 773]
Event: 20.397 Thread 0x000001b9b634f000 Exception <a 'java/lang/NoSuchMethodError'{0x0000000086708aa8}: 'java.lang.Object java.lang.invoke.Invokers$Holder.linkToTargetMethod(java.lang.Object, java.lang.Object, java.lang.Object, int, java.lang.Object)'> (0x0000000086708aa8) thrown at [./src/hotspot/share/interpreter/linkResolver.cpp, line 773]
Event: 20.481 Thread 0x000001b9b634f000 Implicit null exception at 0x000001b9a555d692 to 0x000001b9a555db2c
Event: 20.784 Thread 0x000001b9b634f000 Exception <a 'java/lang/NoSuchMethodError'{0x00000000859a2138}: 'java.lang.Object java.lang.invoke.DirectMethodHandle$Holder.invokeSpecial(java.lang.Object, java.lang.Object, int, int, java.lang.Object, java.lang.Object, java.lang.Object)'> (0x00000000859a2138) thrown at [./src/hotspot/share/interpreter/linkResolver.cpp, line 773]
Event: 20.785 Thread 0x000001b9b634f000 Exception <a 'java/lang/NoSuchMethodError'{0x00000000859a66b8}: 'java.lang.Object java.lang.invoke.DelegatingMethodHandle$Holder.reinvoke_L(java.lang.Object, int, int, java.lang.Object, java.lang.Object, java.lang.Object)'> (0x00000000859a66b8) thrown at [./src/hotspot/share/interpreter/linkResolver.cpp, line 773]
Event: 21.137 Thread 0x000001b9b634f000 Exception <a 'java/lang/NoSuchMethodError'{0x0000000084d45790}: 'int java.lang.invoke.DirectMethodHandle$Holder.invokeInterface(java.lang.Object, java.lang.Object, java.lang.Object, java.lang.Object)'> (0x0000000084d45790) thrown at [./src/hotspot/share/interpreter/linkResolver.cpp, line 773]
Event: 21.743 Thread 0x000001b9b634f000 Exception <a 'java/lang/NoSuchMethodError'{0x000000008833d208}: 'void java.lang.invoke.DirectMethodHandle$Holder.invokeInterface(java.lang.Object, java.lang.Object, java.lang.Object, java.lang.Object)'> (0x000000008833d208) thrown at [./src/hotspot/share/interpreter/linkResolver.cpp, line 773]
Event: 22.002 Thread 0x000001b9b634f000 Exception <a 'java/lang/IncompatibleClassChangeError'{0x0000000087bb5108}: Found class java.lang.Object, but interface was expected> (0x0000000087bb5108) thrown at [./src/hotspot/share/interpreter/linkResolver.cpp, line 839]
Event: 22.138 Thread 0x000001b9b634f000 Implicit null exception at 0x000001b9a55c50d4 to 0x000001b9a55c5250
Event: 22.283 Thread 0x000001b9b634f000 Implicit null exception at 0x000001b9a542270b to 0x000001b9a54227e4
Event: 22.673 Thread 0x000001b9b634f000 Exception <a 'sun/nio/fs/WindowsException'{0x00000000883c8448}> (0x00000000883c8448) thrown at [./src/hotspot/share/prims/jni.cpp, line 615]

Events (20 events):
Event: 22.788 loading class com/android/utils/StringHelper
Event: 22.788 loading class com/android/utils/StringHelper done
Event: 22.791 loading class com/android/builder/core/AbstractProductFlavor$DimensionRequest
Event: 22.791 loading class com/android/builder/core/AbstractProductFlavor$DimensionRequest done
Event: 22.791 loading class kotlin/ReplaceWith
Event: 22.791 loading class kotlin/ReplaceWith done
Event: 22.792 loading class kotlin/jvm/JvmStatic
Event: 22.792 loading class kotlin/jvm/JvmStatic done
Event: 22.792 loading class kotlin/jvm/JvmStatic
Event: 22.792 loading class kotlin/jvm/JvmStatic done
Event: 22.794 loading class com/android/builder/model/ClassField
Event: 22.794 loading class com/android/builder/model/ClassField done
Event: 22.794 loading class org/gradle/api/Incubating
Event: 22.794 loading class org/gradle/api/Incubating done
Event: 22.798 loading class com/android/build/gradle/internal/dsl/decorator/DslDecorator$findAbstractProperties$1$2
Event: 22.798 loading class com/android/build/gradle/internal/dsl/decorator/DslDecorator$findAbstractProperties$1$2 done
Event: 22.798 loading class com/android/build/gradle/internal/dsl/decorator/DslDecorator$findAbstractProperties$1$3
Event: 22.798 loading class com/android/build/gradle/internal/dsl/decorator/DslDecorator$findAbstractProperties$1$3 done
Event: 22.799 loading class kotlin/jvm/internal/CollectionToArray
Event: 22.799 loading class kotlin/jvm/internal/CollectionToArray done


Dynamic libraries:
0x00007ff6b75c0000 - 0x00007ff6b75ca000 	D:\temp\android-studio\jre\bin\java.exe
0x00007ffb750e0000 - 0x00007ffb752d0000 	C:\WINDOWS\SYSTEM32\ntdll.dll
0x00007ffb73360000 - 0x00007ffb73412000 	C:\WINDOWS\System32\KERNEL32.DLL
0x00007ffb72880000 - 0x00007ffb72b25000 	C:\WINDOWS\System32\KERNELBASE.dll
0x00007ffb73040000 - 0x00007ffb7313a000 	C:\WINDOWS\System32\ucrtbase.dll
0x00007ffb6de50000 - 0x00007ffb6de67000 	D:\temp\android-studio\jre\bin\VCRUNTIME140.dll
0x00007ffb6e7a0000 - 0x00007ffb6e7b9000 	D:\temp\android-studio\jre\bin\jli.dll
0x00007ffb73f00000 - 0x00007ffb74094000 	C:\WINDOWS\System32\USER32.dll
0x00007ffb72c40000 - 0x00007ffb72c61000 	C:\WINDOWS\System32\win32u.dll
0x00007ffb74160000 - 0x00007ffb74186000 	C:\WINDOWS\System32\GDI32.dll
0x00007ffb652d0000 - 0x00007ffb65554000 	C:\WINDOWS\WinSxS\amd64_microsoft.windows.common-controls_6595b64144ccf1df_6.0.18362.1556_none_9e7e372fe45e41d5\COMCTL32.dll
0x00007ffb73710000 - 0x00007ffb737ae000 	C:\WINDOWS\System32\msvcrt.dll
0x00007ffb72d10000 - 0x00007ffb72ea8000 	C:\WINDOWS\System32\gdi32full.dll
0x00007ffb74be0000 - 0x00007ffb74f16000 	C:\WINDOWS\System32\combase.dll
0x00007ffb72c70000 - 0x00007ffb72d0e000 	C:\WINDOWS\System32\msvcp_win.dll
0x00007ffb73240000 - 0x00007ffb7335f000 	C:\WINDOWS\System32\RPCRT4.dll
0x00007ffb72050000 - 0x00007ffb720d1000 	C:\WINDOWS\System32\bcryptPrimitives.dll
0x00007ffb73ed0000 - 0x00007ffb73efe000 	C:\WINDOWS\System32\IMM32.DLL
0x00007ffb5fcf0000 - 0x00007ffb5fd8d000 	D:\temp\android-studio\jre\bin\msvcp140.dll
0x00007ffb46b00000 - 0x00007ffb475cf000 	D:\temp\android-studio\jre\bin\server\jvm.dll
0x00007ffb73190000 - 0x00007ffb73233000 	C:\WINDOWS\System32\ADVAPI32.dll
0x00007ffb73ca0000 - 0x00007ffb73d37000 	C:\WINDOWS\System32\sechost.dll
0x00007ffb74930000 - 0x00007ffb74938000 	C:\WINDOWS\System32\PSAPI.DLL
0x00007ffb70100000 - 0x00007ffb70109000 	C:\WINDOWS\SYSTEM32\WSOCK32.dll
0x00007ffb6ffa0000 - 0x00007ffb6ffc4000 	C:\WINDOWS\SYSTEM32\WINMM.dll
0x00007ffb734f0000 - 0x00007ffb7355f000 	C:\WINDOWS\System32\WS2_32.dll
0x00007ffb68630000 - 0x00007ffb6863a000 	C:\WINDOWS\SYSTEM32\VERSION.dll
0x00007ffb6fc00000 - 0x00007ffb6fc2d000 	C:\WINDOWS\SYSTEM32\winmmbase.dll
0x00007ffb73140000 - 0x00007ffb7318a000 	C:\WINDOWS\System32\cfgmgr32.dll
0x00007ffb71fa0000 - 0x00007ffb71fb1000 	C:\WINDOWS\System32\kernel.appcore.dll
0x00007ffb61d10000 - 0x00007ffb61d21000 	D:\temp\android-studio\jre\bin\verify.dll
0x00007ffb675c0000 - 0x00007ffb677b4000 	C:\WINDOWS\SYSTEM32\DBGHELP.DLL
0x00007ffb67440000 - 0x00007ffb6746a000 	C:\WINDOWS\SYSTEM32\dbgcore.DLL
0x00007ffb61ce0000 - 0x00007ffb61d09000 	D:\temp\android-studio\jre\bin\java.dll
0x00007ffb6de40000 - 0x00007ffb6de4b000 	D:\temp\android-studio\jre\bin\jimage.dll
0x00007ffb61290000 - 0x00007ffb612a8000 	D:\temp\android-studio\jre\bin\zip.dll
0x00007ffb74240000 - 0x00007ffb74927000 	C:\WINDOWS\System32\SHELL32.dll
0x00007ffb74190000 - 0x00007ffb74238000 	C:\WINDOWS\System32\shcore.dll
0x00007ffb72100000 - 0x00007ffb7287b000 	C:\WINDOWS\System32\windows.storage.dll
0x00007ffb72030000 - 0x00007ffb7204e000 	C:\WINDOWS\System32\profapi.dll
0x00007ffb71fe0000 - 0x00007ffb7202a000 	C:\WINDOWS\System32\powrprof.dll
0x00007ffb71f90000 - 0x00007ffb71fa0000 	C:\WINDOWS\System32\UMPDC.dll
0x00007ffb73d40000 - 0x00007ffb73d92000 	C:\WINDOWS\System32\shlwapi.dll
0x00007ffb720e0000 - 0x00007ffb720f7000 	C:\WINDOWS\System32\cryptsp.dll
0x00007ffb60e90000 - 0x00007ffb60eaa000 	D:\temp\android-studio\jre\bin\net.dll
0x00007ffb6dac0000 - 0x00007ffb6dbba000 	C:\WINDOWS\SYSTEM32\WINHTTP.dll
0x00007ffb71770000 - 0x00007ffb717d7000 	C:\WINDOWS\system32\mswsock.dll
0x00007ffb60e70000 - 0x00007ffb60e84000 	D:\temp\android-studio\jre\bin\nio.dll
0x00007ffb6e7c0000 - 0x00007ffb6e7e7000 	C:\Users\AgamiSoft\.gradle\native\8bec1ad78214c89d9ad589b4d07fe93259594b29d510b10fafb7a158f7737e5d\windows-amd64\native-platform.dll
0x00007ffb61520000 - 0x00007ffb6165d000 	C:\Users\AgamiSoft\.gradle\native\53dbd7edfb1c66fb8903c78663c9afc45aea4f116125fa6feffd364cf09443e8\windows-amd64\native-platform-file-events.dll
0x00007ffb6cbb0000 - 0x00007ffb6cbba000 	D:\temp\android-studio\jre\bin\management.dll
0x00007ffb61280000 - 0x00007ffb6128c000 	D:\temp\android-studio\jre\bin\management_ext.dll
0x00007ffb712f0000 - 0x00007ffb71323000 	C:\WINDOWS\system32\rsaenh.dll
0x00007ffb72eb0000 - 0x00007ffb72ed6000 	C:\WINDOWS\System32\bcrypt.dll
0x00007ffb71e80000 - 0x00007ffb71ea5000 	C:\WINDOWS\SYSTEM32\USERENV.dll
0x00007ffb71940000 - 0x00007ffb7194c000 	C:\WINDOWS\SYSTEM32\CRYPTBASE.dll
0x00007ffb71480000 - 0x00007ffb714ba000 	C:\WINDOWS\SYSTEM32\IPHLPAPI.DLL
0x00007ffb75090000 - 0x00007ffb75098000 	C:\WINDOWS\System32\NSI.dll
0x00007ffb6bac0000 - 0x00007ffb6bad6000 	C:\WINDOWS\SYSTEM32\dhcpcsvc6.DLL
0x00007ffb6ba10000 - 0x00007ffb6ba2c000 	C:\WINDOWS\SYSTEM32\dhcpcsvc.DLL
0x00007ffb714c0000 - 0x00007ffb7158b000 	C:\WINDOWS\SYSTEM32\DNSAPI.dll

dbghelp: loaded successfully - version: 4.0.5 - missing functions: none
symbol engine: initialized successfully - sym options: 0x614 - pdb path: .;D:\temp\android-studio\jre\bin;C:\WINDOWS\SYSTEM32;C:\WINDOWS\WinSxS\amd64_microsoft.windows.common-controls_6595b64144ccf1df_6.0.18362.1556_none_9e7e372fe45e41d5;D:\temp\android-studio\jre\bin\server;C:\Users\AgamiSoft\.gradle\native\8bec1ad78214c89d9ad589b4d07fe93259594b29d510b10fafb7a158f7737e5d\windows-amd64;C:\Users\AgamiSoft\.gradle\native\53dbd7edfb1c66fb8903c78663c9afc45aea4f116125fa6feffd364cf09443e8\windows-amd64

VM Arguments:
jvm_args: --add-opens=java.base/java.util=ALL-UNNAMED --add-opens=java.base/java.lang=ALL-UNNAMED --add-opens=java.base/java.lang.invoke=ALL-UNNAMED --add-opens=java.base/java.util=ALL-UNNAMED --add-opens=java.prefs/java.util.prefs=ALL-UNNAMED --add-opens=java.prefs/java.util.prefs=ALL-UNNAMED --add-opens=java.base/java.nio.charset=ALL-UNNAMED --add-opens=java.base/java.net=ALL-UNNAMED --add-opens=java.base/java.util.concurrent.atomic=ALL-UNNAMED -Xmx2048m -Dfile.encoding=UTF-8 -Duser.country=US -Duser.language=en -Duser.variant 
java_command: org.gradle.launcher.daemon.bootstrap.GradleDaemon 7.1
java_class_path (initial): C:\Users\AgamiSoft\.gradle\wrapper\dists\gradle-7.1-all\9ccjyfn4kvk7v1w1wbmf8rhqp\gradle-7.1\lib\gradle-launcher-7.1.jar
Launcher Type: SUN_STANDARD

[Global flags]
     intx CICompilerCount                          = 3                                         {product} {ergonomic}
     uint ConcGCThreads                            = 1                                         {product} {ergonomic}
     uint G1ConcRefinementThreads                  = 4                                         {product} {ergonomic}
   size_t G1HeapRegionSize                         = 1048576                                   {product} {ergonomic}
    uintx GCDrainStackTargetSize                   = 64                                        {product} {ergonomic}
   size_t InitialHeapSize                          = 134217728                                 {product} {ergonomic}
   size_t MarkStackSize                            = 4194304                                   {product} {ergonomic}
   size_t MaxHeapSize                              = 2147483648                                {product} {command line}
   size_t MaxNewSize                               = 1287651328                                {product} {ergonomic}
   size_t MinHeapDeltaBytes                        = 1048576                                   {product} {ergonomic}
    uintx NonNMethodCodeHeapSize                   = 5830732                                {pd product} {ergonomic}
    uintx NonProfiledCodeHeapSize                  = 122913754                              {pd product} {ergonomic}
    uintx ProfiledCodeHeapSize                     = 122913754                              {pd product} {ergonomic}
    uintx ReservedCodeCacheSize                    = 251658240                              {pd product} {ergonomic}
     bool SegmentedCodeCache                       = true                                      {product} {ergonomic}
     bool UseCompressedClassPointers               = true                                 {lp64_product} {ergonomic}
     bool UseCompressedOops                        = true                                 {lp64_product} {ergonomic}
     bool UseG1GC                                  = true                                      {product} {ergonomic}
     bool UseLargePagesIndividualAllocation        = false                                  {pd product} {ergonomic}

Logging:
Log output configuration:
 #0: stdout all=warning uptime,level,tags
 #1: stderr all=off uptime,level,tags

Environment Variables:
JAVA_HOME=C:\Program Files\Java\jdk1.8.0_211
CLASSPATH=.;
PATH=C:\WINDOWS\system32;C:\WINDOWS;C:\WINDOWS\System32\Wbem;C:\WINDOWS\System32\WindowsPowerShell\v1.0\;C:\WINDOWS\System32\OpenSSH\;C:\src\dart-sdk\bin;C:\src\flutter\bin;C:\Program Files\Git\cmd;C:\ProgramData\chocolatey\bin;C:\Program Files\Java\jdk1.8.0_211\bin;D:\flutter\src\flutter\bin;C:\Program Files\JetBrains\PhpStorm 2020.3.1\bin;;D:\VS code\bin
USERNAME=AgamiSoft
OS=Windows_NT
PROCESSOR_IDENTIFIER=Intel64 Family 6 Model 42 Stepping 7, GenuineIntel



---------------  S Y S T E M  ---------------

OS: Windows 10 , 64 bit Build 18362 (10.0.18362.1500)
OS uptime: 0 days 6:15 hours

CPU:total 4 (initial active 4) (2 cores per cpu, 2 threads per core) family 6 model 42 stepping 7 microcode 0x2f, cmov, cx8, fxsr, mmx, sse, sse2, sse3, ssse3, sse4.1, sse4.2, popcnt, avx, clmul, ht, tsc, tscinvbit

Memory: 4k page, system-wide physical 8092M (698M free)
TotalPageFile size 10502M (AvailPageFile size 0M)
current process WorkingSet (physical memory assigned to process): 337M, peak: 337M
current process commit charge ("private bytes"): 378M, peak: 378M

vm_info: OpenJDK 64-Bit Server VM (11.0.10+0-b96-7249189) for windows-amd64 JRE (11.0.10+0-b96-7249189), built on Mar 31 2021 21:44:00 by "builder" with MS VC++ 14.0 (VS2015)

END.
